00:00:00.099671 VirtualBox VM 6.1.26 r145957 linux.amd64 (Jul 28 2021 20:12:18) release log
00:00:00.099677 Log opened 2021-10-26T03:01:43.712878000Z
00:00:00.099679 Build Type: release
00:00:00.099689 OS Product: Linux
00:00:00.099693 OS Release: 5.11.0-37-generic
00:00:00.099697 OS Version: #41~20.04.2-Ubuntu SMP Fri Sep 24 09:06:38 UTC 2021
00:00:00.099765 DMI Product Name: Vostro 3578
00:00:00.099792 DMI Product Version: 
00:00:00.099822 Firmware type: BIOS
00:00:00.099941 Host RAM: 7718MB (7.5GB) total, 5077MB (4.9GB) available
00:00:00.099953 Executable: /usr/lib/virtualbox/VBoxHeadless
00:00:00.099954 Process ID: 8947
00:00:00.099956 Package type: LINUX_64BITS_UBUNTU_19_10
00:00:00.213788 Installed Extension Packs:
00:00:00.213788   None installed!
00:00:00.220153 Console: Machine state changed to 'Starting'
00:00:00.361211 SUP: Opened VMMR0.r0 (/usr/lib/virtualbox/VMMR0.r0) at 0xXXXXXXXXXXXXXXXX.
00:00:00.370152 Guest OS type: 'Ubuntu_64'
00:00:00.383611 fHMForced=true - No raw-mode support in this build!
00:00:00.395676 File system of '/home/harsh/Downloads/CNLab/lab7/lab7_network/VMImages/h2/Snapshots' (snapshots) is ext4
00:00:00.395682 File system of '/home/harsh/Downloads/CNLab/lab7/lab7_network/VMImages/h2/Snapshots/{a52678ea-7277-4541-8ef7-7de3ae5f7645}.vdi' is ext4
00:00:00.411016 Shared Clipboard: Service loaded
00:00:00.411023 Shared Clipboard: Mode: Off
00:00:00.411054 Shared Clipboard: Service running in headless mode
00:00:00.411554 Drag and drop service loaded
00:00:00.411558 Drag and drop mode: Off
00:00:00.412739 ************************* CFGM dump *************************
00:00:00.412742 [/] (level 0)
00:00:00.412747   CpuExecutionCap   <integer> = 0x0000000000000064 (100)
00:00:00.412750   EnablePAE         <integer> = 0x0000000000000000 (0)
00:00:00.412751   HMEnabled         <integer> = 0x0000000000000001 (1)
00:00:00.412751   MemBalloonSize    <integer> = 0x0000000000000000 (0)
00:00:00.412752   Name              <string>  = "h2" (cb=3)
00:00:00.412753   NumCPUs           <integer> = 0x0000000000000001 (1)
00:00:00.412753   PageFusionAllowed <integer> = 0x0000000000000000 (0)
00:00:00.412754   RamHoleSize       <integer> = 0x0000000020000000 (536 870 912, 512 MB)
00:00:00.412755   RamSize           <integer> = 0x0000000040000000 (1 073 741 824, 1 024 MB)
00:00:00.412756   TimerMillies      <integer> = 0x000000000000000a (10)
00:00:00.412757   UUID              <bytes>   = "d8 f3 b6 31 8c fc 42 43 b5 38 30 2e bd 8a 1e 4e" (cb=16)
00:00:00.412759 
00:00:00.412761 [/CPUM/] (level 1)
00:00:00.412762   GuestCpuName       <string>  = "host" (cb=5)
00:00:00.412762   NestedHWVirt       <integer> = 0x0000000000000000 (0)
00:00:00.412763   PortableCpuIdLevel <integer> = 0x0000000000000000 (0)
00:00:00.412763   SpecCtrl           <integer> = 0x0000000000000000 (0)
00:00:00.412764 
00:00:00.412764 [/CPUM/IsaExts/] (level 2)
00:00:00.412765 
00:00:00.412766 [/DBGC/] (level 1)
00:00:00.412767   GlobalInitScript <string>  = "/home/harsh/.config/VirtualBox/dbgc-init" (cb=41)
00:00:00.412767   HistoryFile      <string>  = "/home/harsh/.config/VirtualBox/dbgc-history" (cb=44)
00:00:00.412768   LocalInitScript  <string>  = "/home/harsh/Downloads/CNLab/lab7/lab7_network/VMImages/h2/dbgc-init" (cb=68)
00:00:00.412768 
00:00:00.412769 [/DBGF/] (level 1)
00:00:00.412769   Path <string>  = "/home/harsh/Downloads/CNLab/lab7/lab7_network/VMImages/h2/debug/;/home/harsh/Downloads/CNLab/lab7/lab7_network/VMImages/h2/;cache*/home/harsh/Downloads/CNLab/lab7/lab7_network/VMImages/h2/dbgcache/;/home/harsh/" (cb=211)
00:00:00.412770 
00:00:00.412770 [/Devices/] (level 1)
00:00:00.412771 
00:00:00.412771 [/Devices/8237A/] (level 2)
00:00:00.412771 
00:00:00.412772 [/Devices/8237A/0/] (level 3)
00:00:00.412772   Trusted <integer> = 0x0000000000000001 (1)
00:00:00.412773 
00:00:00.412773 [/Devices/GIMDev/] (level 2)
00:00:00.412774 
00:00:00.412774 [/Devices/GIMDev/0/] (level 3)
00:00:00.412774   Trusted <integer> = 0x0000000000000001 (1)
00:00:00.412775 
00:00:00.412775 [/Devices/VMMDev/] (level 2)
00:00:00.412776 
00:00:00.412776 [/Devices/VMMDev/0/] (level 3)
00:00:00.412777   PCIBusNo      <integer> = 0x0000000000000000 (0)
00:00:00.412777   PCIDeviceNo   <integer> = 0x0000000000000004 (4)
00:00:00.412778   PCIFunctionNo <integer> = 0x0000000000000000 (0)
00:00:00.412778   Trusted       <integer> = 0x0000000000000001 (1)
00:00:00.412779 
00:00:00.412779 [/Devices/VMMDev/0/Config/] (level 4)
00:00:00.412780   GuestCoreDumpDir <string>  = "/home/harsh/Downloads/CNLab/lab7/lab7_network/VMImages/h2/Snapshots" (cb=68)
00:00:00.412780 
00:00:00.412780 [/Devices/VMMDev/0/LUN#0/] (level 4)
00:00:00.412781   Driver <string>  = "HGCM" (cb=5)
00:00:00.412782 
00:00:00.412782 [/Devices/VMMDev/0/LUN#0/Config/] (level 5)
00:00:00.412783   Object <integer> = 0x00007f6f78000bb0 (140 116 731 366 320)
00:00:00.412784 
00:00:00.412784 [/Devices/VMMDev/0/LUN#999/] (level 4)
00:00:00.412785   Driver <string>  = "MainStatus" (cb=11)
00:00:00.412785 
00:00:00.412785 [/Devices/VMMDev/0/LUN#999/Config/] (level 5)
00:00:00.412786   First   <integer> = 0x0000000000000000 (0)
00:00:00.412787   Last    <integer> = 0x0000000000000000 (0)
00:00:00.412787   papLeds <integer> = 0x00007f6f840027f8 (140 116 932 700 152)
00:00:00.412788 
00:00:00.412789 [/Devices/acpi/] (level 2)
00:00:00.412789 
00:00:00.412789 [/Devices/acpi/0/] (level 3)
00:00:00.412790   PCIBusNo      <integer> = 0x0000000000000000 (0)
00:00:00.412791   PCIDeviceNo   <integer> = 0x0000000000000007 (7)
00:00:00.412791   PCIFunctionNo <integer> = 0x0000000000000000 (0)
00:00:00.412792   Trusted       <integer> = 0x0000000000000001 (1)
00:00:00.412792 
00:00:00.412792 [/Devices/acpi/0/Config/] (level 4)
00:00:00.412793   CpuHotPlug          <integer> = 0x0000000000000000 (0)
00:00:00.412794   FdcEnabled          <integer> = 0x0000000000000000 (0)
00:00:00.412794   HostBusPciAddress   <integer> = 0x0000000000000000 (0)
00:00:00.412795   HpetEnabled         <integer> = 0x0000000000000000 (0)
00:00:00.412795   IOAPIC              <integer> = 0x0000000000000001 (1)
00:00:00.412796   IocPciAddress       <integer> = 0x0000000000010000 (65 536)
00:00:00.412797   NumCPUs             <integer> = 0x0000000000000001 (1)
00:00:00.412797   Parallel0IoPortBase <integer> = 0x0000000000000000 (0)
00:00:00.412798   Parallel0Irq        <integer> = 0x0000000000000000 (0)
00:00:00.412799   Parallel1IoPortBase <integer> = 0x0000000000000000 (0)
00:00:00.412799   Parallel1Irq        <integer> = 0x0000000000000000 (0)
00:00:00.412800   Serial0IoPortBase   <integer> = 0x0000000000000000 (0)
00:00:00.412800   Serial0Irq          <integer> = 0x0000000000000000 (0)
00:00:00.412801   Serial1IoPortBase   <integer> = 0x0000000000000000 (0)
00:00:00.412801   Serial1Irq          <integer> = 0x0000000000000000 (0)
00:00:00.412802   ShowCpu             <integer> = 0x0000000000000001 (1)
00:00:00.412802   ShowRtc             <integer> = 0x0000000000000000 (0)
00:00:00.412803   SmcEnabled          <integer> = 0x0000000000000000 (0)
00:00:00.412804 
00:00:00.412804 [/Devices/acpi/0/LUN#0/] (level 4)
00:00:00.412804   Driver <string>  = "ACPIHost" (cb=9)
00:00:00.412805 
00:00:00.412805 [/Devices/acpi/0/LUN#0/Config/] (level 5)
00:00:00.412806 
00:00:00.412806 [/Devices/ahci/] (level 2)
00:00:00.412807 
00:00:00.412807 [/Devices/ahci/0/] (level 3)
00:00:00.412808   PCIBusNo      <integer> = 0x0000000000000000 (0)
00:00:00.412808   PCIDeviceNo   <integer> = 0x000000000000000d (13)
00:00:00.412809   PCIFunctionNo <integer> = 0x0000000000000000 (0)
00:00:00.412809   Trusted       <integer> = 0x0000000000000001 (1)
00:00:00.412810 
00:00:00.412810 [/Devices/ahci/0/Config/] (level 4)
00:00:00.412811   Bootable  <integer> = 0x0000000000000001 (1)
00:00:00.412811   PortCount <integer> = 0x0000000000000001 (1)
00:00:00.412812 
00:00:00.412812 [/Devices/ahci/0/Config/Port0/] (level 5)
00:00:00.412813   Hotpluggable <integer> = 0x0000000000000000 (0)
00:00:00.412813 
00:00:00.412814 [/Devices/ahci/0/LUN#0/] (level 4)
00:00:00.412814   Driver <string>  = "VD" (cb=3)
00:00:00.412815 
00:00:00.412815 [/Devices/ahci/0/LUN#0/Config/] (level 5)
00:00:00.412816   BlockCache <integer> = 0x0000000000000001 (1)
00:00:00.412816   Format     <string>  = "VDI" (cb=4)
00:00:00.412817   Mountable  <integer> = 0x0000000000000000 (0)
00:00:00.412817   Path       <string>  = "/home/harsh/Downloads/CNLab/lab7/lab7_network/VMImages/h2/Snapshots/{a52678ea-7277-4541-8ef7-7de3ae5f7645}.vdi" (cb=111)
00:00:00.412818   Type       <string>  = "HardDisk" (cb=9)
00:00:00.412818   UseNewIo   <integer> = 0x0000000000000001 (1)
00:00:00.412819 
00:00:00.412819 [/Devices/ahci/0/LUN#0/Config/Parent/] (level 6)
00:00:00.412820   Format <string>  = "VDI" (cb=4)
00:00:00.412820   Path   <string>  = "/home/harsh/Downloads/CNLab/lab7/lab7_network/VMImages/base/Snapshots/{8f83ab64-891d-4e29-8532-09d2e668c3dd}.vdi" (cb=113)
00:00:00.412821 
00:00:00.412821 [/Devices/ahci/0/LUN#0/Config/Parent/Parent/] (level 7)
00:00:00.412822   Format <string>  = "VDI" (cb=4)
00:00:00.412823   Path   <string>  = "/home/harsh/Downloads/CNLab/lab7/lab7_network/VMImages/base/base.vdi" (cb=69)
00:00:00.412823 
00:00:00.412823 [/Devices/ahci/0/LUN#0/Config/Parent/Parent/VDConfig/] (level 8)
00:00:00.412824   AllocationBlockSize <string>  = "1048576" (cb=8)
00:00:00.412825 
00:00:00.412825 [/Devices/ahci/0/LUN#0/Config/Parent/VDConfig/] (level 7)
00:00:00.412826   AllocationBlockSize <string>  = "1048576" (cb=8)
00:00:00.412826 
00:00:00.412827 [/Devices/ahci/0/LUN#0/Config/VDConfig/] (level 6)
00:00:00.412827   AllocationBlockSize <string>  = "1048576" (cb=8)
00:00:00.412828 
00:00:00.412828 [/Devices/ahci/0/LUN#999/] (level 4)
00:00:00.412829   Driver <string>  = "MainStatus" (cb=11)
00:00:00.412829 
00:00:00.412829 [/Devices/ahci/0/LUN#999/Config/] (level 5)
00:00:00.412830   DeviceInstance        <string>  = "ahci/0" (cb=7)
00:00:00.412831   First                 <integer> = 0x0000000000000000 (0)
00:00:00.412831   Last                  <integer> = 0x0000000000000000 (0)
00:00:00.412832   pConsole              <integer> = 0x00007f6f84001420 (140 116 932 695 072)
00:00:00.412833   papLeds               <integer> = 0x00007f6f84001c00 (140 116 932 697 088)
00:00:00.412834   pmapMediumAttachments <integer> = 0x00007f6f84002818 (140 116 932 700 184)
00:00:00.412835 
00:00:00.412836 [/Devices/apic/] (level 2)
00:00:00.412836 
00:00:00.412836 [/Devices/apic/0/] (level 3)
00:00:00.412837   Trusted <integer> = 0x0000000000000001 (1)
00:00:00.412837 
00:00:00.412838 [/Devices/apic/0/Config/] (level 4)
00:00:00.412838   IOAPIC  <integer> = 0x0000000000000001 (1)
00:00:00.412839   Mode    <integer> = 0x0000000000000003 (3)
00:00:00.412839   NumCPUs <integer> = 0x0000000000000001 (1)
00:00:00.412840 
00:00:00.412840 [/Devices/e1000/] (level 2)
00:00:00.412841 
00:00:00.412841 [/Devices/e1000/0/] (level 3)
00:00:00.412842   PCIBusNo      <integer> = 0x0000000000000000 (0)
00:00:00.412842   PCIDeviceNo   <integer> = 0x0000000000000003 (3)
00:00:00.412843   PCIFunctionNo <integer> = 0x0000000000000000 (0)
00:00:00.412843   Trusted       <integer> = 0x0000000000000001 (1)
00:00:00.412844 
00:00:00.412844 [/Devices/e1000/0/Config/] (level 4)
00:00:00.412845   AdapterType    <integer> = 0x0000000000000000 (0)
00:00:00.412845   CableConnected <integer> = 0x0000000000000001 (1)
00:00:00.412846   LineSpeed      <integer> = 0x0000000000000000 (0)
00:00:00.412846   MAC            <bytes>   = "08 00 27 18 c9 6b" (cb=6)
00:00:00.412847 
00:00:00.412848 [/Devices/e1000/0/LUN#0/] (level 4)
00:00:00.412848   Driver <string>  = "NAT" (cb=4)
00:00:00.412849 
00:00:00.412849 [/Devices/e1000/0/LUN#0/Config/] (level 5)
00:00:00.412850   AliasMode       <integer> = 0x0000000000000000 (0)
00:00:00.412850   BootFile        <string>  = "h2.pxe" (cb=7)
00:00:00.412851   DNSProxy        <integer> = 0x0000000000000000 (0)
00:00:00.412852   Network         <string>  = "10.0.2.0/24" (cb=12)
00:00:00.412852   PassDomain      <integer> = 0x0000000000000001 (1)
00:00:00.412853   TFTPPrefix      <string>  = "/home/harsh/.config/VirtualBox/TFTP" (cb=36)
00:00:00.412853   UseHostResolver <integer> = 0x0000000000000000 (0)
00:00:00.412854 
00:00:00.412854 [/Devices/e1000/0/LUN#0/Config/PortForwarding/] (level 6)
00:00:00.412855 
00:00:00.412855 [/Devices/e1000/0/LUN#0/Config/PortForwarding/0/] (level 7)
00:00:00.412856   GuestPort <integer> = 0x0000000000000016 (22)
00:00:00.412857   HostPort  <integer> = 0x00000000000038a6 (14 502)
00:00:00.412857   Name      <string>  = "ssh" (cb=4)
00:00:00.412858   Protocol  <string>  = "TCP" (cb=4)
00:00:00.412858 
00:00:00.412858 [/Devices/e1000/0/LUN#999/] (level 4)
00:00:00.412859   Driver <string>  = "MainStatus" (cb=11)
00:00:00.412860 
00:00:00.412860 [/Devices/e1000/0/LUN#999/Config/] (level 5)
00:00:00.412861   First   <integer> = 0x0000000000000000 (0)
00:00:00.412861   Last    <integer> = 0x0000000000000000 (0)
00:00:00.412862   papLeds <integer> = 0x00007f6f840026d8 (140 116 932 699 864)
00:00:00.412863 
00:00:00.412863 [/Devices/e1000/1/] (level 3)
00:00:00.412863   PCIBusNo      <integer> = 0x0000000000000000 (0)
00:00:00.412864   PCIDeviceNo   <integer> = 0x0000000000000008 (8)
00:00:00.412864   PCIFunctionNo <integer> = 0x0000000000000000 (0)
00:00:00.412865   Trusted       <integer> = 0x0000000000000001 (1)
00:00:00.412865 
00:00:00.412866 [/Devices/e1000/1/Config/] (level 4)
00:00:00.412866   AdapterType    <integer> = 0x0000000000000000 (0)
00:00:00.412867   CableConnected <integer> = 0x0000000000000001 (1)
00:00:00.412867   LineSpeed      <integer> = 0x0000000000000000 (0)
00:00:00.412868   MAC            <bytes>   = "08 00 27 fb 88 e4" (cb=6)
00:00:00.412869 
00:00:00.412869 [/Devices/e1000/1/LUN#0/] (level 4)
00:00:00.412870   Driver <string>  = "IntNet" (cb=7)
00:00:00.412870 
00:00:00.412870 [/Devices/e1000/1/LUN#0/Config/] (level 5)
00:00:00.412871   IfPolicyPromisc <string>  = "deny" (cb=5)
00:00:00.412872   Network         <string>  = "intnet1" (cb=8)
00:00:00.412872   TrunkType       <integer> = 0x0000000000000002 (2)
00:00:00.412873 
00:00:00.412873 [/Devices/e1000/1/LUN#999/] (level 4)
00:00:00.412874   Driver <string>  = "MainStatus" (cb=11)
00:00:00.412874 
00:00:00.412874 [/Devices/e1000/1/LUN#999/Config/] (level 5)
00:00:00.412875   First   <integer> = 0x0000000000000000 (0)
00:00:00.412876   Last    <integer> = 0x0000000000000000 (0)
00:00:00.412876   papLeds <integer> = 0x00007f6f840026e0 (140 116 932 699 872)
00:00:00.412877 
00:00:00.412877 [/Devices/i8254/] (level 2)
00:00:00.412878 
00:00:00.412878 [/Devices/i8254/0/] (level 3)
00:00:00.412879 
00:00:00.412879 [/Devices/i8254/0/Config/] (level 4)
00:00:00.412880 
00:00:00.412880 [/Devices/i8259/] (level 2)
00:00:00.412880 
00:00:00.412881 [/Devices/i8259/0/] (level 3)
00:00:00.412881   Trusted <integer> = 0x0000000000000001 (1)
00:00:00.412882 
00:00:00.412882 [/Devices/i8259/0/Config/] (level 4)
00:00:00.412883 
00:00:00.412883 [/Devices/ichac97/] (level 2)
00:00:00.412883 
00:00:00.412884 [/Devices/ichac97/0/] (level 3)
00:00:00.412884   PCIBusNo      <integer> = 0x0000000000000000 (0)
00:00:00.412885   PCIDeviceNo   <integer> = 0x0000000000000005 (5)
00:00:00.412885   PCIFunctionNo <integer> = 0x0000000000000000 (0)
00:00:00.412886   Trusted       <integer> = 0x0000000000000001 (1)
00:00:00.412886 
00:00:00.412886 [/Devices/ichac97/0/AudioConfig/] (level 4)
00:00:00.412887 
00:00:00.412888 [/Devices/ichac97/0/Config/] (level 4)
00:00:00.412888   Codec        <string>  = "AD1980" (cb=7)
00:00:00.412889   DebugEnabled <integer> = 0x0000000000000000 (0)
00:00:00.412889 
00:00:00.412889 [/Devices/ichac97/0/LUN#0/] (level 4)
00:00:00.412890   Driver <string>  = "AUDIO" (cb=6)
00:00:00.412891 
00:00:00.412891 [/Devices/ichac97/0/LUN#0/AttachedDriver/] (level 5)
00:00:00.412892   Driver <string>  = "PulseAudio" (cb=11)
00:00:00.412892 
00:00:00.412892 [/Devices/ichac97/0/LUN#0/AttachedDriver/Config/] (level 6)
00:00:00.412893   VmName <string>  = "h2" (cb=3)
00:00:00.412894 
00:00:00.412894 [/Devices/ichac97/0/LUN#0/Config/] (level 5)
00:00:00.412895   DriverName    <string>  = "PulseAudio" (cb=11)
00:00:00.412895   InputEnabled  <integer> = 0x0000000000000000 (0)
00:00:00.412896   OutputEnabled <integer> = 0x0000000000000001 (1)
00:00:00.412896 
00:00:00.412896 [/Devices/ichac97/0/LUN#1/] (level 4)
00:00:00.412897   Driver <string>  = "AUDIO" (cb=6)
00:00:00.412897 
00:00:00.412898 [/Devices/ichac97/0/LUN#2/] (level 4)
00:00:00.412898   Driver <string>  = "AUDIO" (cb=6)
00:00:00.412899 
00:00:00.412899 [/Devices/ioapic/] (level 2)
00:00:00.412899 
00:00:00.412900 [/Devices/ioapic/0/] (level 3)
00:00:00.412900   Trusted <integer> = 0x0000000000000001 (1)
00:00:00.412901 
00:00:00.412901 [/Devices/ioapic/0/Config/] (level 4)
00:00:00.412902   NumCPUs <integer> = 0x0000000000000001 (1)
00:00:00.412902 
00:00:00.412902 [/Devices/mc146818/] (level 2)
00:00:00.412903 
00:00:00.412903 [/Devices/mc146818/0/] (level 3)
00:00:00.412904 
00:00:00.412904 [/Devices/mc146818/0/Config/] (level 4)
00:00:00.412905   UseUTC <integer> = 0x0000000000000001 (1)
00:00:00.412905 
00:00:00.412906 [/Devices/parallel/] (level 2)
00:00:00.412906 
00:00:00.412906 [/Devices/pcarch/] (level 2)
00:00:00.412907 
00:00:00.412907 [/Devices/pcarch/0/] (level 3)
00:00:00.412908   Trusted <integer> = 0x0000000000000001 (1)
00:00:00.412908 
00:00:00.412908 [/Devices/pcarch/0/Config/] (level 4)
00:00:00.412909 
00:00:00.412909 [/Devices/pcbios/] (level 2)
00:00:00.412910 
00:00:00.412910 [/Devices/pcbios/0/] (level 3)
00:00:00.412911   Trusted <integer> = 0x0000000000000001 (1)
00:00:00.412911 
00:00:00.412911 [/Devices/pcbios/0/Config/] (level 4)
00:00:00.412912   APIC               <integer> = 0x0000000000000001 (1)
00:00:00.412913   BootDevice0        <string>  = "FLOPPY" (cb=7)
00:00:00.412913   BootDevice1        <string>  = "DVD" (cb=4)
00:00:00.412914   BootDevice2        <string>  = "IDE" (cb=4)
00:00:00.412914   BootDevice3        <string>  = "NONE" (cb=5)
00:00:00.412915   FloppyDevice       <string>  = "i82078" (cb=7)
00:00:00.412915   HardDiskDevice     <string>  = "piix3ide" (cb=9)
00:00:00.412916   IOAPIC             <integer> = 0x0000000000000001 (1)
00:00:00.412916   McfgBase           <integer> = 0x0000000000000000 (0)
00:00:00.412917   McfgLength         <integer> = 0x0000000000000000 (0)
00:00:00.412917   NumCPUs            <integer> = 0x0000000000000001 (1)
00:00:00.412918   PXEDebug           <integer> = 0x0000000000000000 (0)
00:00:00.412919   SataHardDiskDevice <string>  = "ahci" (cb=5)
00:00:00.412919   SataLUN1           <integer> = 0x0000000000000000 (0)
00:00:00.412920   UUID               <bytes>   = "d8 f3 b6 31 8c fc 42 43 b5 38 30 2e bd 8a 1e 4e" (cb=16)
00:00:00.412921   UuidLe             <integer> = 0x0000000000000000 (0)
00:00:00.412922 
00:00:00.412922 [/Devices/pcbios/0/Config/NetBoot/] (level 5)
00:00:00.412923 
00:00:00.412923 [/Devices/pcbios/0/Config/NetBoot/0/] (level 6)
00:00:00.412924   NIC           <integer> = 0x0000000000000000 (0)
00:00:00.412924   PCIBusNo      <integer> = 0x0000000000000000 (0)
00:00:00.412925   PCIDeviceNo   <integer> = 0x0000000000000003 (3)
00:00:00.412925   PCIFunctionNo <integer> = 0x0000000000000000 (0)
00:00:00.412926 
00:00:00.412926 [/Devices/pci/] (level 2)
00:00:00.412927 
00:00:00.412927 [/Devices/pci/0/] (level 3)
00:00:00.412928   Trusted <integer> = 0x0000000000000001 (1)
00:00:00.412928 
00:00:00.412928 [/Devices/pci/0/Config/] (level 4)
00:00:00.412929   IOAPIC <integer> = 0x0000000000000001 (1)
00:00:00.412929 
00:00:00.412930 [/Devices/pcibridge/] (level 2)
00:00:00.412930 
00:00:00.412930 [/Devices/pckbd/] (level 2)
00:00:00.412931 
00:00:00.412931 [/Devices/pckbd/0/] (level 3)
00:00:00.412932   Trusted <integer> = 0x0000000000000001 (1)
00:00:00.412932 
00:00:00.412933 [/Devices/pckbd/0/Config/] (level 4)
00:00:00.412933 
00:00:00.412934 [/Devices/pckbd/0/LUN#0/] (level 4)
00:00:00.412934   Driver <string>  = "KeyboardQueue" (cb=14)
00:00:00.412935 
00:00:00.412935 [/Devices/pckbd/0/LUN#0/AttachedDriver/] (level 5)
00:00:00.412936   Driver <string>  = "MainKeyboard" (cb=13)
00:00:00.412936 
00:00:00.412936 [/Devices/pckbd/0/LUN#0/AttachedDriver/Config/] (level 6)
00:00:00.412937   Object <integer> = 0x000055c356971120 (94 297 459 724 576)
00:00:00.412938 
00:00:00.412938 [/Devices/pckbd/0/LUN#0/Config/] (level 5)
00:00:00.412939   QueueSize <integer> = 0x0000000000000040 (64)
00:00:00.412940 
00:00:00.412940 [/Devices/pckbd/0/LUN#1/] (level 4)
00:00:00.412941   Driver <string>  = "MouseQueue" (cb=11)
00:00:00.412941 
00:00:00.412941 [/Devices/pckbd/0/LUN#1/AttachedDriver/] (level 5)
00:00:00.412942   Driver <string>  = "MainMouse" (cb=10)
00:00:00.412943 
00:00:00.412943 [/Devices/pckbd/0/LUN#1/AttachedDriver/Config/] (level 6)
00:00:00.412944   Object <integer> = 0x00007f6f84006110 (140 116 932 714 768)
00:00:00.412945 
00:00:00.412945 [/Devices/pckbd/0/LUN#1/Config/] (level 5)
00:00:00.412946   QueueSize <integer> = 0x0000000000000080 (128)
00:00:00.412946 
00:00:00.412947 [/Devices/pcnet/] (level 2)
00:00:00.412947 
00:00:00.412947 [/Devices/piix3ide/] (level 2)
00:00:00.412948 
00:00:00.412948 [/Devices/piix3ide/0/] (level 3)
00:00:00.412949   PCIBusNo      <integer> = 0x0000000000000000 (0)
00:00:00.412949   PCIDeviceNo   <integer> = 0x0000000000000001 (1)
00:00:00.412950   PCIFunctionNo <integer> = 0x0000000000000001 (1)
00:00:00.412950   Trusted       <integer> = 0x0000000000000001 (1)
00:00:00.412951 
00:00:00.412951 [/Devices/piix3ide/0/Config/] (level 4)
00:00:00.412952   Type <string>  = "PIIX4" (cb=6)
00:00:00.412952 
00:00:00.412952 [/Devices/piix3ide/0/LUN#0/] (level 4)
00:00:00.412953   Driver <string>  = "VD" (cb=3)
00:00:00.412953 
00:00:00.412954 [/Devices/piix3ide/0/LUN#0/Config/] (level 5)
00:00:00.412955   EmptyDrive <integer> = 0x0000000000000001 (1)
00:00:00.412955   Mountable  <integer> = 0x0000000000000001 (1)
00:00:00.412956   Type       <string>  = "DVD" (cb=4)
00:00:00.412956 
00:00:00.412956 [/Devices/piix3ide/0/LUN#999/] (level 4)
00:00:00.412957   Driver <string>  = "MainStatus" (cb=11)
00:00:00.412957 
00:00:00.412958 [/Devices/piix3ide/0/LUN#999/Config/] (level 5)
00:00:00.412958   DeviceInstance        <string>  = "piix3ide/0" (cb=11)
00:00:00.412959   First                 <integer> = 0x0000000000000000 (0)
00:00:00.412960   Last                  <integer> = 0x0000000000000003 (3)
00:00:00.412960   pConsole              <integer> = 0x00007f6f84001420 (140 116 932 695 072)
00:00:00.412961   papLeds               <integer> = 0x00007f6f84001be0 (140 116 932 697 056)
00:00:00.412962   pmapMediumAttachments <integer> = 0x00007f6f84002818 (140 116 932 700 184)
00:00:00.412963 
00:00:00.412963 [/Devices/serial/] (level 2)
00:00:00.412964 
00:00:00.412964 [/Devices/usb-ohci/] (level 2)
00:00:00.412965 
00:00:00.412965 [/Devices/usb-ohci/0/] (level 3)
00:00:00.412966   PCIBusNo      <integer> = 0x0000000000000000 (0)
00:00:00.412966   PCIDeviceNo   <integer> = 0x0000000000000006 (6)
00:00:00.412967   PCIFunctionNo <integer> = 0x0000000000000000 (0)
00:00:00.412967   Trusted       <integer> = 0x0000000000000001 (1)
00:00:00.412968 
00:00:00.412968 [/Devices/usb-ohci/0/Config/] (level 4)
00:00:00.412969 
00:00:00.412969 [/Devices/usb-ohci/0/LUN#0/] (level 4)
00:00:00.412970   Driver <string>  = "VUSBRootHub" (cb=12)
00:00:00.412970 
00:00:00.412970 [/Devices/usb-ohci/0/LUN#0/Config/] (level 5)
00:00:00.412971 
00:00:00.412971 [/Devices/usb-ohci/0/LUN#999/] (level 4)
00:00:00.412972   Driver <string>  = "MainStatus" (cb=11)
00:00:00.412972 
00:00:00.412973 [/Devices/usb-ohci/0/LUN#999/Config/] (level 5)
00:00:00.412973   First   <integer> = 0x0000000000000000 (0)
00:00:00.412974   Last    <integer> = 0x0000000000000000 (0)
00:00:00.412974   papLeds <integer> = 0x00007f6f84002800 (140 116 932 700 160)
00:00:00.412975 
00:00:00.412976 [/Devices/vga/] (level 2)
00:00:00.412976 
00:00:00.412976 [/Devices/vga/0/] (level 3)
00:00:00.412977   PCIBusNo      <integer> = 0x0000000000000000 (0)
00:00:00.412977   PCIDeviceNo   <integer> = 0x0000000000000002 (2)
00:00:00.412978   PCIFunctionNo <integer> = 0x0000000000000000 (0)
00:00:00.412978   Trusted       <integer> = 0x0000000000000001 (1)
00:00:00.412979 
00:00:00.412979 [/Devices/vga/0/Config/] (level 4)
00:00:00.412980   3DEnabled          <integer> = 0x0000000000000000 (0)
00:00:00.412981   CustomVideoModes   <integer> = 0x0000000000000000 (0)
00:00:00.412981   FadeIn             <integer> = 0x0000000000000001 (1)
00:00:00.412982   FadeOut            <integer> = 0x0000000000000001 (1)
00:00:00.412982   HeightReduction    <integer> = 0x0000000000000000 (0)
00:00:00.412983   LogoFile           <string>  = "" (cb=1)
00:00:00.412983   LogoTime           <integer> = 0x0000000000000000 (0)
00:00:00.412984   MonitorCount       <integer> = 0x0000000000000001 (1)
00:00:00.412985   ShowBootMenu       <integer> = 0x0000000000000002 (2)
00:00:00.412985   VMSVGA3dEnabled    <integer> = 0x0000000000000000 (0)
00:00:00.412986   VMSVGAEnabled      <integer> = 0x0000000000000001 (1)
00:00:00.412986   VMSVGAPciBarLayout <integer> = 0x0000000000000001 (1)
00:00:00.412987   VMSVGAPciId        <integer> = 0x0000000000000001 (1)
00:00:00.412987   VRamSize           <integer> = 0x0000000001000000 (16 777 216, 16 MB)
00:00:00.412988 
00:00:00.412988 [/Devices/vga/0/LUN#0/] (level 4)
00:00:00.412989   Driver <string>  = "MainDisplay" (cb=12)
00:00:00.412990 
00:00:00.412990 [/Devices/vga/0/LUN#0/Config/] (level 5)
00:00:00.412991   Object <integer> = 0x00007f6f84006d50 (140 116 932 717 904)
00:00:00.412991 
00:00:00.412992 [/Devices/vga/0/LUN#999/] (level 4)
00:00:00.412992   Driver <string>  = "MainStatus" (cb=11)
00:00:00.412993 
00:00:00.412993 [/Devices/vga/0/LUN#999/Config/] (level 5)
00:00:00.412994   First   <integer> = 0x0000000000000000 (0)
00:00:00.412994   Last    <integer> = 0x0000000000000000 (0)
00:00:00.412995   papLeds <integer> = 0x00007f6f84002810 (140 116 932 700 176)
00:00:00.412996 
00:00:00.412996 [/Devices/virtio-net/] (level 2)
00:00:00.412997 
00:00:00.412997 [/EM/] (level 1)
00:00:00.412997   TripleFaultReset <integer> = 0x0000000000000000 (0)
00:00:00.412998 
00:00:00.412998 [/GIM/] (level 1)
00:00:00.412998   Provider <string>  = "KVM" (cb=4)
00:00:00.412999 
00:00:00.412999 [/HM/] (level 1)
00:00:00.413000   64bitEnabled            <integer> = 0x0000000000000001 (1)
00:00:00.413001   EnableLargePages        <integer> = 0x0000000000000000 (0)
00:00:00.413001   EnableNestedPaging      <integer> = 0x0000000000000001 (1)
00:00:00.413002   EnableUX                <integer> = 0x0000000000000001 (1)
00:00:00.413002   EnableVPID              <integer> = 0x0000000000000001 (1)
00:00:00.413003   Exclusive               <integer> = 0x0000000000000001 (1)
00:00:00.413003   HMForced                <integer> = 0x0000000000000001 (1)
00:00:00.413004   IBPBOnVMEntry           <integer> = 0x0000000000000000 (0)
00:00:00.413005   IBPBOnVMExit            <integer> = 0x0000000000000000 (0)
00:00:00.413005   L1DFlushOnSched         <integer> = 0x0000000000000001 (1)
00:00:00.413006   L1DFlushOnVMEntry       <integer> = 0x0000000000000000 (0)
00:00:00.413006   LovelyMesaDrvWorkaround <integer> = 0x0000000000000001 (1)
00:00:00.413007   MDSClearOnSched         <integer> = 0x0000000000000001 (1)
00:00:00.413007   MDSClearOnVMEntry       <integer> = 0x0000000000000000 (0)
00:00:00.413008   SpecCtrlByHost          <integer> = 0x0000000000000000 (0)
00:00:00.413008   UseNEMInstead           <integer> = 0x0000000000000000 (0)
00:00:00.413009 
00:00:00.413009 [/MM/] (level 1)
00:00:00.413010   CanUseLargerHeap <integer> = 0x0000000000000000 (0)
00:00:00.413010 
00:00:00.413010 [/NEM/] (level 1)
00:00:00.413011   Allow64BitGuests        <integer> = 0x0000000000000001 (1)
00:00:00.413011   LovelyMesaDrvWorkaround <integer> = 0x0000000000000001 (1)
00:00:00.413012 
00:00:00.413012 [/PDM/] (level 1)
00:00:00.413013 
00:00:00.413013 [/PDM/AsyncCompletion/] (level 2)
00:00:00.413013 
00:00:00.413014 [/PDM/AsyncCompletion/File/] (level 3)
00:00:00.413014 
00:00:00.413014 [/PDM/AsyncCompletion/File/BwGroups/] (level 4)
00:00:00.413015 
00:00:00.413015 [/PDM/BlkCache/] (level 2)
00:00:00.413016   CacheSize <integer> = 0x0000000000500000 (5 242 880, 5 MB)
00:00:00.413017 
00:00:00.413017 [/PDM/Devices/] (level 2)
00:00:00.413018 
00:00:00.413018 [/PDM/Drivers/] (level 2)
00:00:00.413018 
00:00:00.413019 [/PDM/Drivers/VBoxC/] (level 3)
00:00:00.413019   Path <string>  = "/usr/lib/virtualbox/components/VBoxC" (cb=37)
00:00:00.413020 
00:00:00.413020 [/PDM/NetworkShaper/] (level 2)
00:00:00.413021 
00:00:00.413021 [/PDM/NetworkShaper/BwGroups/] (level 3)
00:00:00.413021 
00:00:00.413022 [/TM/] (level 1)
00:00:00.413022   UTCOffset <integer> = 0x0000000000000000 (0)
00:00:00.413023 
00:00:00.413023 [/USB/] (level 1)
00:00:00.413023 
00:00:00.413024 [/USB/HidMouse/] (level 2)
00:00:00.413024 
00:00:00.413024 [/USB/HidMouse/0/] (level 3)
00:00:00.413025 
00:00:00.413025 [/USB/HidMouse/0/Config/] (level 4)
00:00:00.413026   Mode <string>  = "absolute" (cb=9)
00:00:00.413026 
00:00:00.413026 [/USB/HidMouse/0/LUN#0/] (level 4)
00:00:00.413027   Driver <string>  = "MouseQueue" (cb=11)
00:00:00.413028 
00:00:00.413028 [/USB/HidMouse/0/LUN#0/AttachedDriver/] (level 5)
00:00:00.413029   Driver <string>  = "MainMouse" (cb=10)
00:00:00.413029 
00:00:00.413029 [/USB/HidMouse/0/LUN#0/AttachedDriver/Config/] (level 6)
00:00:00.413030   Object <integer> = 0x00007f6f84006110 (140 116 932 714 768)
00:00:00.413031 
00:00:00.413031 [/USB/HidMouse/0/LUN#0/Config/] (level 5)
00:00:00.413032   QueueSize <integer> = 0x0000000000000080 (128)
00:00:00.413033 
00:00:00.413033 [/USB/USBProxy/] (level 2)
00:00:00.413033 
00:00:00.413034 [/USB/USBProxy/GlobalConfig/] (level 3)
00:00:00.413034 
00:00:00.413035 ********************* End of CFGM dump **********************
00:00:00.413084 HM: HMR3Init: VT-x w/ nested paging and unrestricted guest execution hw support
00:00:00.413114 MM: cbHyperHeap=0x200000 (2097152)
00:00:00.413920 CPUM: fXStateHostMask=0x7; initial: 0x7; host XCR0=0x1f
00:00:00.414685 CPUM: Matched host CPU INTEL 0x6/0x8e/0xa Intel_Core7_CoffeeLake with CPU DB entry 'Intel Core i7-6700K' (INTEL 0x6/0x5e/0x3 Intel_Core7_Skylake)
00:00:00.414712 CPUM: MXCSR_MASK=0xffff (host: 0xffff)
00:00:00.414721 CPUM: Microcode revision 0x000000EA
00:00:00.414726 CPUM: Changing leaf 13[0]: EBX=0x440 -> 0x340, ECX=0x440 -> 0x340
00:00:00.414732 CPUM: MSR/CPUID reconciliation insert: 0x0000010b IA32_FLUSH_CMD
00:00:00.414803 PGM: Host paging mode: AMD64+PGE+NX
00:00:00.414807 PGM: PGMPool: cMaxPages=768 (u64MaxPages=545)
00:00:00.414810 PGM: pgmR3PoolInit: cMaxPages=0x300 cMaxUsers=0x600 cMaxPhysExts=0x600 fCacheEnable=true 
00:00:00.415138 PGM: /proc/sys/vm/max_map_count = 65530 (rc2=VWRN_TRAILING_CHARS); cGuessNeeded=16384
00:00:00.416347 TM: GIP - u32Mode=3 (Invariant) u32UpdateHz=62 u32UpdateIntervalNS=16000000 enmUseTscDelta=2 (Practically Zero) fGetGipCpu=0x1b cCpus=8
00:00:00.416355 TM: GIP - u64CpuHz=1 799 449 923 (0x6b416d43)  SUPGetCpuHzFromGip => 1 799 449 923
00:00:00.416359 TM: GIP - CPU: iCpuSet=0x0 idCpu=0x0 idApic=0x0 iGipCpu=0x5 i64TSCDelta=0 enmState=3 u64CpuHz=1799453922(*) cErrors=0
00:00:00.416362 TM: GIP - CPU: iCpuSet=0x1 idCpu=0x1 idApic=0x2 iGipCpu=0x1 i64TSCDelta=0 enmState=3 u64CpuHz=1799454948(*) cErrors=0
00:00:00.416364 TM: GIP - CPU: iCpuSet=0x2 idCpu=0x2 idApic=0x4 iGipCpu=0x3 i64TSCDelta=0 enmState=3 u64CpuHz=1799454859(*) cErrors=0
00:00:00.416366 TM: GIP - CPU: iCpuSet=0x3 idCpu=0x3 idApic=0x6 iGipCpu=0x6 i64TSCDelta=0 enmState=3 u64CpuHz=1799453487(*) cErrors=0
00:00:00.416369 TM: GIP - CPU: iCpuSet=0x4 idCpu=0x4 idApic=0x1 iGipCpu=0x4 i64TSCDelta=0 enmState=3 u64CpuHz=1799454391(*) cErrors=0
00:00:00.416371 TM: GIP - CPU: iCpuSet=0x5 idCpu=0x5 idApic=0x3 iGipCpu=0x2 i64TSCDelta=0 enmState=3 u64CpuHz=1799454974(*) cErrors=0
00:00:00.416373 TM: GIP - CPU: iCpuSet=0x6 idCpu=0x6 idApic=0x5 iGipCpu=0x0 i64TSCDelta=0 enmState=3 u64CpuHz=1799449923(*) cErrors=0
00:00:00.416375 TM: GIP - CPU: iCpuSet=0x7 idCpu=0x7 idApic=0x7 iGipCpu=0x7 i64TSCDelta=0 enmState=3 u64CpuHz=1799453001(*) cErrors=0
00:00:00.416409 TM: cTSCTicksPerSecond=1 799 449 923 (0x6b416d43) enmTSCMode=3 (Dynamic)
00:00:00.416411 TM: TSCTiedToExecution=false TSCNotTiedToHalt=false
00:00:00.416685 EMR3Init: fIemExecutesAll=false fGuruOnTripleFault=true 
00:00:00.416763 IEM: TargetCpu=CURRENT, Microarch=Intel_Core7_CoffeeLake
00:00:00.416810 GIM: Using provider 'KVM' (Implementation version: 0)
00:00:00.416814 CPUM: SetGuestCpuIdFeature: Enabled Hypervisor Present bit
00:00:00.685812 AIOMgr: Default manager type is 'Async'
00:00:00.685834 AIOMgr: Default file backend is 'NonBuffered'
00:00:00.686164 BlkCache: Cache successfully initialized. Cache size is 5242880 bytes
00:00:00.686170 BlkCache: Cache commit interval is 10000 ms
00:00:00.686172 BlkCache: Cache commit threshold is 2621440 bytes
00:00:00.687353 PcBios: [SMP] BIOS with 1 CPUs
00:00:00.687380 PcBios: Using the 386+ BIOS image.
00:00:00.687442 PcBios: MPS table at 000e1300
00:00:00.687811 PcBios: fCheckShutdownStatusForSoftReset=true   fClearShutdownStatusOnHardReset=true 
00:00:00.687959 SUP: Opened VBoxDDR0.r0 (/usr/lib/virtualbox/VBoxDDR0.r0) at 0xXXXXXXXXXXXXXXXX.
00:00:00.688114 CPUM: SetGuestCpuIdFeature: Enabled xAPIC
00:00:00.688119 CPUM: SetGuestCpuIdFeature: Enabled x2APIC
00:00:00.688285 IOAPIC: Using implementation 2.0! Chipset type ICH9
00:00:00.688325 PIT: mode=3 count=0x10000 (65536) - 18.20 Hz (ch=0)
00:00:00.688768 VMMDev: cbDefaultBudget: 126 454 912 (7898c80)
00:00:00.690343 Shared Folders service loaded
00:00:00.690823 Guest Control service loaded
00:00:00.695369 VGA: Using the 386+ BIOS image.
00:00:00.696472 DrvVD: Flushes will be ignored
00:00:00.696479 DrvVD: Async flushes will be passed to the disk
00:00:00.698483 VD: VDInit finished with VINF_SUCCESS
00:00:00.698784 AIOMgr: Endpoint for file '/home/harsh/Downloads/CNLab/lab7/lab7_network/VMImages/base/base.vdi' (flags 000c0781) created successfully
00:00:00.699988 AIOMgr: Endpoint for file '/home/harsh/Downloads/CNLab/lab7/lab7_network/VMImages/base/Snapshots/{8f83ab64-891d-4e29-8532-09d2e668c3dd}.vdi' (flags 000c0781) created successfully
00:00:00.701246 AIOMgr: Endpoint for file '/home/harsh/Downloads/CNLab/lab7/lab7_network/VMImages/h2/Snapshots/{a52678ea-7277-4541-8ef7-7de3ae5f7645}.vdi' (flags 000c0723) created successfully
00:00:00.701993 VD: Opening the disk took 3591045 ns
00:00:00.702033 AHCI: LUN#0: disk, PCHS=2212/16/63, total number of sectors 2229702
00:00:00.702159 AHCI#0: Reset the HBA
00:00:00.702163 VD#0: Cancelling all active requests
00:00:00.702669 DrvVD: Flushes will be ignored
00:00:00.702673 DrvVD: Async flushes will be passed to the disk
00:00:00.702689 PIIX3 ATA: LUN#0: CD/DVD, total number of sectors 0, passthrough disabled
00:00:00.704434 PIIX3 ATA: LUN#1: no unit
00:00:00.704512 PIIX3 ATA: LUN#2: no unit
00:00:00.704515 PIIX3 ATA: LUN#3: no unit
00:00:00.704536 PIIX3 ATA: Ctl#0: finished processing RESET
00:00:00.704550 PIIX3 ATA: Ctl#1: finished processing RESET
00:00:00.704601 E1000#0: Chip=82540EM LinkUpDelay=3000ms EthernetCRC=on GSO=enabled Itr=disabled ItrRx=enabled TID=disabled R0=enabled RC=disabled
00:00:00.710570 NAT: Guest address guess set to 10.0.2.15 by initialization
00:00:00.710668 NAT: resolv.conf: nameserver 127.0.0.53
00:00:00.710673 NAT: resolv.conf: ignoring "options edns0 trust-ad"
00:00:00.710681 NAT: DNS server 127.0.0.53 registration detected, switching to the DNS proxy
00:00:00.710684 NAT: DNS#0: 127.0.0.53
00:00:00.710723 NAT: Set redirect TCP 0.0.0.0:14502 -> 0.0.0.0:22
00:00:00.711882 E1000#1: Chip=82540EM LinkUpDelay=3000ms EthernetCRC=on GSO=enabled Itr=disabled ItrRx=enabled TID=disabled R0=enabled RC=disabled
00:00:00.711938 IntNet#0: szNetwork={intnet1} enmTrunkType=2 szTrunk={} fFlags=0x8000 cbRecv=325632 cbSend=196608 fIgnoreConnectFailure=false
00:00:00.712398 AC97: Using codec 'AD1980'
00:00:00.712432 Audio: Initializing PulseAudio driver
00:00:00.714148 PulseAudio: Using version 13.99.0
00:00:00.715054 PulseAudio: Retrieving server information ...
00:00:00.715591 Audio: Found 3 devices for driver 'PulseAudio'
00:00:00.715598 Audio: Device 'Built-in Audio Analog Stereo':
00:00:00.715598 Audio:   ID              = alsa_output.pci-0000_00_1f.3.analog-stereo
00:00:00.715599 Audio:   Usage           = output
00:00:00.715599 Audio:   Flags           = DEFAULT_OUT
00:00:00.715599 Audio:   Input channels  = 0
00:00:00.715600 Audio:   Output channels = 2
00:00:00.715602 Audio: Device 'Monitor of Built-in Audio Analog Stereo':
00:00:00.715603 Audio:   ID              = alsa_output.pci-0000_00_1f.3.analog-stereo.monitor
00:00:00.715603 Audio:   Usage           = input
00:00:00.715603 Audio:   Flags           = NONE
00:00:00.715603 Audio:   Input channels  = 2
00:00:00.715604 Audio:   Output channels = 0
00:00:00.715613 Audio: Device 'Built-in Audio Analog Stereo':
00:00:00.715613 Audio:   ID              = alsa_input.pci-0000_00_1f.3.analog-stereo
00:00:00.715614 Audio:   Usage           = input
00:00:00.715614 Audio:   Flags           = DEFAULT_IN
00:00:00.715614 Audio:   Input channels  = 2
00:00:00.715614 Audio:   Output channels = 0
00:00:00.715660 AC97: Reset
00:00:00.715663 AC97: Mixer reset (EAID=0x809, EACS=0x9)
00:00:00.715665 AC97: Record select to left=mic, right=mic
00:00:00.716178 VUSB: Attached 'HidMouse' to port 1 on RootHub#0 (FullSpeed)
00:00:00.716196 PGM: The CPU physical address width is 39 bits
00:00:00.716200 PGM: PGMR3InitFinalize: 4 MB PSE mask 0000007fffffffff -> VINF_SUCCESS
00:00:00.716217 TM: TMR3InitFinalize: fTSCModeSwitchAllowed=true 
00:00:00.716329 VMM: Enabled thread-context hooks
00:00:00.716332 VMM: RTThreadPreemptIsPending() can be trusted
00:00:00.716334 VMM: Kernel preemption is not possible it seems
00:00:00.716342 HM: fWorldSwitcher=0x0 (fIbpbOnVmExit=false fIbpbOnVmEntry=false fL1dFlushOnVmEntry=false); fL1dFlushOnSched=true  fMdsClearOnVmEntry=false
00:00:00.716346 HM: Using VT-x implementation 3.0
00:00:00.716346 HM: Max resume loops                  = 8192
00:00:00.716346 HM: Host CR4                          = 0x3706e0
00:00:00.716347 HM: Host EFER                         = 0xd01
00:00:00.716348 HM: MSR_IA32_SMM_MONITOR_CTL          = 0x0
00:00:00.716348 HM: MSR_IA32_FEATURE_CONTROL          = 0x5
00:00:00.716349 HM:   LOCK
00:00:00.716349 HM:   VMXON
00:00:00.716349 HM: MSR_IA32_VMX_BASIC                = 0xda040000000004
00:00:00.716350 HM:   VMCS id                           = 0x4
00:00:00.716350 HM:   VMCS size                         = 1024 bytes
00:00:00.716350 HM:   VMCS physical address limit       = None
00:00:00.716351 HM:   VMCS memory type                  = Write Back (WB)
00:00:00.716351 HM:   Dual-monitor treatment support    = true 
00:00:00.716352 HM:   OUTS & INS instruction-info       = true 
00:00:00.716352 HM:   Supports true-capability MSRs     = true 
00:00:00.716352 HM:   VM-entry Xcpt error-code optional = false
00:00:00.716353 HM: MSR_IA32_VMX_PINBASED_CTLS        = 0x7f00000016
00:00:00.716353 HM:   EXT_INT_EXIT
00:00:00.716354 HM:   NMI_EXIT
00:00:00.716354 HM:   VIRTUAL_NMI
00:00:00.716354 HM:   PREEMPT_TIMER
00:00:00.716354 HM:   POSTED_INT (must be cleared)
00:00:00.716355 HM: MSR_IA32_VMX_PROCBASED_CTLS       = 0xfff9fffe0401e172
00:00:00.716355 HM:   INT_WINDOW_EXIT
00:00:00.716356 HM:   USE_TSC_OFFSETTING
00:00:00.716356 HM:   HLT_EXIT
00:00:00.716356 HM:   INVLPG_EXIT
00:00:00.716357 HM:   MWAIT_EXIT
00:00:00.716357 HM:   RDPMC_EXIT
00:00:00.716357 HM:   RDTSC_EXIT
00:00:00.716357 HM:   CR3_LOAD_EXIT (must be set)
00:00:00.716358 HM:   CR3_STORE_EXIT (must be set)
00:00:00.716358 HM:   CR8_LOAD_EXIT
00:00:00.716358 HM:   CR8_STORE_EXIT
00:00:00.716358 HM:   USE_TPR_SHADOW
00:00:00.716359 HM:   NMI_WINDOW_EXIT
00:00:00.716359 HM:   MOV_DR_EXIT
00:00:00.716359 HM:   UNCOND_IO_EXIT
00:00:00.716360 HM:   USE_IO_BITMAPS
00:00:00.716360 HM:   MONITOR_TRAP_FLAG
00:00:00.716360 HM:   USE_MSR_BITMAPS
00:00:00.716360 HM:   MONITOR_EXIT
00:00:00.716361 HM:   PAUSE_EXIT
00:00:00.716361 HM:   USE_SECONDARY_CTLS
00:00:00.716361 HM: MSR_IA32_VMX_PROCBASED_CTLS2      = 0x5fbcff00000000
00:00:00.716362 HM:   VIRT_APIC_ACCESS
00:00:00.716362 HM:   EPT
00:00:00.716363 HM:   DESC_TABLE_EXIT
00:00:00.716363 HM:   RDTSCP
00:00:00.716363 HM:   VIRT_X2APIC_MODE
00:00:00.716364 HM:   VPID
00:00:00.716364 HM:   WBINVD_EXIT
00:00:00.716364 HM:   UNRESTRICTED_GUEST
00:00:00.716365 HM:   APIC_REG_VIRT (must be cleared)
00:00:00.716365 HM:   VIRT_INT_DELIVERY (must be cleared)
00:00:00.716365 HM:   PAUSE_LOOP_EXIT
00:00:00.716365 HM:   RDRAND_EXIT
00:00:00.716366 HM:   INVPCID
00:00:00.716366 HM:   VMFUNC
00:00:00.716366 HM:   VMCS_SHADOWING (must be cleared)
00:00:00.716367 HM:   ENCLS_EXIT
00:00:00.716367 HM:   RDSEED_EXIT
00:00:00.716367 HM:   PML
00:00:00.716367 HM:   EPT_VE
00:00:00.716368 HM:   CONCEAL_VMX_FROM_PT
00:00:00.716368 HM:   XSAVES_XRSTORS
00:00:00.716368 HM:   MODE_BASED_EPT_PERM
00:00:00.716369 HM:   SPPTP_EPT (must be cleared)
00:00:00.716369 HM:   PT_EPT (must be cleared)
00:00:00.716369 HM:   TSC_SCALING (must be cleared)
00:00:00.716369 HM:   USER_WAIT_PAUSE (must be cleared)
00:00:00.716369 HM:   ENCLV_EXIT (must be cleared)
00:00:00.716370 HM: MSR_IA32_VMX_ENTRY_CTLS           = 0x3ffff000011ff
00:00:00.716370 HM:   LOAD_DEBUG (must be set)
00:00:00.716371 HM:   IA32E_MODE_GUEST
00:00:00.716371 HM:   ENTRY_TO_SMM
00:00:00.716371 HM:   DEACTIVATE_DUAL_MON
00:00:00.716371 HM:   LOAD_PERF_MSR
00:00:00.716372 HM:   LOAD_PAT_MSR
00:00:00.716372 HM:   LOAD_EFER_MSR
00:00:00.716372 HM:   LOAD_BNDCFGS_MSR
00:00:00.716373 HM:   CONCEAL_VMX_FROM_PT
00:00:00.716373 HM:   LOAD_RTIT_CTL_MSR (must be cleared)
00:00:00.716373 HM: MSR_IA32_VMX_EXIT_CTLS            = 0x1ffffff00036dff
00:00:00.716374 HM:   SAVE_DEBUG (must be set)
00:00:00.716374 HM:   HOST_ADDR_SPACE_SIZE
00:00:00.716374 HM:   LOAD_PERF_MSR
00:00:00.716374 HM:   ACK_EXT_INT
00:00:00.716375 HM:   SAVE_PAT_MSR
00:00:00.716375 HM:   LOAD_PAT_MSR
00:00:00.716375 HM:   SAVE_EFER_MSR
00:00:00.716375 HM:   LOAD_EFER_MSR
00:00:00.716376 HM:   SAVE_PREEMPT_TIMER
00:00:00.716376 HM:   CLEAR_BNDCFGS_MSR
00:00:00.716376 HM:   CONCEAL_VMX_FROM_PT
00:00:00.716376 HM:   CLEAR_RTIT_CTL_MSR (must be cleared)
00:00:00.716377 HM: MSR_IA32_VMX_TRUE_PINBASED_CTLS   = 0x7f00000016
00:00:00.716377 HM: MSR_IA32_VMX_TRUE_PROCBASED_CTLS  = 0xfff9fffe04006172
00:00:00.716378 HM: MSR_IA32_VMX_TRUE_ENTRY_CTLS      = 0x3ffff000011fb
00:00:00.716379 HM: MSR_IA32_VMX_TRUE_EXIT_CTLS       = 0x1ffffff00036dfb
00:00:00.716379 HM: MSR_IA32_VMX_MISC                 = 0x7004c1e7
00:00:00.716380 HM:   PREEMPT_TIMER_TSC                 = 0x7
00:00:00.716380 HM:   EXIT_SAVE_EFER_LMA                = true 
00:00:00.716381 HM:   ACTIVITY_STATES                   = 0x7 ( HLT SHUTDOWN SIPI_WAIT )
00:00:00.716381 HM:   INTEL_PT                          = true 
00:00:00.716382 HM:   SMM_READ_SMBASE_MSR               = true 
00:00:00.716382 HM:   CR3_TARGET                        = 0x4
00:00:00.716382 HM:   MAX_MSR                           = 0x0 ( 512 )
00:00:00.716383 HM:   VMXOFF_BLOCK_SMI                  = true 
00:00:00.716383 HM:   VMWRITE_ALL                       = true 
00:00:00.716384 HM:   ENTRY_INJECT_SOFT_INT             = 0x1
00:00:00.716384 HM:   MSEG_ID                           = 0x0
00:00:00.716384 HM: MSR_IA32_VMX_VMCS_ENUM            = 0x2e
00:00:00.716385 HM:   HIGHEST_IDX                       = 0x17
00:00:00.716385 HM: MSR_IA32_VMX_EPT_VPID_CAP         = 0xf0106734141
00:00:00.716386 HM:   RWX_X_ONLY
00:00:00.716386 HM:   PAGE_WALK_LENGTH_4
00:00:00.716386 HM:   EMT_UC
00:00:00.716386 HM:   EMT_WB
00:00:00.716387 HM:   PDE_2M
00:00:00.716387 HM:   PDPTE_1G
00:00:00.716387 HM:   INVEPT
00:00:00.716388 HM:   EPT_ACCESS_DIRTY
00:00:00.716388 HM:   ADVEXITINFO_EPT
00:00:00.716388 HM:   INVEPT_SINGLE_CONTEXT
00:00:00.716388 HM:   INVEPT_ALL_CONTEXTS
00:00:00.716389 HM:   INVVPID
00:00:00.716389 HM:   INVVPID_INDIV_ADDR
00:00:00.716389 HM:   INVVPID_SINGLE_CONTEXT
00:00:00.716389 HM:   INVVPID_ALL_CONTEXTS
00:00:00.716390 HM:   INVVPID_SINGLE_CONTEXT_RETAIN_GLOBALS
00:00:00.716390 HM: MSR_IA32_VMX_VMFUNC               = 0x1
00:00:00.716390 HM:   EPTP_SWITCHING
00:00:00.716390 HM: MSR_IA32_VMX_CR0_FIXED0           = 0x80000021
00:00:00.716391 HM: MSR_IA32_VMX_CR0_FIXED1           = 0xffffffff
00:00:00.716391 HM: MSR_IA32_VMX_CR4_FIXED0           = 0x2000
00:00:00.716392 HM: MSR_IA32_VMX_CR4_FIXED1           = 0x3727ff
00:00:00.716392 HM: APIC-access page physaddr         = 0x000000001ce97000
00:00:00.716393 HM: VCPU  0: MSR bitmap physaddr      = 0x000000001ce9b000
00:00:00.716394 HM: VCPU  0: VMCS physaddr            = 0x000000001ce98000
00:00:00.716394 HM: Guest support: 32-bit and 64-bit
00:00:00.716397 HM: Supports VMCS EFER fields         = true 
00:00:00.716397 HM: Enabled VMX
00:00:00.716399 CPUM: SetGuestCpuIdFeature: Enabled SYSENTER/EXIT
00:00:00.716400 CPUM: SetGuestCpuIdFeature: Enabled PAE
00:00:00.716400 CPUM: SetGuestCpuIdFeature: Enabled LONG MODE
00:00:00.716400 CPUM: SetGuestCpuIdFeature: Enabled SYSCALL/RET
00:00:00.716401 CPUM: SetGuestCpuIdFeature: Enabled LAHF/SAHF
00:00:00.716401 CPUM: SetGuestCpuIdFeature: Enabled NX
00:00:00.716401 HM: Enabled nested paging
00:00:00.716401 HM:   EPT flush type                  = Single context
00:00:00.716402 HM: Enabled unrestricted guest execution
00:00:00.716402 HM: Enabled VPID
00:00:00.716402 HM:   VPID flush type                 = Single context
00:00:00.716402 HM: Enabled VMX-preemption timer (cPreemptTimerShift=7)
00:00:00.716403 HM: VT-x/AMD-V init method: Global
00:00:00.716403 EM: Exit history optimizations: enabled=true  enabled-r0=true  enabled-r0-no-preemption=false
00:00:00.716425 PcBios: SATA LUN#0 LCHS=553/64/63
00:00:00.716434 APIC: fPostedIntrsEnabled=false fVirtApicRegsEnabled=false fSupportsTscDeadline=false
00:00:00.716438 TMR3UtcNow: nsNow=1 635 217 304 329 637 000 nsPrev=0 -> cNsDelta=1 635 217 304 329 637 000 (offLag=0 offVirtualSync=0 offVirtualSyncGivenUp=0, NowAgain=1 635 217 304 329 637 000)
00:00:00.716443 VMM: fUsePeriodicPreemptionTimers=false
00:00:00.716572 CPUM: Logical host processors: 8 present, 8 max, 8 online, online mask: 00000000000000ff
00:00:00.716669 CPUM: Physical host cores: 4
00:00:00.716670 ************************* CPUID dump ************************
00:00:00.716677          Raw Standard CPUID Leaves
00:00:00.716677      Leaf/sub-leaf  eax      ebx      ecx      edx
00:00:00.716678 Gst: 00000000/0000  00000016 756e6547 6c65746e 49656e69
00:00:00.716679 Hst:                00000016 756e6547 6c65746e 49656e69
00:00:00.716680 Gst: 00000001/0000  000806ea 00010800 d6fa220b 178bfbff
00:00:00.716681 Hst:                000806ea 06100800 7ffafbbf bfebfbff
00:00:00.716681 Gst: 00000002/0000  76036301 00f0b5ff 00000000 00c30000
00:00:00.716682 Hst:                76036301 00f0b5ff 00000000 00c30000
00:00:00.716683 Gst: 00000003/0000  00000000 00000000 00000000 00000000
00:00:00.716683 Hst:                00000000 00000000 00000000 00000000
00:00:00.716684 Gst: 00000004/0000  00000121 01c0003f 0000003f 00000000
00:00:00.716685 Hst:                1c004121 01c0003f 0000003f 00000000
00:00:00.716685 Gst: 00000004/0001  00000122 01c0003f 0000003f 00000000
00:00:00.716686 Hst:                1c004122 01c0003f 0000003f 00000000
00:00:00.716687 Gst: 00000004/0002  00000143 00c0003f 000003ff 00000000
00:00:00.716687 Hst:                1c004143 00c0003f 000003ff 00000000
00:00:00.716688 Gst: 00000004/0003  00000163 02c0003f 00001fff 00000006
00:00:00.716688 Hst:                1c03c163 02c0003f 00001fff 00000006
00:00:00.716689 Gst: 00000004/0004  00000000 00000000 00000000 00000000
00:00:00.716689 Hst:                00000000 00000000 00000000 00000000
00:00:00.716690 Gst: 00000005/0000  00000040 00000040 00000000 00000000
00:00:00.716691 Hst:                00000040 00000040 00000003 11142120
00:00:00.716692 Gst: 00000006/0000  00000000 00000000 00000000 00000000
00:00:00.716692 Hst:                000027f7 00000002 00000009 00000000
00:00:00.716693 Gst: 00000007/0000  00000000 00842421 00000000 10000400
00:00:00.716693 Hst:                00000000 029c67af 00000000 9c002e00
00:00:00.716694 Gst: 00000007/0001  00000000 00000000 00000000 00000000
00:00:00.716694 Hst:                00000000 00000000 00000000 00000000
00:00:00.716695 Gst: 00000008/0000  00000000 00000000 00000000 00000000
00:00:00.716695 Hst:                00000000 00000000 00000000 00000000
00:00:00.716696 Gst: 00000009/0000  00000000 00000000 00000000 00000000
00:00:00.716696 Hst:                00000000 00000000 00000000 00000000
00:00:00.716697 Gst: 0000000a/0000  00000000 00000000 00000000 00000000
00:00:00.716697 Hst:                07300404 00000000 00000000 00000603
00:00:00.716698 Gst: 0000000b/0000  00000000 00000001 00000100 00000000
00:00:00.716698 Hst:                00000001 00000002 00000100 00000006
00:00:00.716699 Gst: 0000000b/0001  00000001 00000001 00000201 00000000
00:00:00.716699 Hst:                00000004 00000008 00000201 00000006
00:00:00.716700 Gst: 0000000b/0002  00000000 00000000 00000002 00000000
00:00:00.716700 Hst:                00000000 00000000 00000002 00000006
00:00:00.716701 Gst: 0000000c/0000  00000000 00000000 00000000 00000000
00:00:00.716701 Hst:                00000000 00000000 00000000 00000000
00:00:00.716702 Gst: 0000000d/0000  00000007 00000340 00000340 00000000
00:00:00.716702 Hst:                0000001f 00000440 00000440 00000000
00:00:00.716703 Gst: 0000000d/0001  00000000 000003c0 00000000 00000000
00:00:00.716703 Hst:                0000000f 000003c0 00000100 00000000
00:00:00.716704 Gst: 0000000d/0002  00000100 00000240 00000000 00000000
00:00:00.716704 Hst:                00000100 00000240 00000000 00000000
00:00:00.716705 Gst: 0000000d/0003  00000000 00000000 00000000 00000000
00:00:00.716705 Hst:                00000040 000003c0 00000000 00000000
00:00:00.716706 Gst: 0000000d/0004  00000000 00000000 00000000 00000000
00:00:00.716706 Hst:                00000040 00000400 00000000 00000000
00:00:00.716707 Gst: 0000000d/0005  00000000 00000000 00000000 00000000
00:00:00.716707 Hst:                00000000 00000000 00000000 00000000
00:00:00.716708 Gst: 0000000d/0006  00000000 00000000 00000000 00000000
00:00:00.716708 Hst:                00000000 00000000 00000000 00000000
00:00:00.716709 Gst: 0000000d/0007  00000000 00000000 00000000 00000000
00:00:00.716709 Hst:                00000000 00000000 00000000 00000000
00:00:00.716710 Gst: 0000000d/0008  00000000 00000000 00000000 00000000
00:00:00.716710 Hst:                00000080 00000000 00000001 00000000
00:00:00.716711 Gst: 0000000d/0009  00000000 00000000 00000000 00000000
00:00:00.716711 Hst:                00000000 00000000 00000000 00000000
00:00:00.716728 Gst: 0000000e/0000  00000000 00000000 00000000 00000000
00:00:00.716729 Hst:                00000000 00000000 00000000 00000000
00:00:00.716729 Gst: 0000000f/0000  00000000 00000000 00000000 00000000
00:00:00.716730 Hst:                00000000 00000000 00000000 00000000
00:00:00.716730 Gst: 00000010/0000  00000000 00000000 00000000 00000000
00:00:00.716731 Hst:                00000000 00000000 00000000 00000000
00:00:00.716731 Gst: 00000011/0000  00000000 00000000 00000000 00000000
00:00:00.716732 Hst:                00000000 00000000 00000000 00000000
00:00:00.716732 Gst: 00000012/0000  00000000 00000000 00000000 00000000
00:00:00.716733 Hst:                00000000 00000000 00000000 00000000
00:00:00.716733 Gst: 00000013/0000  00000000 00000000 00000000 00000000
00:00:00.716733 Hst:                00000000 00000000 00000000 00000000
00:00:00.716734 Gst: 00000014/0000  00000000 00000000 00000000 00000000
00:00:00.716734 Hst:                00000001 0000000f 00000007 00000000
00:00:00.716735 Hst: 00000015/0000  00000002 00000096 00000000 00000000
00:00:00.716736 Hst: 00000016/0000  00000708 00000d48 00000064 00000000
00:00:00.716737                                Name: GenuineIntel
00:00:00.716738                            Supports: 0x00000000-0x00000016
00:00:00.716739                              Family:  6 	Extended: 0 	Effective: 6
00:00:00.716740                               Model: 14 	Extended: 8 	Effective: 142
00:00:00.716741                            Stepping: 10
00:00:00.716741                                Type: 0 (primary)
00:00:00.716742                             APIC ID: 0x00
00:00:00.716743                        Logical CPUs: 1
00:00:00.716743                        CLFLUSH Size: 8
00:00:00.716744                            Brand ID: 0x00
00:00:00.716745 Features
00:00:00.716745   Mnemonic - Description                                  = guest (host)
00:00:00.716746   FPU - x87 FPU on Chip                                   = 1 (1)
00:00:00.716747   VME - Virtual 8086 Mode Enhancements                    = 1 (1)
00:00:00.716748   DE - Debugging extensions                               = 1 (1)
00:00:00.716748   PSE - Page Size Extension                               = 1 (1)
00:00:00.716749   TSC - Time Stamp Counter                                = 1 (1)
00:00:00.716750   MSR - Model Specific Registers                          = 1 (1)
00:00:00.716751   PAE - Physical Address Extension                        = 1 (1)
00:00:00.716751   MCE - Machine Check Exception                           = 1 (1)
00:00:00.716752   CX8 - CMPXCHG8B instruction                             = 1 (1)
00:00:00.716753   APIC - APIC On-Chip                                     = 1 (1)
00:00:00.716754   SEP - SYSENTER and SYSEXIT Present                      = 1 (1)
00:00:00.716754   MTRR - Memory Type Range Registers                      = 1 (1)
00:00:00.716755   PGE - PTE Global Bit                                    = 1 (1)
00:00:00.716756   MCA - Machine Check Architecture                        = 1 (1)
00:00:00.716757   CMOV - Conditional Move instructions                    = 1 (1)
00:00:00.716757   PAT - Page Attribute Table                              = 1 (1)
00:00:00.716758   PSE-36 - 36-bit Page Size Extension                     = 1 (1)
00:00:00.716759   PSN - Processor Serial Number                           = 0 (0)
00:00:00.716759   CLFSH - CLFLUSH instruction                             = 1 (1)
00:00:00.716760   DS - Debug Store                                        = 0 (1)
00:00:00.716761   ACPI - Thermal Mon. & Soft. Clock Ctrl.                 = 0 (1)
00:00:00.716761   MMX - Intel MMX Technology                              = 1 (1)
00:00:00.716762   FXSR - FXSAVE and FXRSTOR instructions                  = 1 (1)
00:00:00.716763   SSE - SSE support                                       = 1 (1)
00:00:00.716764   SSE2 - SSE2 support                                     = 1 (1)
00:00:00.716764   SS - Self Snoop                                         = 0 (1)
00:00:00.716765   HTT - Hyper-Threading Technology                        = 1 (1)
00:00:00.716766   TM - Therm. Monitor                                     = 0 (1)
00:00:00.716767   PBE - Pending Break Enabled                             = 0 (1)
00:00:00.716768   SSE3 - SSE3 support                                     = 1 (1)
00:00:00.716768   PCLMUL - PCLMULQDQ support (for AES-GCM)                = 1 (1)
00:00:00.716769   DTES64 - DS Area 64-bit Layout                          = 0 (1)
00:00:00.716770   MONITOR - MONITOR/MWAIT instructions                    = 1 (1)
00:00:00.716771   CPL-DS - CPL Qualified Debug Store                      = 0 (1)
00:00:00.716771   VMX - Virtual Machine Extensions                        = 0 (1)
00:00:00.716772   SMX - Safer Mode Extensions                             = 0 (0)
00:00:00.716773   EST - Enhanced SpeedStep Technology                     = 0 (1)
00:00:00.716773   TM2 - Terminal Monitor 2                                = 0 (1)
00:00:00.716774   SSSE3 - Supplemental Streaming SIMD Extensions 3        = 1 (1)
00:00:00.716775   CNTX-ID - L1 Context ID                                 = 0 (0)
00:00:00.716775   SDBG - Silicon Debug interface                          = 0 (1)
00:00:00.716776   FMA - Fused Multiply Add extensions                     = 0 (1)
00:00:00.716777   CX16 - CMPXCHG16B instruction                           = 1 (1)
00:00:00.716777   TPRUPDATE - xTPR Update Control                         = 0 (1)
00:00:00.716778   PDCM - Perf/Debug Capability MSR                        = 0 (1)
00:00:00.716779   PCID - Process Context Identifiers                      = 1 (1)
00:00:00.716779   DCA - Direct Cache Access                               = 0 (0)
00:00:00.716780   SSE4_1 - SSE4_1 support                                 = 1 (1)
00:00:00.716781   SSE4_2 - SSE4_2 support                                 = 1 (1)
00:00:00.716782   X2APIC - x2APIC support                                 = 1 (1)
00:00:00.716782   MOVBE - MOVBE instruction                               = 1 (1)
00:00:00.716783   POPCNT - POPCNT instruction                             = 1 (1)
00:00:00.716784   TSCDEADL - Time Stamp Counter Deadline                  = 0 (1)
00:00:00.716785   AES - AES instructions                                  = 1 (1)
00:00:00.716785   XSAVE - XSAVE instruction                               = 1 (1)
00:00:00.716786   OSXSAVE - OSXSAVE instruction                           = 0 (1)
00:00:00.716787   AVX - AVX support                                       = 1 (1)
00:00:00.716788   F16C - 16-bit floating point conversion instructions    = 0 (1)
00:00:00.716788   RDRAND - RDRAND instruction                             = 1 (1)
00:00:00.716789   HVP - Hypervisor Present (we're a guest)                = 1 (0)
00:00:00.716790 Structured Extended Feature Flags Enumeration (leaf 7):
00:00:00.716790   Mnemonic - Description                                  = guest (host)
00:00:00.716790   FSGSBASE - RDFSBASE/RDGSBASE/WRFSBASE/WRGSBASE instr.   = 1 (1)
00:00:00.716791   TSCADJUST - Supports MSR_IA32_TSC_ADJUST                = 0 (1)
00:00:00.716792   SGX - Supports Software Guard Extensions                = 0 (1)
00:00:00.716792   BMI1 - Advanced Bit Manipulation extension 1            = 0 (1)
00:00:00.716793   HLE - Hardware Lock Elision                             = 0 (0)
00:00:00.716793   AVX2 - Advanced Vector Extensions 2                     = 1 (1)
00:00:00.716794   FDP_EXCPTN_ONLY - FPU DP only updated on exceptions     = 0 (0)
00:00:00.716795   SMEP - Supervisor Mode Execution Prevention             = 0 (1)
00:00:00.716795   BMI2 - Advanced Bit Manipulation extension 2            = 0 (1)
00:00:00.716796   ERMS - Enhanced REP MOVSB/STOSB instructions            = 0 (1)
00:00:00.716796   INVPCID - INVPCID instruction                           = 1 (1)
00:00:00.716797   RTM - Restricted Transactional Memory                   = 0 (0)
00:00:00.716798   PQM - Platform Quality of Service Monitoring            = 0 (0)
00:00:00.716798   DEPFPU_CS_DS - Deprecates FPU CS, FPU DS values if set  = 1 (1)
00:00:00.716799   MPE - Intel Memory Protection Extensions                = 0 (1)
00:00:00.716799   PQE - Platform Quality of Service Enforcement           = 0 (0)
00:00:00.716800   AVX512F - AVX512 Foundation instructions                = 0 (0)
00:00:00.716800   RDSEED - RDSEED instruction                             = 1 (1)
00:00:00.716801   ADX - ADCX/ADOX instructions                            = 0 (1)
00:00:00.716802   SMAP - Supervisor Mode Access Prevention                = 0 (1)
00:00:00.716802   CLFLUSHOPT - CLFLUSHOPT (Cache Line Flush) instruction  = 1 (1)
00:00:00.716803   INTEL_PT - Intel Processor Trace                        = 0 (1)
00:00:00.716804   AVX512PF - AVX512 Prefetch instructions                 = 0 (0)
00:00:00.716804   AVX512ER - AVX512 Exponential & Reciprocal instructions = 0 (0)
00:00:00.716805   AVX512CD - AVX512 Conflict Detection instructions       = 0 (0)
00:00:00.716805   SHA - Secure Hash Algorithm extensions                  = 0 (0)
00:00:00.716806   PREFETCHWT1 - PREFETCHWT1 instruction                   = 0 (0)
00:00:00.716807   UMIP - User mode insturction prevention                 = 0 (0)
00:00:00.716807   PKU - Protection Key for Usermode pages                 = 0 (0)
00:00:00.716808   OSPKE - CR4.PKU mirror                                  = 0 (0)
00:00:00.716809   MAWAU - Value used by BNDLDX & BNDSTX                   = 0x0 (0x0)
00:00:00.716809   RDPID - Read processor ID support                       = 0 (0)
00:00:00.716810   SGX_LC - Supports SGX Launch Configuration              = 0 (0)
00:00:00.716811    9 - Reserved                                           = 0 (1)
00:00:00.716812   MD_CLEAR - Supports MDS related buffer clearing         = 1 (1)
00:00:00.716812   11 - Reserved                                           = 0 (1)
00:00:00.716813   13 - Reserved                                           = 0 (1)
00:00:00.716814   IBRS_IBPB - IA32_SPEC_CTRL.IBRS and IA32_PRED_CMD.IBPB  = 0 (1)
00:00:00.716814   STIBP - Supports IA32_SPEC_CTRL.STIBP                   = 0 (1)
00:00:00.716815   FLUSH_CMD - Supports IA32_FLUSH_CMD                     = 1 (1)
00:00:00.716816   ARCHCAP - Supports IA32_ARCH_CAP                        = 0 (0)
00:00:00.716816   CORECAP - Supports IA32_CORE_CAP                        = 0 (0)
00:00:00.716817   SSBD - Supports IA32_SPEC_CTRL.SSBD                     = 0 (1)
00:00:00.716818 Processor Extended State Enumeration (leaf 0xd):
00:00:00.716819    XSAVE area cur/max size by XCR0, guest: 0x340/0x340
00:00:00.716819     XSAVE area cur/max size by XCR0, host: 0x440/0x440
00:00:00.716820                    Valid XCR0 bits, guest: 0x00000000`00000007 ( x87 SSE YMM_Hi128 )
00:00:00.716821                     Valid XCR0 bits, host: 0x00000000`0000001f ( x87 SSE YMM_Hi128 BNDREGS BNDCSR )
00:00:00.716823                     XSAVE features, guest:
00:00:00.716823                      XSAVE features, host: XSAVEOPT XSAVEC XGETBC1 XSAVES
00:00:00.716825       XSAVE area cur size XCR0|XSS, guest: 0x3c0
00:00:00.716825        XSAVE area cur size XCR0|XSS, host: 0x3c0
00:00:00.716825                Valid IA32_XSS bits, guest: 0x00000000`00000000
00:00:00.716826                 Valid IA32_XSS bits, host: 0x00000100`00000000 ( 40 )
00:00:00.716827   State #2, guest: off=0x0240, cb=0x0100 IA32_XSS-bit -- YMM_Hi128
00:00:00.716828   State #2, host:  off=0x0240, cb=0x0100 IA32_XSS-bit -- YMM_Hi128
00:00:00.716830   State #3, host:  off=0x03c0, cb=0x0040 IA32_XSS-bit -- BNDREGS
00:00:00.716830   State #4, host:  off=0x0400, cb=0x0040 IA32_XSS-bit -- BNDCSR
00:00:00.716832   State #8, host:  off=0x0000, cb=0x0080 XCR0-bit -- 8
00:00:00.716840          Unknown CPUID Leaves
00:00:00.716841      Leaf/sub-leaf  eax      ebx      ecx      edx
00:00:00.716841 Gst: 00000014/0001  00000000 00000000 00000000 00000000
00:00:00.716842 Hst:                02490002 003f3fff 00000000 00000000
00:00:00.716842 Gst: 00000014/0002  00000000 00000000 00000000 00000000
00:00:00.716843 Hst:                00000000 00000000 00000000 00000000
00:00:00.716843 Gst: 00000015/0000  00000000 00000000 00000000 00000000
00:00:00.716844 Hst:                00000002 00000096 00000000 00000000
00:00:00.716845 Gst: 00000016/0000  00000000 00000000 00000000 00000000
00:00:00.716845 Hst:                00000708 00000d48 00000064 00000000
00:00:00.716846          Raw Hypervisor CPUID Leaves
00:00:00.716847      Leaf/sub-leaf  eax      ebx      ecx      edx
00:00:00.716847 Gst: 40000000/0000  40000001 4b4d564b 564b4d56 0000004d
00:00:00.716848 Hst:                00000708 00000d48 00000064 00000000
00:00:00.716849 Gst: 40000001/0000  01000089 00000000 00000000 00000000
00:00:00.716850 Hst:                00000708 00000d48 00000064 00000000
00:00:00.716850          Raw Extended CPUID Leaves
00:00:00.716850      Leaf/sub-leaf  eax      ebx      ecx      edx
00:00:00.716851 Gst: 80000000/0000  80000008 00000000 00000000 00000000
00:00:00.716851 Hst:                80000008 00000000 00000000 00000000
00:00:00.716852 Gst: 80000001/0000  00000000 00000000 00000121 28100800
00:00:00.716853 Hst:                00000000 00000000 00000121 2c100800
00:00:00.716854 Gst: 80000002/0000  65746e49 2952286c 726f4320 4d542865
00:00:00.716855 Hst:                65746e49 2952286c 726f4320 4d542865
00:00:00.716856 Gst: 80000003/0000  35692029 3532382d 43205530 40205550
00:00:00.716857 Hst:                35692029 3532382d 43205530 40205550
00:00:00.716859 Gst: 80000004/0000  362e3120 7a484730 00000000 00000000
00:00:00.716859 Hst:                362e3120 7a484730 00000000 00000000
00:00:00.716860 Gst: 80000005/0000  00000000 00000000 00000000 00000000
00:00:00.716860 Hst:                00000000 00000000 00000000 00000000
00:00:00.716861 Gst: 80000006/0000  00000000 00000000 01006040 00000000
00:00:00.716861 Hst:                00000000 00000000 01006040 00000000
00:00:00.716862 Gst: 80000007/0000  00000000 00000000 00000000 00000100
00:00:00.716862 Hst:                00000000 00000000 00000000 00000100
00:00:00.716863 Gst: 80000008/0000  00003027 00000000 00000000 00000000
00:00:00.716864 Hst:                00003027 00000000 00000000 00000000
00:00:00.716864 Ext Name:                        
00:00:00.716864 Ext Supports:                    0x80000000-0x80000008
00:00:00.716865 Family:                          0  	Extended: 0 	Effective: 0
00:00:00.716866 Model:                           0  	Extended: 0 	Effective: 0
00:00:00.716866 Stepping:                        0
00:00:00.716866 Brand ID:                        0x000
00:00:00.716867 Ext Features
00:00:00.716867   Mnemonic - Description                                  = guest (host)
00:00:00.716867   FPU - x87 FPU on Chip                                   = 0 (0)
00:00:00.716868   VME - Virtual 8086 Mode Enhancements                    = 0 (0)
00:00:00.716869   DE - Debugging extensions                               = 0 (0)
00:00:00.716870   PSE - Page Size Extension                               = 0 (0)
00:00:00.716870   TSC - Time Stamp Counter                                = 0 (0)
00:00:00.716871   MSR - K86 Model Specific Registers                      = 0 (0)
00:00:00.716872   PAE - Physical Address Extension                        = 0 (0)
00:00:00.716872   MCE - Machine Check Exception                           = 0 (0)
00:00:00.716873   CX8 - CMPXCHG8B instruction                             = 0 (0)
00:00:00.716874   APIC - APIC On-Chip                                     = 0 (0)
00:00:00.716875   SEP - SYSCALL/SYSRET                                    = 1 (1)
00:00:00.716875   MTRR - Memory Type Range Registers                      = 0 (0)
00:00:00.716876   PGE - PTE Global Bit                                    = 0 (0)
00:00:00.716877   MCA - Machine Check Architecture                        = 0 (0)
00:00:00.716877   CMOV - Conditional Move instructions                    = 0 (0)
00:00:00.716878   PAT - Page Attribute Table                              = 0 (0)
00:00:00.716879   PSE-36 - 36-bit Page Size Extension                     = 0 (0)
00:00:00.716879   NX - No-Execute/Execute-Disable                         = 1 (1)
00:00:00.716880   AXMMX - AMD Extensions to MMX instructions              = 0 (0)
00:00:00.716881   MMX - Intel MMX Technology                              = 0 (0)
00:00:00.716881   FXSR - FXSAVE and FXRSTOR Instructions                  = 0 (0)
00:00:00.716882   FFXSR - AMD fast FXSAVE and FXRSTOR instructions        = 0 (0)
00:00:00.716883   Page1GB - 1 GB large page                               = 0 (1)
00:00:00.716883   RDTSCP - RDTSCP instruction                             = 1 (1)
00:00:00.716884   LM - AMD64 Long Mode                                    = 1 (1)
00:00:00.716885   3DNOWEXT - AMD Extensions to 3DNow                      = 0 (0)
00:00:00.716885   3DNOW - AMD 3DNow                                       = 0 (0)
00:00:00.716886   LahfSahf - LAHF/SAHF support in 64-bit mode             = 1 (1)
00:00:00.716887   CmpLegacy - Core multi-processing legacy mode           = 0 (0)
00:00:00.716888   SVM - AMD Secure Virtual Machine extensions             = 0 (0)
00:00:00.716888   EXTAPIC - AMD Extended APIC registers                   = 0 (0)
00:00:00.716889   CR8L - AMD LOCK MOV CR0 means MOV CR8                   = 0 (0)
00:00:00.716889   ABM - AMD Advanced Bit Manipulation                     = 1 (1)
00:00:00.716890   SSE4A - SSE4A instructions                              = 0 (0)
00:00:00.716891   MISALIGNSSE - AMD Misaligned SSE mode                   = 0 (0)
00:00:00.716891   3DNOWPRF - AMD PREFETCH and PREFETCHW instructions      = 1 (1)
00:00:00.716892   OSVW - AMD OS Visible Workaround                        = 0 (0)
00:00:00.716892   IBS - Instruct Based Sampling                           = 0 (0)
00:00:00.716893   XOP - Extended Operation support                        = 0 (0)
00:00:00.716894   SKINIT - SKINIT, STGI, and DEV support                  = 0 (0)
00:00:00.716894   WDT - AMD Watchdog Timer support                        = 0 (0)
00:00:00.716895   LWP - Lightweight Profiling support                     = 0 (0)
00:00:00.716896   FMA4 - Four operand FMA instruction support             = 0 (0)
00:00:00.716896   NodeId - NodeId in MSR C001_100C                        = 0 (0)
00:00:00.716897   TBM - Trailing Bit Manipulation instructions            = 0 (0)
00:00:00.716898   TOPOEXT - Topology Extensions                           = 0 (0)
00:00:00.716898   PRFEXTCORE - Performance Counter Extensions support     = 0 (0)
00:00:00.716899   PRFEXTNB - NB Performance Counter Extensions support    = 0 (0)
00:00:00.716899   DATABPEXT - Data-access Breakpoint Extension            = 0 (0)
00:00:00.716900   PERFTSC - Performance Time Stamp Counter                = 0 (0)
00:00:00.716900   PCX_L2I - L2I/L3 Performance Counter Extensions         = 0 (0)
00:00:00.716901   MWAITX - MWAITX and MONITORX instructions               = 0 (0)
00:00:00.716902 Full Name:                       "Intel(R) Core(TM) i5-8250U CPU @ 1.60GHz"
00:00:00.716902 TLB 2/4M Instr/Uni:              res0     0 entries
00:00:00.716903 TLB 2/4M Data:                   res0     0 entries
00:00:00.716903 TLB 4K Instr/Uni:                res0     0 entries
00:00:00.716903 TLB 4K Data:                     res0     0 entries
00:00:00.716904 L1 Instr Cache Line Size:        0 bytes
00:00:00.716904 L1 Instr Cache Lines Per Tag:    0
00:00:00.716905 L1 Instr Cache Associativity:    res0  
00:00:00.716905 L1 Instr Cache Size:             0 KB
00:00:00.716905 L1 Data Cache Line Size:         0 bytes
00:00:00.716905 L1 Data Cache Lines Per Tag:     0
00:00:00.716906 L1 Data Cache Associativity:     res0  
00:00:00.716906 L1 Data Cache Size:              0 KB
00:00:00.716906 L2 TLB 2/4M Instr/Uni:           off       0 entries
00:00:00.716907 L2 TLB 2/4M Data:                off       0 entries
00:00:00.716907 L2 TLB 4K Instr/Uni:             off       0 entries
00:00:00.716907 L2 TLB 4K Data:                  off       0 entries
00:00:00.716908 L2 Cache Line Size:              0 bytes
00:00:00.716908 L2 Cache Lines Per Tag:          0
00:00:00.716908 L2 Cache Associativity:          off   
00:00:00.716909 L2 Cache Size:                   0 KB
00:00:00.716909   TS - Temperature Sensor                                 = 0 (0)
00:00:00.716910   FID - Frequency ID control                              = 0 (0)
00:00:00.716911   VID - Voltage ID control                                = 0 (0)
00:00:00.716911   TscInvariant - Invariant Time Stamp Counter             = 1 (1)
00:00:00.716912   CBP - Core Performance Boost                            = 0 (0)
00:00:00.716913   EffFreqRO - Read-only Effective Frequency Interface     = 0 (0)
00:00:00.716913   ProcFdbkIf - Processor Feedback Interface               = 0 (0)
00:00:00.716914   ProcPwrRep - Core power reporting interface support     = 0 (0)
00:00:00.716914 Physical Address Width:          39 bits
00:00:00.716915 Virtual Address Width:           48 bits
00:00:00.716915 Guest Physical Address Width:    0 bits
00:00:00.716915 Physical Core Count:             1
00:00:00.716917 
00:00:00.716917 ******************** End of CPUID dump **********************
00:00:00.716917 *********************** VT-x features ***********************
00:00:00.716918 Nested hardware virtualization - VMX features
00:00:00.716919   Mnemonic - Description                                  = guest (host)
00:00:00.716919   VMX - Virtual-Machine Extensions                        = 0 (1)
00:00:00.716919   InsOutInfo - INS/OUTS instruction info.                 = 0 (1)
00:00:00.716920   ExtIntExit - External interrupt exiting                 = 0 (1)
00:00:00.716920   NmiExit - NMI exiting                                   = 0 (1)
00:00:00.716920   VirtNmi - Virtual NMIs                                  = 0 (1)
00:00:00.716921   PreemptTimer - VMX preemption timer                     = 0 (1)
00:00:00.716921   PostedInt - Posted interrupts                           = 0 (0)
00:00:00.716922   IntWindowExit - Interrupt-window exiting                = 0 (1)
00:00:00.716922   TscOffsetting - TSC offsetting                          = 0 (1)
00:00:00.716922   HltExit - HLT exiting                                   = 0 (1)
00:00:00.716923   InvlpgExit - INVLPG exiting                             = 0 (1)
00:00:00.716923   MwaitExit - MWAIT exiting                               = 0 (1)
00:00:00.716923   RdpmcExit - RDPMC exiting                               = 0 (1)
00:00:00.716924   RdtscExit - RDTSC exiting                               = 0 (1)
00:00:00.716924   Cr3LoadExit - CR3-load exiting                          = 0 (1)
00:00:00.716924   Cr3StoreExit - CR3-store exiting                        = 0 (1)
00:00:00.716925   Cr8LoadExit  - CR8-load exiting                         = 0 (1)
00:00:00.716925   Cr8StoreExit - CR8-store exiting                        = 0 (1)
00:00:00.716925   UseTprShadow - Use TPR shadow                           = 0 (1)
00:00:00.716926   NmiWindowExit - NMI-window exiting                      = 0 (1)
00:00:00.716926   MovDRxExit - Mov-DR exiting                             = 0 (1)
00:00:00.716927   UncondIoExit - Unconditional I/O exiting                = 0 (1)
00:00:00.716927   UseIoBitmaps - Use I/O bitmaps                          = 0 (1)
00:00:00.716927   MonitorTrapFlag - Monitor Trap Flag                     = 0 (1)
00:00:00.716928   UseMsrBitmaps - MSR bitmaps                             = 0 (1)
00:00:00.716928   MonitorExit - MONITOR exiting                           = 0 (1)
00:00:00.716928   PauseExit - PAUSE exiting                               = 0 (1)
00:00:00.716929   SecondaryExecCtl - Activate secondary controls          = 0 (1)
00:00:00.716929   VirtApic - Virtualize-APIC accesses                     = 0 (1)
00:00:00.716929   Ept - Extended Page Tables                              = 0 (1)
00:00:00.716930   DescTableExit - Descriptor-table exiting                = 0 (1)
00:00:00.716930   Rdtscp - Enable RDTSCP                                  = 0 (1)
00:00:00.716930   VirtX2ApicMode - Virtualize-x2APIC mode                 = 0 (1)
00:00:00.716931   Vpid - Enable VPID                                      = 0 (1)
00:00:00.716931   WbinvdExit - WBINVD exiting                             = 0 (1)
00:00:00.716932   UnrestrictedGuest - Unrestricted guest                  = 0 (1)
00:00:00.716932   ApicRegVirt - APIC-register virtualization              = 0 (0)
00:00:00.716932   VirtIntDelivery - Virtual-interrupt delivery            = 0 (0)
00:00:00.716933   PauseLoopExit - PAUSE-loop exiting                      = 0 (1)
00:00:00.716933   RdrandExit - RDRAND exiting                             = 0 (1)
00:00:00.716933   Invpcid - Enable INVPCID                                = 0 (1)
00:00:00.716934   VmFuncs - Enable VM Functions                           = 0 (1)
00:00:00.716934   VmcsShadowing - VMCS shadowing                          = 0 (0)
00:00:00.716934   RdseedExiting - RDSEED exiting                          = 0 (1)
00:00:00.716935   PML - Page-Modification Log (PML)                       = 0 (1)
00:00:00.716935   EptVe - EPT violations can cause #VE                    = 0 (1)
00:00:00.716935   XsavesXRstors - Enable XSAVES/XRSTORS                   = 0 (1)
00:00:00.716936   EntryLoadDebugCtls - Load debug controls on VM-entry    = 0 (1)
00:00:00.716936   Ia32eModeGuest - IA-32e mode guest                      = 0 (1)
00:00:00.716936   EntryLoadEferMsr - Load IA32_EFER MSR on VM-entry       = 0 (1)
00:00:00.716937   EntryLoadPatMsr - Load IA32_PAT MSR on VM-entry         = 0 (1)
00:00:00.716937   ExitSaveDebugCtls - Save debug controls on VM-exit      = 0 (1)
00:00:00.716937   HostAddrSpaceSize - Host address-space size             = 0 (1)
00:00:00.716938   ExitAckExtInt - Acknowledge interrupt on VM-exit        = 0 (1)
00:00:00.716938   ExitSavePatMsr - Save IA32_PAT MSR on VM-exit           = 0 (1)
00:00:00.716938   ExitLoadPatMsr - Load IA32_PAT MSR on VM-exit           = 0 (1)
00:00:00.716939   ExitSaveEferMsr - Save IA32_EFER MSR on VM-exit         = 0 (1)
00:00:00.716939   ExitLoadEferMsr - Load IA32_EFER MSR on VM-exit         = 0 (1)
00:00:00.716940   SavePreemptTimer - Save VMX-preemption timer            = 0 (1)
00:00:00.716940   ExitSaveEferLma - Save IA32_EFER.LMA on VM-exit         = 0 (1)
00:00:00.716940   IntelPt - Intel PT (Processor Trace) in VMX operation   = 0 (1)
00:00:00.716941   VmwriteAll - VMWRITE to any supported VMCS field        = 0 (1)
00:00:00.716941   EntryInjectSoftInt - Inject softint. with 0-len instr.  = 0 (1)
00:00:00.716941 
00:00:00.716942 ******************* End of VT-x features ********************
00:00:00.716957 VMEmt: Halt method global1 (5)
00:00:00.716981 VMEmt: HaltedGlobal1 config: cNsSpinBlockThresholdCfg=2000
00:00:00.716985 Changing the VM state from 'CREATING' to 'CREATED'
00:00:00.718856 Changing the VM state from 'CREATED' to 'POWERING_ON'
00:00:00.718888 AIOMgr: Endpoints without assigned bandwidth groups:
00:00:00.718891 AIOMgr:     /home/harsh/Downloads/CNLab/lab7/lab7_network/VMImages/h2/Snapshots/{a52678ea-7277-4541-8ef7-7de3ae5f7645}.vdi
00:00:00.718893 AIOMgr:     /home/harsh/Downloads/CNLab/lab7/lab7_network/VMImages/base/Snapshots/{8f83ab64-891d-4e29-8532-09d2e668c3dd}.vdi
00:00:00.718895 AIOMgr:     /home/harsh/Downloads/CNLab/lab7/lab7_network/VMImages/base/base.vdi
00:00:00.719006 Changing the VM state from 'POWERING_ON' to 'RUNNING'
00:00:00.719013 Console: Machine state changed to 'Running'
00:00:00.719279 VBoxHeadless: starting event loop
00:00:00.721247 VMMDev: Guest Log: BIOS: VirtualBox 6.1.26
00:00:00.721369 PCI: Setting up resources and interrupts
00:00:00.721652 PIT: mode=2 count=0x10000 (65536) - 18.20 Hz (ch=0)
00:00:00.740960 Display::i_handleDisplayResize: uScreenId=0 pvVRAM=0000000000000000 w=720 h=400 bpp=0 cbLine=0x0 flags=0x0 origin=0,0
00:00:00.741327 VMMDev: Guest Log: CPUID EDX: 0x178bfbff
00:00:00.741393 PIIX3 ATA: Ctl#0: RESET, DevSel=0 AIOIf=0 CmdIf0=0x00 (-1 usec ago) CmdIf1=0x00 (-1 usec ago)
00:00:00.741451 PIIX3 ATA: Ctl#0: finished processing RESET
00:00:00.742408 AHCI#0: Reset the HBA
00:00:00.742415 VD#0: Cancelling all active requests
00:00:00.742467 AHCI#0: Port 0 reset
00:00:00.742522 VD#0: Cancelling all active requests
00:00:00.743131 VMMDev: Guest Log: BIOS: AHCI 0-P#0: PCHS=2212/16/63 LCHS=553/64/63 0x00000000002205c6 sectors
00:00:00.744491 PIT: mode=2 count=0x48d3 (18643) - 64.00 Hz (ch=0)
00:00:00.760185 Display::i_handleDisplayResize: uScreenId=0 pvVRAM=00007f6f5f000000 w=640 h=480 bpp=32 cbLine=0xA00 flags=0x0 origin=0,0
00:00:03.220848 PIT: mode=2 count=0x10000 (65536) - 18.20 Hz (ch=0)
00:00:03.221038 VMMDev: Guest Log: BIOS: Boot : bseqnr=1, bootseq=0231
00:00:03.221193 VMMDev: Guest Log: BIOS: Boot from Floppy 0 failed
00:00:03.221381 VMMDev: Guest Log: BIOS: Boot : bseqnr=2, bootseq=0023
00:00:03.221824 VMMDev: Guest Log: BIOS: CDROM boot failure code : 0003
00:00:03.221968 VMMDev: Guest Log: BIOS: Boot from CD-ROM failed
00:00:03.222161 VMMDev: Guest Log: BIOS: Boot : bseqnr=3, bootseq=0002
00:00:03.265307 VMMDev: Guest Log: BIOS: Booting from Hard Disk...
00:00:03.275844 Display::i_handleDisplayResize: uScreenId=0 pvVRAM=0000000000000000 w=720 h=400 bpp=0 cbLine=0x0 flags=0x0 origin=0,0
00:00:03.586228 VMMDev: Guest Log: BIOS: KBD: unsupported int 16h function 03
00:00:03.586420 VMMDev: Guest Log: BIOS: AX=0305 BX=0000 CX=0000 DX=0000 
00:00:03.685177 GIM: KVM: VCPU  0: Enabled system-time struct. at 0x00000000008d1000 - u32TscScale=0x8e4404cf i8TscShift=0 uVersion=2 fFlags=0x1 uTsc=0x13e1dd4c5 uVirtNanoTS=0xb0c911eb TscKHz=1799449
00:00:03.685205 TM: Switching TSC mode from 'Dynamic' to 'RealTscOffset'
00:00:03.705159 GIM: KVM: Enabled wall-clock struct. at 0x00000000008d0004 - u32Sec=1635217307 u32Nano=318294002 uVersion=2
00:00:03.711743 PIT: mode=2 count=0xf89 (3977) - 300.02 Hz (ch=0)
00:00:03.823320 PIT: mode=0 count=0x10000 (65536) - 18.20 Hz (ch=0)
00:00:03.887639 OHCI: Software reset
00:00:04.033315 AHCI#0: Reset the HBA
00:00:04.033335 VD#0: Cancelling all active requests
00:00:04.033891 AHCI#0: Port 0 reset
00:00:04.034875 OHCI: USB Reset
00:00:04.035107 PIIX3 ATA: Ctl#0: RESET, DevSel=0 AIOIf=0 CmdIf0=0xa0 (-1 usec ago) CmdIf1=0x00 (-1 usec ago)
00:00:04.035165 PIIX3 ATA: Ctl#0: finished processing RESET
00:00:04.035206 VD#0: Cancelling all active requests
00:00:04.122983 OHCI: Software reset
00:00:04.123240 OHCI: USB Operational
00:00:04.578506 VMMDev: Guest Log: vboxguest: host-version: 6.1.26r145957 0x8000000f
00:00:04.578534 VMMDev: Guest Additions information report: Version 5.2.0 r68940 '5.2.0'
00:00:04.578551 VMMDev: Guest Additions information report: Interface = 0x00010004 osType = 0x00053000 (Linux >= 2.6, 32-bit)
00:00:04.578619 VMMDev: Guest Additions capability report: (0x0 -> 0x0) seamless: no, hostWindowMapping: no, graphics: no
00:00:04.578653 VMMDev: vmmDevReqHandler_HeartbeatConfigure: No change (fHeartbeatActive=false)
00:00:04.578679 VMMDev: Heartbeat flatline timer set to trigger after 4 000 000 000 ns
00:00:04.579029 VMMDev: Guest Log: vbg_heartbeat_init: Setting up heartbeat to trigger every 2000 milliseconds
00:00:04.579597 VMMDev: Guest Log: vboxguest: misc device minor 56, IRQ 20, I/O port d040, MMIO at 0xf0400000 (size 0x00400000)
00:00:07.954589 NAT: Link up
00:00:08.587699 VMMDev: vmmDevHeartbeatFlatlinedTimer: Guest seems to be unresponsive. Last heartbeat received 4 seconds ago
00:05:17.239253 VMMDev: GuestHeartBeat: Guest is alive (gone 312 660 571 119 ns)
01:12:42.916626 Pausing VM execution, reason 'host suspend'
01:12:42.916835 Changing the VM state from 'RUNNING' to 'SUSPENDING'
01:12:43.041918 AIOMgr: Endpoint for file '/home/harsh/Downloads/CNLab/lab7/lab7_network/VMImages/h2/Snapshots/{a52678ea-7277-4541-8ef7-7de3ae5f7645}.vdi' (flags 000c0781) created successfully
01:12:43.124750 PDMR3Suspend: 207 865 902 ns run time
01:12:43.124763 Changing the VM state from 'SUSPENDING' to 'SUSPENDED'
01:12:43.124771 Console: Machine state changed to 'Paused'
01:12:50.720972 Resuming VM execution, reason 'host resume'
01:12:50.721006 Changing the VM state from 'SUSPENDED' to 'RESUMING'
01:12:50.721101 AIOMgr: Endpoint for file '/home/harsh/Downloads/CNLab/lab7/lab7_network/VMImages/h2/Snapshots/{a52678ea-7277-4541-8ef7-7de3ae5f7645}.vdi' (flags 000c0723) created successfully
01:12:50.759702 NAT: Link down
01:12:50.759834 Changing the VM state from 'RESUMING' to 'RUNNING'
01:12:50.759853 Console: Machine state changed to 'Running'
01:12:53.760338 NAT: Link up
01:12:53.760376 NAT: resolv.conf: nameserver 127.0.0.53
01:12:53.760383 NAT: resolv.conf: ignoring "options edns0 trust-ad"
01:12:53.760389 NAT: DNS server 127.0.0.53 registration detected, switching to the DNS proxy
01:12:53.760393 NAT: DNS#0: 127.0.0.53
03:43:12.734672 Pausing VM execution, reason 'host suspend'
03:43:12.790129 Changing the VM state from 'RUNNING' to 'SUSPENDING'
03:43:13.021260 AIOMgr: Endpoint for file '/home/harsh/Downloads/CNLab/lab7/lab7_network/VMImages/h2/Snapshots/{a52678ea-7277-4541-8ef7-7de3ae5f7645}.vdi' (flags 000c0781) created successfully
03:43:13.235723 PDMR3Suspend: 445 523 312 ns run time
03:43:13.235777 Changing the VM state from 'SUSPENDING' to 'SUSPENDED'
03:43:13.235806 Console: Machine state changed to 'Paused'
03:43:19.391265 Resuming VM execution, reason 'host resume'
03:43:19.391320 Changing the VM state from 'SUSPENDED' to 'RESUMING'
03:43:19.391487 AIOMgr: Endpoint for file '/home/harsh/Downloads/CNLab/lab7/lab7_network/VMImages/h2/Snapshots/{a52678ea-7277-4541-8ef7-7de3ae5f7645}.vdi' (flags 000c0723) created successfully
03:43:19.491797 Changing the VM state from 'RESUMING' to 'RUNNING'
03:43:19.491822 Console: Machine state changed to 'Running'
03:43:19.491843 NAT: resolv.conf: nameserver 127.0.0.53
03:43:19.491879 NAT: resolv.conf: ignoring "options edns0 trust-ad"
03:43:19.491909 NAT: DNS#0: 127.0.0.53
05:04:53.248067 Pausing VM execution, reason 'host suspend'
05:04:53.274623 Changing the VM state from 'RUNNING' to 'SUSPENDING'
05:04:53.394217 AIOMgr: Endpoint for file '/home/harsh/Downloads/CNLab/lab7/lab7_network/VMImages/h2/Snapshots/{a52678ea-7277-4541-8ef7-7de3ae5f7645}.vdi' (flags 000c0781) created successfully
05:04:53.541377 PDMR3Suspend: 266 688 181 ns run time
05:04:53.541439 Changing the VM state from 'SUSPENDING' to 'SUSPENDED'
05:04:53.541472 Console: Machine state changed to 'Paused'
05:05:04.764051 Resuming VM execution, reason 'host resume'
05:05:04.764229 Changing the VM state from 'SUSPENDED' to 'RESUMING'
05:05:04.765044 AIOMgr: Endpoint for file '/home/harsh/Downloads/CNLab/lab7/lab7_network/VMImages/h2/Snapshots/{a52678ea-7277-4541-8ef7-7de3ae5f7645}.vdi' (flags 000c0723) created successfully
05:05:04.881643 NAT: resolv.conf: nameserver 127.0.0.53
05:05:04.881666 NAT: resolv.conf: ignoring "options edns0 trust-ad"
05:05:04.881689 Changing the VM state from 'RESUMING' to 'RUNNING'
05:05:04.881701 NAT: DNS#0: 127.0.0.53
05:05:04.881706 Console: Machine state changed to 'Running'
05:45:47.108823 Pausing VM execution, reason 'host suspend'
05:45:47.108941 Changing the VM state from 'RUNNING' to 'SUSPENDING'
05:45:47.187571 AIOMgr: Endpoint for file '/home/harsh/Downloads/CNLab/lab7/lab7_network/VMImages/h2/Snapshots/{a52678ea-7277-4541-8ef7-7de3ae5f7645}.vdi' (flags 000c0781) created successfully
05:45:47.259670 PDMR3Suspend: 150 686 549 ns run time
05:45:47.259713 Changing the VM state from 'SUSPENDING' to 'SUSPENDED'
05:45:47.259730 Console: Machine state changed to 'Paused'
05:45:56.141288 Resuming VM execution, reason 'host resume'
05:45:56.141348 Changing the VM state from 'SUSPENDED' to 'RESUMING'
05:45:56.141447 AIOMgr: Endpoint for file '/home/harsh/Downloads/CNLab/lab7/lab7_network/VMImages/h2/Snapshots/{a52678ea-7277-4541-8ef7-7de3ae5f7645}.vdi' (flags 000c0723) created successfully
05:45:56.339882 NAT: resolv.conf: nameserver 127.0.0.53
05:45:56.339908 NAT: resolv.conf: ignoring "options edns0 trust-ad"
05:45:56.339915 NAT: DNS#0: 127.0.0.53
05:45:56.339930 Changing the VM state from 'RESUMING' to 'RUNNING'
05:45:56.339950 Console: Machine state changed to 'Running'
07:15:08.948479 Pausing VM execution, reason 'host suspend'
07:15:08.948525 Changing the VM state from 'RUNNING' to 'SUSPENDING'
07:15:09.022429 AIOMgr: Endpoint for file '/home/harsh/Downloads/CNLab/lab7/lab7_network/VMImages/h2/Snapshots/{a52678ea-7277-4541-8ef7-7de3ae5f7645}.vdi' (flags 000c0781) created successfully
07:15:09.049535 PDMR3Suspend: 100 988 339 ns run time
07:15:09.049594 Changing the VM state from 'SUSPENDING' to 'SUSPENDED'
07:15:09.049625 Console: Machine state changed to 'Paused'
07:15:18.300285 Resuming VM execution, reason 'host resume'
07:15:18.300321 Changing the VM state from 'SUSPENDED' to 'RESUMING'
07:15:18.300575 AIOMgr: Endpoint for file '/home/harsh/Downloads/CNLab/lab7/lab7_network/VMImages/h2/Snapshots/{a52678ea-7277-4541-8ef7-7de3ae5f7645}.vdi' (flags 000c0723) created successfully
07:15:18.525068 Changing the VM state from 'RESUMING' to 'RUNNING'
07:15:18.525088 NAT: resolv.conf: nameserver 127.0.0.53
07:15:18.525105 Console: Machine state changed to 'Running'
07:15:18.525114 NAT: resolv.conf: ignoring "options edns0 trust-ad"
07:15:18.525124 NAT: DNS#0: 127.0.0.53
08:05:49.822209 Pausing VM execution, reason 'host suspend'
08:05:49.880531 Changing the VM state from 'RUNNING' to 'SUSPENDING'
08:05:50.240107 AIOMgr: Endpoint for file '/home/harsh/Downloads/CNLab/lab7/lab7_network/VMImages/h2/Snapshots/{a52678ea-7277-4541-8ef7-7de3ae5f7645}.vdi' (flags 000c0781) created successfully
08:05:50.411843 PDMR3Suspend: 531 244 509 ns run time
08:05:50.411896 Changing the VM state from 'SUSPENDING' to 'SUSPENDED'
08:05:50.411922 Console: Machine state changed to 'Paused'
08:05:55.476100 Resuming VM execution, reason 'host resume'
08:05:55.476132 Changing the VM state from 'SUSPENDED' to 'RESUMING'
08:05:55.476222 AIOMgr: Endpoint for file '/home/harsh/Downloads/CNLab/lab7/lab7_network/VMImages/h2/Snapshots/{a52678ea-7277-4541-8ef7-7de3ae5f7645}.vdi' (flags 000c0723) created successfully
08:05:55.544567 NAT: resolv.conf: nameserver 127.0.0.53
08:05:55.544584 NAT: resolv.conf: ignoring "options edns0 trust-ad"
08:05:55.544593 NAT: DNS#0: 127.0.0.53
08:05:55.544645 Changing the VM state from 'RESUMING' to 'RUNNING'
08:05:55.544657 Console: Machine state changed to 'Running'
