00:00:00.162503 VirtualBox VM 6.1.26 r145957 linux.amd64 (Jul 28 2021 20:12:18) release log
00:00:00.162509 Log opened 2021-10-26T03:01:40.529631000Z
00:00:00.162511 Build Type: release
00:00:00.162520 OS Product: Linux
00:00:00.162524 OS Release: 5.11.0-37-generic
00:00:00.162528 OS Version: #41~20.04.2-Ubuntu SMP Fri Sep 24 09:06:38 UTC 2021
00:00:00.162594 DMI Product Name: Vostro 3578
00:00:00.162621 DMI Product Version: 
00:00:00.162649 Firmware type: BIOS
00:00:00.162766 Host RAM: 7718MB (7.5GB) total, 5145MB (5.0GB) available
00:00:00.162778 Executable: /usr/lib/virtualbox/VBoxHeadless
00:00:00.162779 Process ID: 8896
00:00:00.162781 Package type: LINUX_64BITS_UBUNTU_19_10
00:00:00.237499 Installed Extension Packs:
00:00:00.237546   None installed!
00:00:00.242861 Console: Machine state changed to 'Starting'
00:00:00.542000 SUP: seg #0: R   0x00000000 LB 0x0004d000
00:00:00.542022 SUP: seg #1: R X 0x0004d000 LB 0x00115000
00:00:00.542025 SUP: seg #2: R   0x00162000 LB 0x0005f000
00:00:00.542028 SUP: seg #3: RW  0x001c1000 LB 0x000350a0
00:00:00.543154 SUP: Loaded VMMR0.r0 (/usr/lib/virtualbox/VMMR0.r0) at 0xXXXXXXXXXXXXXXXX - ModuleInit at XXXXXXXXXXXXXXXX and ModuleTerm at XXXXXXXXXXXXXXXX
00:00:00.543166 SUP: VMMR0EntryEx located at XXXXXXXXXXXXXXXX and VMMR0EntryFast at XXXXXXXXXXXXXXXX
00:00:00.548168 Guest OS type: 'Ubuntu_64'
00:00:00.550695 fHMForced=true - No raw-mode support in this build!
00:00:00.563900 File system of '/home/harsh/Downloads/CNLab/lab7/lab7_network/VMImages/h1/Snapshots' (snapshots) is ext4
00:00:00.563900 File system of '/home/harsh/Downloads/CNLab/lab7/lab7_network/VMImages/h1/Snapshots/{7d7fa6f6-1a12-4a0e-b1df-878a902151ed}.vdi' is ext4
00:00:00.600365 Shared Clipboard: Service loaded
00:00:00.600379 Shared Clipboard: Mode: Off
00:00:00.600464 Shared Clipboard: Service running in headless mode
00:00:00.627716 Drag and drop service loaded
00:00:00.627757 Drag and drop mode: Off
00:00:00.640558 ************************* CFGM dump *************************
00:00:00.640562 [/] (level 0)
00:00:00.640569   CpuExecutionCap   <integer> = 0x0000000000000064 (100)
00:00:00.640572   EnablePAE         <integer> = 0x0000000000000000 (0)
00:00:00.640573   HMEnabled         <integer> = 0x0000000000000001 (1)
00:00:00.640574   MemBalloonSize    <integer> = 0x0000000000000000 (0)
00:00:00.640575   Name              <string>  = "h1" (cb=3)
00:00:00.640576   NumCPUs           <integer> = 0x0000000000000001 (1)
00:00:00.640576   PageFusionAllowed <integer> = 0x0000000000000000 (0)
00:00:00.640577   RamHoleSize       <integer> = 0x0000000020000000 (536 870 912, 512 MB)
00:00:00.640578   RamSize           <integer> = 0x0000000040000000 (1 073 741 824, 1 024 MB)
00:00:00.640579   TimerMillies      <integer> = 0x000000000000000a (10)
00:00:00.640580   UUID              <bytes>   = "33 57 8b aa df 49 3c 47 9d c2 35 76 97 31 e2 00" (cb=16)
00:00:00.640583 
00:00:00.640584 [/CPUM/] (level 1)
00:00:00.640585   GuestCpuName       <string>  = "host" (cb=5)
00:00:00.640586   NestedHWVirt       <integer> = 0x0000000000000000 (0)
00:00:00.640587   PortableCpuIdLevel <integer> = 0x0000000000000000 (0)
00:00:00.640587   SpecCtrl           <integer> = 0x0000000000000000 (0)
00:00:00.640588 
00:00:00.640588 [/CPUM/IsaExts/] (level 2)
00:00:00.640589 
00:00:00.640591 [/DBGC/] (level 1)
00:00:00.640591   GlobalInitScript <string>  = "/home/harsh/.config/VirtualBox/dbgc-init" (cb=41)
00:00:00.640592   HistoryFile      <string>  = "/home/harsh/.config/VirtualBox/dbgc-history" (cb=44)
00:00:00.640592   LocalInitScript  <string>  = "/home/harsh/Downloads/CNLab/lab7/lab7_network/VMImages/h1/dbgc-init" (cb=68)
00:00:00.640593 
00:00:00.640593 [/DBGF/] (level 1)
00:00:00.640594   Path <string>  = "/home/harsh/Downloads/CNLab/lab7/lab7_network/VMImages/h1/debug/;/home/harsh/Downloads/CNLab/lab7/lab7_network/VMImages/h1/;cache*/home/harsh/Downloads/CNLab/lab7/lab7_network/VMImages/h1/dbgcache/;/home/harsh/" (cb=211)
00:00:00.640594 
00:00:00.640595 [/Devices/] (level 1)
00:00:00.640595 
00:00:00.640595 [/Devices/8237A/] (level 2)
00:00:00.640596 
00:00:00.640596 [/Devices/8237A/0/] (level 3)
00:00:00.640597   Trusted <integer> = 0x0000000000000001 (1)
00:00:00.640597 
00:00:00.640598 [/Devices/GIMDev/] (level 2)
00:00:00.640598 
00:00:00.640599 [/Devices/GIMDev/0/] (level 3)
00:00:00.640599   Trusted <integer> = 0x0000000000000001 (1)
00:00:00.640600 
00:00:00.640600 [/Devices/VMMDev/] (level 2)
00:00:00.640601 
00:00:00.640601 [/Devices/VMMDev/0/] (level 3)
00:00:00.640602   PCIBusNo      <integer> = 0x0000000000000000 (0)
00:00:00.640602   PCIDeviceNo   <integer> = 0x0000000000000004 (4)
00:00:00.640603   PCIFunctionNo <integer> = 0x0000000000000000 (0)
00:00:00.640603   Trusted       <integer> = 0x0000000000000001 (1)
00:00:00.640604 
00:00:00.640604 [/Devices/VMMDev/0/Config/] (level 4)
00:00:00.640605   GuestCoreDumpDir <string>  = "/home/harsh/Downloads/CNLab/lab7/lab7_network/VMImages/h1/Snapshots" (cb=68)
00:00:00.640605 
00:00:00.640606 [/Devices/VMMDev/0/LUN#0/] (level 4)
00:00:00.640606   Driver <string>  = "HGCM" (cb=5)
00:00:00.640607 
00:00:00.640607 [/Devices/VMMDev/0/LUN#0/Config/] (level 5)
00:00:00.640608   Object <integer> = 0x00007f05cc000bb0 (139 662 874 119 088)
00:00:00.640609 
00:00:00.640609 [/Devices/VMMDev/0/LUN#999/] (level 4)
00:00:00.640610   Driver <string>  = "MainStatus" (cb=11)
00:00:00.640611 
00:00:00.640611 [/Devices/VMMDev/0/LUN#999/Config/] (level 5)
00:00:00.640612   First   <integer> = 0x0000000000000000 (0)
00:00:00.640612   Last    <integer> = 0x0000000000000000 (0)
00:00:00.640613   papLeds <integer> = 0x00007f05d80027f8 (139 663 075 452 920)
00:00:00.640614 
00:00:00.640614 [/Devices/acpi/] (level 2)
00:00:00.640615 
00:00:00.640615 [/Devices/acpi/0/] (level 3)
00:00:00.640615   PCIBusNo      <integer> = 0x0000000000000000 (0)
00:00:00.640616   PCIDeviceNo   <integer> = 0x0000000000000007 (7)
00:00:00.640617   PCIFunctionNo <integer> = 0x0000000000000000 (0)
00:00:00.640617   Trusted       <integer> = 0x0000000000000001 (1)
00:00:00.640618 
00:00:00.640618 [/Devices/acpi/0/Config/] (level 4)
00:00:00.640619   CpuHotPlug          <integer> = 0x0000000000000000 (0)
00:00:00.640619   FdcEnabled          <integer> = 0x0000000000000000 (0)
00:00:00.640620   HostBusPciAddress   <integer> = 0x0000000000000000 (0)
00:00:00.640620   HpetEnabled         <integer> = 0x0000000000000000 (0)
00:00:00.640621   IOAPIC              <integer> = 0x0000000000000001 (1)
00:00:00.640622   IocPciAddress       <integer> = 0x0000000000010000 (65 536)
00:00:00.640623   NumCPUs             <integer> = 0x0000000000000001 (1)
00:00:00.640623   Parallel0IoPortBase <integer> = 0x0000000000000000 (0)
00:00:00.640624   Parallel0Irq        <integer> = 0x0000000000000000 (0)
00:00:00.640624   Parallel1IoPortBase <integer> = 0x0000000000000000 (0)
00:00:00.640625   Parallel1Irq        <integer> = 0x0000000000000000 (0)
00:00:00.640625   Serial0IoPortBase   <integer> = 0x0000000000000000 (0)
00:00:00.640626   Serial0Irq          <integer> = 0x0000000000000000 (0)
00:00:00.640626   Serial1IoPortBase   <integer> = 0x0000000000000000 (0)
00:00:00.640627   Serial1Irq          <integer> = 0x0000000000000000 (0)
00:00:00.640628   ShowCpu             <integer> = 0x0000000000000001 (1)
00:00:00.640628   ShowRtc             <integer> = 0x0000000000000000 (0)
00:00:00.640629   SmcEnabled          <integer> = 0x0000000000000000 (0)
00:00:00.640629 
00:00:00.640630 [/Devices/acpi/0/LUN#0/] (level 4)
00:00:00.640630   Driver <string>  = "ACPIHost" (cb=9)
00:00:00.640631 
00:00:00.640631 [/Devices/acpi/0/LUN#0/Config/] (level 5)
00:00:00.640632 
00:00:00.640632 [/Devices/ahci/] (level 2)
00:00:00.640633 
00:00:00.640633 [/Devices/ahci/0/] (level 3)
00:00:00.640634   PCIBusNo      <integer> = 0x0000000000000000 (0)
00:00:00.640634   PCIDeviceNo   <integer> = 0x000000000000000d (13)
00:00:00.640635   PCIFunctionNo <integer> = 0x0000000000000000 (0)
00:00:00.640635   Trusted       <integer> = 0x0000000000000001 (1)
00:00:00.640636 
00:00:00.640636 [/Devices/ahci/0/Config/] (level 4)
00:00:00.640637   Bootable  <integer> = 0x0000000000000001 (1)
00:00:00.640637   PortCount <integer> = 0x0000000000000001 (1)
00:00:00.640638 
00:00:00.640638 [/Devices/ahci/0/Config/Port0/] (level 5)
00:00:00.640639   Hotpluggable <integer> = 0x0000000000000000 (0)
00:00:00.640639 
00:00:00.640640 [/Devices/ahci/0/LUN#0/] (level 4)
00:00:00.640641   Driver <string>  = "VD" (cb=3)
00:00:00.640641 
00:00:00.640641 [/Devices/ahci/0/LUN#0/Config/] (level 5)
00:00:00.640643   BlockCache <integer> = 0x0000000000000001 (1)
00:00:00.640643   Format     <string>  = "VDI" (cb=4)
00:00:00.640644   Mountable  <integer> = 0x0000000000000000 (0)
00:00:00.640644   Path       <string>  = "/home/harsh/Downloads/CNLab/lab7/lab7_network/VMImages/h1/Snapshots/{7d7fa6f6-1a12-4a0e-b1df-878a902151ed}.vdi" (cb=111)
00:00:00.640645   Type       <string>  = "HardDisk" (cb=9)
00:00:00.640645   UseNewIo   <integer> = 0x0000000000000001 (1)
00:00:00.640646 
00:00:00.640646 [/Devices/ahci/0/LUN#0/Config/Parent/] (level 6)
00:00:00.640647   Format <string>  = "VDI" (cb=4)
00:00:00.640647   Path   <string>  = "/home/harsh/Downloads/CNLab/lab7/lab7_network/VMImages/base/base.vdi" (cb=69)
00:00:00.640648 
00:00:00.640648 [/Devices/ahci/0/LUN#0/Config/Parent/VDConfig/] (level 7)
00:00:00.640649   AllocationBlockSize <string>  = "1048576" (cb=8)
00:00:00.640650 
00:00:00.640650 [/Devices/ahci/0/LUN#0/Config/VDConfig/] (level 6)
00:00:00.640651   AllocationBlockSize <string>  = "1048576" (cb=8)
00:00:00.640651 
00:00:00.640652 [/Devices/ahci/0/LUN#999/] (level 4)
00:00:00.640652   Driver <string>  = "MainStatus" (cb=11)
00:00:00.640653 
00:00:00.640653 [/Devices/ahci/0/LUN#999/Config/] (level 5)
00:00:00.640654   DeviceInstance        <string>  = "ahci/0" (cb=7)
00:00:00.640654   First                 <integer> = 0x0000000000000000 (0)
00:00:00.640655   Last                  <integer> = 0x0000000000000000 (0)
00:00:00.640656   pConsole              <integer> = 0x00007f05d8001420 (139 663 075 447 840)
00:00:00.640657   papLeds               <integer> = 0x00007f05d8001c00 (139 663 075 449 856)
00:00:00.640658   pmapMediumAttachments <integer> = 0x00007f05d8002818 (139 663 075 452 952)
00:00:00.640659 
00:00:00.640659 [/Devices/apic/] (level 2)
00:00:00.640660 
00:00:00.640660 [/Devices/apic/0/] (level 3)
00:00:00.640661   Trusted <integer> = 0x0000000000000001 (1)
00:00:00.640661 
00:00:00.640662 [/Devices/apic/0/Config/] (level 4)
00:00:00.640662   IOAPIC  <integer> = 0x0000000000000001 (1)
00:00:00.640663   Mode    <integer> = 0x0000000000000003 (3)
00:00:00.640663   NumCPUs <integer> = 0x0000000000000001 (1)
00:00:00.640664 
00:00:00.640664 [/Devices/e1000/] (level 2)
00:00:00.640665 
00:00:00.640665 [/Devices/e1000/0/] (level 3)
00:00:00.640666   PCIBusNo      <integer> = 0x0000000000000000 (0)
00:00:00.640666   PCIDeviceNo   <integer> = 0x0000000000000003 (3)
00:00:00.640667   PCIFunctionNo <integer> = 0x0000000000000000 (0)
00:00:00.640667   Trusted       <integer> = 0x0000000000000001 (1)
00:00:00.640668 
00:00:00.640668 [/Devices/e1000/0/Config/] (level 4)
00:00:00.640669   AdapterType    <integer> = 0x0000000000000000 (0)
00:00:00.640669   CableConnected <integer> = 0x0000000000000001 (1)
00:00:00.640670   LineSpeed      <integer> = 0x0000000000000000 (0)
00:00:00.640670   MAC            <bytes>   = "08 00 27 5c 20 74" (cb=6)
00:00:00.640672 
00:00:00.640672 [/Devices/e1000/0/LUN#0/] (level 4)
00:00:00.640673   Driver <string>  = "NAT" (cb=4)
00:00:00.640673 
00:00:00.640673 [/Devices/e1000/0/LUN#0/Config/] (level 5)
00:00:00.640674   AliasMode       <integer> = 0x0000000000000000 (0)
00:00:00.640675   BootFile        <string>  = "h1.pxe" (cb=7)
00:00:00.640675   DNSProxy        <integer> = 0x0000000000000000 (0)
00:00:00.640676   Network         <string>  = "10.0.2.0/24" (cb=12)
00:00:00.640676   PassDomain      <integer> = 0x0000000000000001 (1)
00:00:00.640677   TFTPPrefix      <string>  = "/home/harsh/.config/VirtualBox/TFTP" (cb=36)
00:00:00.640677   UseHostResolver <integer> = 0x0000000000000000 (0)
00:00:00.640678 
00:00:00.640678 [/Devices/e1000/0/LUN#0/Config/PortForwarding/] (level 6)
00:00:00.640679 
00:00:00.640679 [/Devices/e1000/0/LUN#0/Config/PortForwarding/0/] (level 7)
00:00:00.640680   GuestPort <integer> = 0x0000000000000016 (22)
00:00:00.640681   HostPort  <integer> = 0x00000000000038a5 (14 501)
00:00:00.640682   Name      <string>  = "ssh" (cb=4)
00:00:00.640682   Protocol  <string>  = "TCP" (cb=4)
00:00:00.640683 
00:00:00.640683 [/Devices/e1000/0/LUN#999/] (level 4)
00:00:00.640684   Driver <string>  = "MainStatus" (cb=11)
00:00:00.640684 
00:00:00.640684 [/Devices/e1000/0/LUN#999/Config/] (level 5)
00:00:00.640685   First   <integer> = 0x0000000000000000 (0)
00:00:00.640686   Last    <integer> = 0x0000000000000000 (0)
00:00:00.640686   papLeds <integer> = 0x00007f05d80026d8 (139 663 075 452 632)
00:00:00.640687 
00:00:00.640687 [/Devices/e1000/1/] (level 3)
00:00:00.640688   PCIBusNo      <integer> = 0x0000000000000000 (0)
00:00:00.640688   PCIDeviceNo   <integer> = 0x0000000000000008 (8)
00:00:00.640689   PCIFunctionNo <integer> = 0x0000000000000000 (0)
00:00:00.640689   Trusted       <integer> = 0x0000000000000001 (1)
00:00:00.640690 
00:00:00.640690 [/Devices/e1000/1/Config/] (level 4)
00:00:00.640691   AdapterType    <integer> = 0x0000000000000000 (0)
00:00:00.640692   CableConnected <integer> = 0x0000000000000001 (1)
00:00:00.640692   LineSpeed      <integer> = 0x0000000000000000 (0)
00:00:00.640693   MAC            <bytes>   = "08 00 27 63 a5 d5" (cb=6)
00:00:00.640694 
00:00:00.640694 [/Devices/e1000/1/LUN#0/] (level 4)
00:00:00.640695   Driver <string>  = "IntNet" (cb=7)
00:00:00.640695 
00:00:00.640695 [/Devices/e1000/1/LUN#0/Config/] (level 5)
00:00:00.640696   IfPolicyPromisc <string>  = "deny" (cb=5)
00:00:00.640697   Network         <string>  = "intnet1" (cb=8)
00:00:00.640697   TrunkType       <integer> = 0x0000000000000002 (2)
00:00:00.640698 
00:00:00.640698 [/Devices/e1000/1/LUN#999/] (level 4)
00:00:00.640699   Driver <string>  = "MainStatus" (cb=11)
00:00:00.640699 
00:00:00.640699 [/Devices/e1000/1/LUN#999/Config/] (level 5)
00:00:00.640700   First   <integer> = 0x0000000000000000 (0)
00:00:00.640701   Last    <integer> = 0x0000000000000000 (0)
00:00:00.640701   papLeds <integer> = 0x00007f05d80026e0 (139 663 075 452 640)
00:00:00.640702 
00:00:00.640702 [/Devices/i8254/] (level 2)
00:00:00.640703 
00:00:00.640703 [/Devices/i8254/0/] (level 3)
00:00:00.640704 
00:00:00.640704 [/Devices/i8254/0/Config/] (level 4)
00:00:00.640705 
00:00:00.640705 [/Devices/i8259/] (level 2)
00:00:00.640706 
00:00:00.640706 [/Devices/i8259/0/] (level 3)
00:00:00.640707   Trusted <integer> = 0x0000000000000001 (1)
00:00:00.640707 
00:00:00.640707 [/Devices/i8259/0/Config/] (level 4)
00:00:00.640708 
00:00:00.640708 [/Devices/ichac97/] (level 2)
00:00:00.640709 
00:00:00.640709 [/Devices/ichac97/0/] (level 3)
00:00:00.640710   PCIBusNo      <integer> = 0x0000000000000000 (0)
00:00:00.640710   PCIDeviceNo   <integer> = 0x0000000000000005 (5)
00:00:00.640711   PCIFunctionNo <integer> = 0x0000000000000000 (0)
00:00:00.640711   Trusted       <integer> = 0x0000000000000001 (1)
00:00:00.640712 
00:00:00.640712 [/Devices/ichac97/0/AudioConfig/] (level 4)
00:00:00.640713 
00:00:00.640713 [/Devices/ichac97/0/Config/] (level 4)
00:00:00.640714   Codec        <string>  = "AD1980" (cb=7)
00:00:00.640714   DebugEnabled <integer> = 0x0000000000000000 (0)
00:00:00.640715 
00:00:00.640715 [/Devices/ichac97/0/LUN#0/] (level 4)
00:00:00.640716   Driver <string>  = "AUDIO" (cb=6)
00:00:00.640716 
00:00:00.640716 [/Devices/ichac97/0/LUN#0/AttachedDriver/] (level 5)
00:00:00.640717   Driver <string>  = "PulseAudio" (cb=11)
00:00:00.640718 
00:00:00.640718 [/Devices/ichac97/0/LUN#0/AttachedDriver/Config/] (level 6)
00:00:00.640719   VmName <string>  = "h1" (cb=3)
00:00:00.640720 
00:00:00.640720 [/Devices/ichac97/0/LUN#0/Config/] (level 5)
00:00:00.640721   DriverName    <string>  = "PulseAudio" (cb=11)
00:00:00.640721   InputEnabled  <integer> = 0x0000000000000000 (0)
00:00:00.640722   OutputEnabled <integer> = 0x0000000000000001 (1)
00:00:00.640722 
00:00:00.640722 [/Devices/ichac97/0/LUN#1/] (level 4)
00:00:00.640723   Driver <string>  = "AUDIO" (cb=6)
00:00:00.640723 
00:00:00.640724 [/Devices/ichac97/0/LUN#2/] (level 4)
00:00:00.640724   Driver <string>  = "AUDIO" (cb=6)
00:00:00.640725 
00:00:00.640725 [/Devices/ioapic/] (level 2)
00:00:00.640726 
00:00:00.640726 [/Devices/ioapic/0/] (level 3)
00:00:00.640726   Trusted <integer> = 0x0000000000000001 (1)
00:00:00.640727 
00:00:00.640727 [/Devices/ioapic/0/Config/] (level 4)
00:00:00.640728   NumCPUs <integer> = 0x0000000000000001 (1)
00:00:00.640728 
00:00:00.640729 [/Devices/mc146818/] (level 2)
00:00:00.640729 
00:00:00.640729 [/Devices/mc146818/0/] (level 3)
00:00:00.640730 
00:00:00.640730 [/Devices/mc146818/0/Config/] (level 4)
00:00:00.640731   UseUTC <integer> = 0x0000000000000001 (1)
00:00:00.640732 
00:00:00.640732 [/Devices/parallel/] (level 2)
00:00:00.640732 
00:00:00.640733 [/Devices/pcarch/] (level 2)
00:00:00.640733 
00:00:00.640733 [/Devices/pcarch/0/] (level 3)
00:00:00.640734   Trusted <integer> = 0x0000000000000001 (1)
00:00:00.640735 
00:00:00.640735 [/Devices/pcarch/0/Config/] (level 4)
00:00:00.640736 
00:00:00.640736 [/Devices/pcbios/] (level 2)
00:00:00.640737 
00:00:00.640737 [/Devices/pcbios/0/] (level 3)
00:00:00.640737   Trusted <integer> = 0x0000000000000001 (1)
00:00:00.640738 
00:00:00.640738 [/Devices/pcbios/0/Config/] (level 4)
00:00:00.640739   APIC               <integer> = 0x0000000000000001 (1)
00:00:00.640740   BootDevice0        <string>  = "FLOPPY" (cb=7)
00:00:00.640740   BootDevice1        <string>  = "DVD" (cb=4)
00:00:00.640741   BootDevice2        <string>  = "IDE" (cb=4)
00:00:00.640741   BootDevice3        <string>  = "NONE" (cb=5)
00:00:00.640742   FloppyDevice       <string>  = "i82078" (cb=7)
00:00:00.640742   HardDiskDevice     <string>  = "piix3ide" (cb=9)
00:00:00.640743   IOAPIC             <integer> = 0x0000000000000001 (1)
00:00:00.640743   McfgBase           <integer> = 0x0000000000000000 (0)
00:00:00.640744   McfgLength         <integer> = 0x0000000000000000 (0)
00:00:00.640745   NumCPUs            <integer> = 0x0000000000000001 (1)
00:00:00.640745   PXEDebug           <integer> = 0x0000000000000000 (0)
00:00:00.640746   SataHardDiskDevice <string>  = "ahci" (cb=5)
00:00:00.640746   SataLUN1           <integer> = 0x0000000000000000 (0)
00:00:00.640747   UUID               <bytes>   = "33 57 8b aa df 49 3c 47 9d c2 35 76 97 31 e2 00" (cb=16)
00:00:00.640748   UuidLe             <integer> = 0x0000000000000000 (0)
00:00:00.640749 
00:00:00.640749 [/Devices/pcbios/0/Config/NetBoot/] (level 5)
00:00:00.640750 
00:00:00.640750 [/Devices/pcbios/0/Config/NetBoot/0/] (level 6)
00:00:00.640751   NIC           <integer> = 0x0000000000000000 (0)
00:00:00.640752   PCIBusNo      <integer> = 0x0000000000000000 (0)
00:00:00.640752   PCIDeviceNo   <integer> = 0x0000000000000003 (3)
00:00:00.640753   PCIFunctionNo <integer> = 0x0000000000000000 (0)
00:00:00.640753 
00:00:00.640753 [/Devices/pci/] (level 2)
00:00:00.640754 
00:00:00.640754 [/Devices/pci/0/] (level 3)
00:00:00.640755   Trusted <integer> = 0x0000000000000001 (1)
00:00:00.640755 
00:00:00.640756 [/Devices/pci/0/Config/] (level 4)
00:00:00.640756   IOAPIC <integer> = 0x0000000000000001 (1)
00:00:00.640757 
00:00:00.640757 [/Devices/pcibridge/] (level 2)
00:00:00.640758 
00:00:00.640758 [/Devices/pckbd/] (level 2)
00:00:00.640759 
00:00:00.640759 [/Devices/pckbd/0/] (level 3)
00:00:00.640759   Trusted <integer> = 0x0000000000000001 (1)
00:00:00.640760 
00:00:00.640760 [/Devices/pckbd/0/Config/] (level 4)
00:00:00.640761 
00:00:00.640761 [/Devices/pckbd/0/LUN#0/] (level 4)
00:00:00.640762   Driver <string>  = "KeyboardQueue" (cb=14)
00:00:00.640762 
00:00:00.640763 [/Devices/pckbd/0/LUN#0/AttachedDriver/] (level 5)
00:00:00.640763   Driver <string>  = "MainKeyboard" (cb=13)
00:00:00.640764 
00:00:00.640764 [/Devices/pckbd/0/LUN#0/AttachedDriver/Config/] (level 6)
00:00:00.640765   Object <integer> = 0x000055ec9b46a120 (94 474 705 740 064)
00:00:00.640766 
00:00:00.640766 [/Devices/pckbd/0/LUN#0/Config/] (level 5)
00:00:00.640767   QueueSize <integer> = 0x0000000000000040 (64)
00:00:00.640768 
00:00:00.640768 [/Devices/pckbd/0/LUN#1/] (level 4)
00:00:00.640769   Driver <string>  = "MouseQueue" (cb=11)
00:00:00.640769 
00:00:00.640769 [/Devices/pckbd/0/LUN#1/AttachedDriver/] (level 5)
00:00:00.640770   Driver <string>  = "MainMouse" (cb=10)
00:00:00.640770 
00:00:00.640771 [/Devices/pckbd/0/LUN#1/AttachedDriver/Config/] (level 6)
00:00:00.640772   Object <integer> = 0x00007f05d8006110 (139 663 075 467 536)
00:00:00.640773 
00:00:00.640773 [/Devices/pckbd/0/LUN#1/Config/] (level 5)
00:00:00.640774   QueueSize <integer> = 0x0000000000000080 (128)
00:00:00.640774 
00:00:00.640774 [/Devices/pcnet/] (level 2)
00:00:00.640775 
00:00:00.640775 [/Devices/piix3ide/] (level 2)
00:00:00.640776 
00:00:00.640776 [/Devices/piix3ide/0/] (level 3)
00:00:00.640777   PCIBusNo      <integer> = 0x0000000000000000 (0)
00:00:00.640777   PCIDeviceNo   <integer> = 0x0000000000000001 (1)
00:00:00.640778   PCIFunctionNo <integer> = 0x0000000000000001 (1)
00:00:00.640778   Trusted       <integer> = 0x0000000000000001 (1)
00:00:00.640779 
00:00:00.640779 [/Devices/piix3ide/0/Config/] (level 4)
00:00:00.640780   Type <string>  = "PIIX4" (cb=6)
00:00:00.640780 
00:00:00.640781 [/Devices/piix3ide/0/LUN#0/] (level 4)
00:00:00.640782   Driver <string>  = "VD" (cb=3)
00:00:00.640782 
00:00:00.640782 [/Devices/piix3ide/0/LUN#0/Config/] (level 5)
00:00:00.640783   EmptyDrive <integer> = 0x0000000000000001 (1)
00:00:00.640783   Mountable  <integer> = 0x0000000000000001 (1)
00:00:00.640784   Type       <string>  = "DVD" (cb=4)
00:00:00.640784 
00:00:00.640785 [/Devices/piix3ide/0/LUN#999/] (level 4)
00:00:00.640785   Driver <string>  = "MainStatus" (cb=11)
00:00:00.640786 
00:00:00.640786 [/Devices/piix3ide/0/LUN#999/Config/] (level 5)
00:00:00.640787   DeviceInstance        <string>  = "piix3ide/0" (cb=11)
00:00:00.640787   First                 <integer> = 0x0000000000000000 (0)
00:00:00.640788   Last                  <integer> = 0x0000000000000003 (3)
00:00:00.640789   pConsole              <integer> = 0x00007f05d8001420 (139 663 075 447 840)
00:00:00.640790   papLeds               <integer> = 0x00007f05d8001be0 (139 663 075 449 824)
00:00:00.640791   pmapMediumAttachments <integer> = 0x00007f05d8002818 (139 663 075 452 952)
00:00:00.640792 
00:00:00.640792 [/Devices/serial/] (level 2)
00:00:00.640793 
00:00:00.640793 [/Devices/usb-ohci/] (level 2)
00:00:00.640793 
00:00:00.640794 [/Devices/usb-ohci/0/] (level 3)
00:00:00.640794   PCIBusNo      <integer> = 0x0000000000000000 (0)
00:00:00.640795   PCIDeviceNo   <integer> = 0x0000000000000006 (6)
00:00:00.640795   PCIFunctionNo <integer> = 0x0000000000000000 (0)
00:00:00.640796   Trusted       <integer> = 0x0000000000000001 (1)
00:00:00.640796 
00:00:00.640797 [/Devices/usb-ohci/0/Config/] (level 4)
00:00:00.640797 
00:00:00.640798 [/Devices/usb-ohci/0/LUN#0/] (level 4)
00:00:00.640798   Driver <string>  = "VUSBRootHub" (cb=12)
00:00:00.640799 
00:00:00.640799 [/Devices/usb-ohci/0/LUN#0/Config/] (level 5)
00:00:00.640800 
00:00:00.640800 [/Devices/usb-ohci/0/LUN#999/] (level 4)
00:00:00.640801   Driver <string>  = "MainStatus" (cb=11)
00:00:00.640801 
00:00:00.640801 [/Devices/usb-ohci/0/LUN#999/Config/] (level 5)
00:00:00.640802   First   <integer> = 0x0000000000000000 (0)
00:00:00.640803   Last    <integer> = 0x0000000000000000 (0)
00:00:00.640803   papLeds <integer> = 0x00007f05d8002800 (139 663 075 452 928)
00:00:00.640804 
00:00:00.640804 [/Devices/vga/] (level 2)
00:00:00.640805 
00:00:00.640805 [/Devices/vga/0/] (level 3)
00:00:00.640806   PCIBusNo      <integer> = 0x0000000000000000 (0)
00:00:00.640807   PCIDeviceNo   <integer> = 0x0000000000000002 (2)
00:00:00.640807   PCIFunctionNo <integer> = 0x0000000000000000 (0)
00:00:00.640807   Trusted       <integer> = 0x0000000000000001 (1)
00:00:00.640808 
00:00:00.640808 [/Devices/vga/0/Config/] (level 4)
00:00:00.640809   3DEnabled          <integer> = 0x0000000000000000 (0)
00:00:00.640810   CustomVideoModes   <integer> = 0x0000000000000000 (0)
00:00:00.640811   FadeIn             <integer> = 0x0000000000000001 (1)
00:00:00.640811   FadeOut            <integer> = 0x0000000000000001 (1)
00:00:00.640812   HeightReduction    <integer> = 0x0000000000000000 (0)
00:00:00.640812   LogoFile           <string>  = "" (cb=1)
00:00:00.640813   LogoTime           <integer> = 0x0000000000000000 (0)
00:00:00.640813   MonitorCount       <integer> = 0x0000000000000001 (1)
00:00:00.640814   ShowBootMenu       <integer> = 0x0000000000000002 (2)
00:00:00.640814   VMSVGA3dEnabled    <integer> = 0x0000000000000000 (0)
00:00:00.640815   VMSVGAEnabled      <integer> = 0x0000000000000001 (1)
00:00:00.640815   VMSVGAPciBarLayout <integer> = 0x0000000000000001 (1)
00:00:00.640816   VMSVGAPciId        <integer> = 0x0000000000000001 (1)
00:00:00.640817   VRamSize           <integer> = 0x0000000001000000 (16 777 216, 16 MB)
00:00:00.640818 
00:00:00.640818 [/Devices/vga/0/LUN#0/] (level 4)
00:00:00.640819   Driver <string>  = "MainDisplay" (cb=12)
00:00:00.640819 
00:00:00.640819 [/Devices/vga/0/LUN#0/Config/] (level 5)
00:00:00.640820   Object <integer> = 0x00007f05d8006d50 (139 663 075 470 672)
00:00:00.640821 
00:00:00.640821 [/Devices/vga/0/LUN#999/] (level 4)
00:00:00.640822   Driver <string>  = "MainStatus" (cb=11)
00:00:00.640822 
00:00:00.640823 [/Devices/vga/0/LUN#999/Config/] (level 5)
00:00:00.640824   First   <integer> = 0x0000000000000000 (0)
00:00:00.640824   Last    <integer> = 0x0000000000000000 (0)
00:00:00.640825   papLeds <integer> = 0x00007f05d8002810 (139 663 075 452 944)
00:00:00.640825 
00:00:00.640826 [/Devices/virtio-net/] (level 2)
00:00:00.640826 
00:00:00.640827 [/EM/] (level 1)
00:00:00.640827   TripleFaultReset <integer> = 0x0000000000000000 (0)
00:00:00.640828 
00:00:00.640828 [/GIM/] (level 1)
00:00:00.640828   Provider <string>  = "KVM" (cb=4)
00:00:00.640829 
00:00:00.640829 [/HM/] (level 1)
00:00:00.640830   64bitEnabled            <integer> = 0x0000000000000001 (1)
00:00:00.640831   EnableLargePages        <integer> = 0x0000000000000000 (0)
00:00:00.640831   EnableNestedPaging      <integer> = 0x0000000000000001 (1)
00:00:00.640832   EnableUX                <integer> = 0x0000000000000001 (1)
00:00:00.640832   EnableVPID              <integer> = 0x0000000000000001 (1)
00:00:00.640833   Exclusive               <integer> = 0x0000000000000001 (1)
00:00:00.640834   HMForced                <integer> = 0x0000000000000001 (1)
00:00:00.640834   IBPBOnVMEntry           <integer> = 0x0000000000000000 (0)
00:00:00.640835   IBPBOnVMExit            <integer> = 0x0000000000000000 (0)
00:00:00.640835   L1DFlushOnSched         <integer> = 0x0000000000000001 (1)
00:00:00.640836   L1DFlushOnVMEntry       <integer> = 0x0000000000000000 (0)
00:00:00.640836   LovelyMesaDrvWorkaround <integer> = 0x0000000000000001 (1)
00:00:00.640837   MDSClearOnSched         <integer> = 0x0000000000000001 (1)
00:00:00.640837   MDSClearOnVMEntry       <integer> = 0x0000000000000000 (0)
00:00:00.640838   SpecCtrlByHost          <integer> = 0x0000000000000000 (0)
00:00:00.640839   UseNEMInstead           <integer> = 0x0000000000000000 (0)
00:00:00.640839 
00:00:00.640839 [/MM/] (level 1)
00:00:00.640840   CanUseLargerHeap <integer> = 0x0000000000000000 (0)
00:00:00.640840 
00:00:00.640841 [/NEM/] (level 1)
00:00:00.640841   Allow64BitGuests        <integer> = 0x0000000000000001 (1)
00:00:00.640842   LovelyMesaDrvWorkaround <integer> = 0x0000000000000001 (1)
00:00:00.640842 
00:00:00.640843 [/PDM/] (level 1)
00:00:00.640843 
00:00:00.640843 [/PDM/AsyncCompletion/] (level 2)
00:00:00.640844 
00:00:00.640844 [/PDM/AsyncCompletion/File/] (level 3)
00:00:00.640845 
00:00:00.640845 [/PDM/AsyncCompletion/File/BwGroups/] (level 4)
00:00:00.640846 
00:00:00.640846 [/PDM/BlkCache/] (level 2)
00:00:00.640847   CacheSize <integer> = 0x0000000000500000 (5 242 880, 5 MB)
00:00:00.640848 
00:00:00.640848 [/PDM/Devices/] (level 2)
00:00:00.640848 
00:00:00.640849 [/PDM/Drivers/] (level 2)
00:00:00.640849 
00:00:00.640849 [/PDM/Drivers/VBoxC/] (level 3)
00:00:00.640850   Path <string>  = "/usr/lib/virtualbox/components/VBoxC" (cb=37)
00:00:00.640851 
00:00:00.640851 [/PDM/NetworkShaper/] (level 2)
00:00:00.640851 
00:00:00.640852 [/PDM/NetworkShaper/BwGroups/] (level 3)
00:00:00.640852 
00:00:00.640853 [/TM/] (level 1)
00:00:00.640853   UTCOffset <integer> = 0x0000000000000000 (0)
00:00:00.640854 
00:00:00.640854 [/USB/] (level 1)
00:00:00.640854 
00:00:00.640854 [/USB/HidMouse/] (level 2)
00:00:00.640855 
00:00:00.640855 [/USB/HidMouse/0/] (level 3)
00:00:00.640856 
00:00:00.640856 [/USB/HidMouse/0/Config/] (level 4)
00:00:00.640857   Mode <string>  = "absolute" (cb=9)
00:00:00.640857 
00:00:00.640857 [/USB/HidMouse/0/LUN#0/] (level 4)
00:00:00.640858   Driver <string>  = "MouseQueue" (cb=11)
00:00:00.640859 
00:00:00.640859 [/USB/HidMouse/0/LUN#0/AttachedDriver/] (level 5)
00:00:00.640860   Driver <string>  = "MainMouse" (cb=10)
00:00:00.640860 
00:00:00.640860 [/USB/HidMouse/0/LUN#0/AttachedDriver/Config/] (level 6)
00:00:00.640861   Object <integer> = 0x00007f05d8006110 (139 663 075 467 536)
00:00:00.640862 
00:00:00.640862 [/USB/HidMouse/0/LUN#0/Config/] (level 5)
00:00:00.640863   QueueSize <integer> = 0x0000000000000080 (128)
00:00:00.640864 
00:00:00.640864 [/USB/USBProxy/] (level 2)
00:00:00.640865 
00:00:00.640865 [/USB/USBProxy/GlobalConfig/] (level 3)
00:00:00.640865 
00:00:00.640866 ********************* End of CFGM dump **********************
00:00:00.642087 HM: HMR3Init: VT-x w/ nested paging and unrestricted guest execution hw support
00:00:00.642118 MM: cbHyperHeap=0x200000 (2097152)
00:00:00.643748 CPUM: fXStateHostMask=0x7; initial: 0x7; host XCR0=0x1f
00:00:00.644668 CPUM: Matched host CPU INTEL 0x6/0x8e/0xa Intel_Core7_CoffeeLake with CPU DB entry 'Intel Core i7-6700K' (INTEL 0x6/0x5e/0x3 Intel_Core7_Skylake)
00:00:00.645054 CPUM: MXCSR_MASK=0xffff (host: 0xffff)
00:00:00.645068 CPUM: Microcode revision 0x000000EA
00:00:00.645074 CPUM: Changing leaf 13[0]: EBX=0x440 -> 0x340, ECX=0x440 -> 0x340
00:00:00.645080 CPUM: MSR/CPUID reconciliation insert: 0x0000010b IA32_FLUSH_CMD
00:00:00.645891 PGM: Host paging mode: AMD64+PGE+NX
00:00:00.645900 PGM: PGMPool: cMaxPages=768 (u64MaxPages=545)
00:00:00.645903 PGM: pgmR3PoolInit: cMaxPages=0x300 cMaxUsers=0x600 cMaxPhysExts=0x600 fCacheEnable=true 
00:00:00.657470 PGM: /proc/sys/vm/max_map_count = 65530 (rc2=VWRN_TRAILING_CHARS); cGuessNeeded=16384
00:00:00.659236 TM: GIP - u32Mode=3 (Invariant) u32UpdateHz=62 u32UpdateIntervalNS=16000000 enmUseTscDelta=2 (Practically Zero) fGetGipCpu=0x1b cCpus=8
00:00:00.659255 TM: GIP - u64CpuHz=1 799 449 923 (0x6b416d43)  SUPGetCpuHzFromGip => 1 799 449 923
00:00:00.659261 TM: GIP - CPU: iCpuSet=0x0 idCpu=0x0 idApic=0x0 iGipCpu=0x5 i64TSCDelta=0 enmState=3 u64CpuHz=1799453922(*) cErrors=0
00:00:00.659265 TM: GIP - CPU: iCpuSet=0x1 idCpu=0x1 idApic=0x2 iGipCpu=0x1 i64TSCDelta=0 enmState=3 u64CpuHz=1799454948(*) cErrors=0
00:00:00.659269 TM: GIP - CPU: iCpuSet=0x2 idCpu=0x2 idApic=0x4 iGipCpu=0x3 i64TSCDelta=0 enmState=3 u64CpuHz=1799454859(*) cErrors=0
00:00:00.659272 TM: GIP - CPU: iCpuSet=0x3 idCpu=0x3 idApic=0x6 iGipCpu=0x6 i64TSCDelta=0 enmState=3 u64CpuHz=1799453487(*) cErrors=0
00:00:00.659275 TM: GIP - CPU: iCpuSet=0x4 idCpu=0x4 idApic=0x1 iGipCpu=0x4 i64TSCDelta=0 enmState=3 u64CpuHz=1799454391(*) cErrors=0
00:00:00.659278 TM: GIP - CPU: iCpuSet=0x5 idCpu=0x5 idApic=0x3 iGipCpu=0x2 i64TSCDelta=0 enmState=3 u64CpuHz=1799454974(*) cErrors=0
00:00:00.659281 TM: GIP - CPU: iCpuSet=0x6 idCpu=0x6 idApic=0x5 iGipCpu=0x0 i64TSCDelta=0 enmState=3 u64CpuHz=1799449923(*) cErrors=0
00:00:00.659284 TM: GIP - CPU: iCpuSet=0x7 idCpu=0x7 idApic=0x7 iGipCpu=0x7 i64TSCDelta=0 enmState=3 u64CpuHz=1799453001(*) cErrors=0
00:00:00.659335 TM: cTSCTicksPerSecond=1 799 449 923 (0x6b416d43) enmTSCMode=3 (Dynamic)
00:00:00.659337 TM: TSCTiedToExecution=false TSCNotTiedToHalt=false
00:00:00.660250 EMR3Init: fIemExecutesAll=false fGuruOnTripleFault=true 
00:00:00.660447 IEM: TargetCpu=CURRENT, Microarch=Intel_Core7_CoffeeLake
00:00:00.669843 GIM: Using provider 'KVM' (Implementation version: 0)
00:00:00.669935 CPUM: SetGuestCpuIdFeature: Enabled Hypervisor Present bit
00:00:00.712041 AIOMgr: Default manager type is 'Async'
00:00:00.712094 AIOMgr: Default file backend is 'NonBuffered'
00:00:00.712883 BlkCache: Cache successfully initialized. Cache size is 5242880 bytes
00:00:00.712921 BlkCache: Cache commit interval is 10000 ms
00:00:00.712930 BlkCache: Cache commit threshold is 2621440 bytes
00:00:00.854752 PcBios: [SMP] BIOS with 1 CPUs
00:00:00.882460 PcBios: Using the 386+ BIOS image.
00:00:00.908643 PcBios: MPS table at 000e1300
00:00:00.910409 PcBios: fCheckShutdownStatusForSoftReset=true   fClearShutdownStatusOnHardReset=true 
00:00:00.953087 SUP: seg #0: R   0x00000000 LB 0x00009000
00:00:00.953146 SUP: seg #1: R X 0x00009000 LB 0x00020000
00:00:00.953157 SUP: seg #2: R   0x00029000 LB 0x0000c000
00:00:00.953167 SUP: seg #3: RW  0x00035000 LB 0x000074d8
00:00:00.953530 SUP: Loaded VBoxDDR0.r0 (/usr/lib/virtualbox/VBoxDDR0.r0) at 0xXXXXXXXXXXXXXXXX - ModuleInit at XXXXXXXXXXXXXXXX and ModuleTerm at XXXXXXXXXXXXXXXX
00:00:00.983835 CPUM: SetGuestCpuIdFeature: Enabled xAPIC
00:00:00.983934 CPUM: SetGuestCpuIdFeature: Enabled x2APIC
00:00:00.984717 IOAPIC: Using implementation 2.0! Chipset type ICH9
00:00:00.984920 PIT: mode=3 count=0x10000 (65536) - 18.20 Hz (ch=0)
00:00:00.986800 VMMDev: cbDefaultBudget: 126 454 912 (7898c80)
00:00:01.031105 Shared Folders service loaded
00:00:01.034920 Guest Control service loaded
00:00:01.050532 VGA: Using the 386+ BIOS image.
00:00:01.098258 DrvVD: Flushes will be ignored
00:00:01.098298 DrvVD: Async flushes will be passed to the disk
00:00:01.106684 VD: VDInit finished with VINF_SUCCESS
00:00:01.107224 AIOMgr: Endpoint for file '/home/harsh/Downloads/CNLab/lab7/lab7_network/VMImages/base/base.vdi' (flags 000c0781) created successfully
00:00:01.109112 AIOMgr: Endpoint for file '/home/harsh/Downloads/CNLab/lab7/lab7_network/VMImages/h1/Snapshots/{7d7fa6f6-1a12-4a0e-b1df-878a902151ed}.vdi' (flags 000c0723) created successfully
00:00:01.110589 VD: Opening the disk took 4195366 ns
00:00:01.110750 AHCI: LUN#0: disk, PCHS=2212/16/63, total number of sectors 2229702
00:00:01.111334 AHCI#0: Reset the HBA
00:00:01.111357 VD#0: Cancelling all active requests
00:00:01.113377 DrvVD: Flushes will be ignored
00:00:01.113405 DrvVD: Async flushes will be passed to the disk
00:00:01.113493 PIIX3 ATA: LUN#0: CD/DVD, total number of sectors 0, passthrough disabled
00:00:01.120804 PIIX3 ATA: LUN#1: no unit
00:00:01.120971 PIIX3 ATA: LUN#2: no unit
00:00:01.120977 PIIX3 ATA: LUN#3: no unit
00:00:01.121045 PIIX3 ATA: Ctl#0: finished processing RESET
00:00:01.121096 PIIX3 ATA: Ctl#1: finished processing RESET
00:00:01.121554 E1000#0: Chip=82540EM LinkUpDelay=3000ms EthernetCRC=on GSO=enabled Itr=disabled ItrRx=enabled TID=disabled R0=enabled RC=disabled
00:00:01.136427 NAT: Guest address guess set to 10.0.2.15 by initialization
00:00:01.136523 NAT: resolv.conf: nameserver 127.0.0.53
00:00:01.136528 NAT: resolv.conf: ignoring "options edns0 trust-ad"
00:00:01.136535 NAT: DNS server 127.0.0.53 registration detected, switching to the DNS proxy
00:00:01.136537 NAT: DNS#0: 127.0.0.53
00:00:01.136576 NAT: Set redirect TCP 0.0.0.0:14501 -> 0.0.0.0:22
00:00:01.137548 E1000#1: Chip=82540EM LinkUpDelay=3000ms EthernetCRC=on GSO=enabled Itr=disabled ItrRx=enabled TID=disabled R0=enabled RC=disabled
00:00:01.137606 IntNet#0: szNetwork={intnet1} enmTrunkType=2 szTrunk={} fFlags=0x8000 cbRecv=325632 cbSend=196608 fIgnoreConnectFailure=false
00:00:01.138538 AC97: Using codec 'AD1980'
00:00:01.138781 Audio: Initializing PulseAudio driver
00:00:01.140750 PulseAudio: Using version 13.99.0
00:00:01.141808 PulseAudio: Retrieving server information ...
00:00:01.142411 Audio: Found 3 devices for driver 'PulseAudio'
00:00:01.142417 Audio: Device 'Built-in Audio Analog Stereo':
00:00:01.142417 Audio:   ID              = alsa_output.pci-0000_00_1f.3.analog-stereo
00:00:01.142418 Audio:   Usage           = output
00:00:01.142418 Audio:   Flags           = DEFAULT_OUT
00:00:01.142419 Audio:   Input channels  = 0
00:00:01.142419 Audio:   Output channels = 2
00:00:01.142421 Audio: Device 'Monitor of Built-in Audio Analog Stereo':
00:00:01.142421 Audio:   ID              = alsa_output.pci-0000_00_1f.3.analog-stereo.monitor
00:00:01.142422 Audio:   Usage           = input
00:00:01.142422 Audio:   Flags           = NONE
00:00:01.142422 Audio:   Input channels  = 2
00:00:01.142422 Audio:   Output channels = 0
00:00:01.142433 Audio: Device 'Built-in Audio Analog Stereo':
00:00:01.142434 Audio:   ID              = alsa_input.pci-0000_00_1f.3.analog-stereo
00:00:01.142434 Audio:   Usage           = input
00:00:01.142434 Audio:   Flags           = DEFAULT_IN
00:00:01.142434 Audio:   Input channels  = 2
00:00:01.142435 Audio:   Output channels = 0
00:00:01.142491 AC97: Reset
00:00:01.142494 AC97: Mixer reset (EAID=0x809, EACS=0x9)
00:00:01.142496 AC97: Record select to left=mic, right=mic
00:00:01.143326 VUSB: Attached 'HidMouse' to port 1 on RootHub#0 (FullSpeed)
00:00:01.143353 PGM: The CPU physical address width is 39 bits
00:00:01.143363 PGM: PGMR3InitFinalize: 4 MB PSE mask 0000007fffffffff -> VINF_SUCCESS
00:00:01.143383 TM: TMR3InitFinalize: fTSCModeSwitchAllowed=true 
00:00:01.143515 VMM: Enabled thread-context hooks
00:00:01.143519 VMM: RTThreadPreemptIsPending() can be trusted
00:00:01.143521 VMM: Kernel preemption is not possible it seems
00:00:01.143583 HM: fWorldSwitcher=0x0 (fIbpbOnVmExit=false fIbpbOnVmEntry=false fL1dFlushOnVmEntry=false); fL1dFlushOnSched=true  fMdsClearOnVmEntry=false
00:00:01.143589 HM: Using VT-x implementation 3.0
00:00:01.143589 HM: Max resume loops                  = 8192
00:00:01.143589 HM: Host CR4                          = 0x3706e0
00:00:01.143590 HM: Host EFER                         = 0xd01
00:00:01.143590 HM: MSR_IA32_SMM_MONITOR_CTL          = 0x0
00:00:01.143591 HM: MSR_IA32_FEATURE_CONTROL          = 0x5
00:00:01.143591 HM:   LOCK
00:00:01.143592 HM:   VMXON
00:00:01.143592 HM: MSR_IA32_VMX_BASIC                = 0xda040000000004
00:00:01.143593 HM:   VMCS id                           = 0x4
00:00:01.143593 HM:   VMCS size                         = 1024 bytes
00:00:01.143593 HM:   VMCS physical address limit       = None
00:00:01.143594 HM:   VMCS memory type                  = Write Back (WB)
00:00:01.143594 HM:   Dual-monitor treatment support    = true 
00:00:01.143595 HM:   OUTS & INS instruction-info       = true 
00:00:01.143595 HM:   Supports true-capability MSRs     = true 
00:00:01.143595 HM:   VM-entry Xcpt error-code optional = false
00:00:01.143596 HM: MSR_IA32_VMX_PINBASED_CTLS        = 0x7f00000016
00:00:01.143596 HM:   EXT_INT_EXIT
00:00:01.143597 HM:   NMI_EXIT
00:00:01.143597 HM:   VIRTUAL_NMI
00:00:01.143597 HM:   PREEMPT_TIMER
00:00:01.143598 HM:   POSTED_INT (must be cleared)
00:00:01.143598 HM: MSR_IA32_VMX_PROCBASED_CTLS       = 0xfff9fffe0401e172
00:00:01.143599 HM:   INT_WINDOW_EXIT
00:00:01.143599 HM:   USE_TSC_OFFSETTING
00:00:01.143599 HM:   HLT_EXIT
00:00:01.143600 HM:   INVLPG_EXIT
00:00:01.143600 HM:   MWAIT_EXIT
00:00:01.143600 HM:   RDPMC_EXIT
00:00:01.143600 HM:   RDTSC_EXIT
00:00:01.143601 HM:   CR3_LOAD_EXIT (must be set)
00:00:01.143601 HM:   CR3_STORE_EXIT (must be set)
00:00:01.143601 HM:   CR8_LOAD_EXIT
00:00:01.143602 HM:   CR8_STORE_EXIT
00:00:01.143602 HM:   USE_TPR_SHADOW
00:00:01.143602 HM:   NMI_WINDOW_EXIT
00:00:01.143602 HM:   MOV_DR_EXIT
00:00:01.143603 HM:   UNCOND_IO_EXIT
00:00:01.143603 HM:   USE_IO_BITMAPS
00:00:01.143603 HM:   MONITOR_TRAP_FLAG
00:00:01.143604 HM:   USE_MSR_BITMAPS
00:00:01.143604 HM:   MONITOR_EXIT
00:00:01.143604 HM:   PAUSE_EXIT
00:00:01.143604 HM:   USE_SECONDARY_CTLS
00:00:01.143626 HM: MSR_IA32_VMX_PROCBASED_CTLS2      = 0x5fbcff00000000
00:00:01.143627 HM:   VIRT_APIC_ACCESS
00:00:01.143627 HM:   EPT
00:00:01.143627 HM:   DESC_TABLE_EXIT
00:00:01.143628 HM:   RDTSCP
00:00:01.143628 HM:   VIRT_X2APIC_MODE
00:00:01.143628 HM:   VPID
00:00:01.143629 HM:   WBINVD_EXIT
00:00:01.143629 HM:   UNRESTRICTED_GUEST
00:00:01.143629 HM:   APIC_REG_VIRT (must be cleared)
00:00:01.143630 HM:   VIRT_INT_DELIVERY (must be cleared)
00:00:01.143630 HM:   PAUSE_LOOP_EXIT
00:00:01.143630 HM:   RDRAND_EXIT
00:00:01.143630 HM:   INVPCID
00:00:01.143631 HM:   VMFUNC
00:00:01.143631 HM:   VMCS_SHADOWING (must be cleared)
00:00:01.143631 HM:   ENCLS_EXIT
00:00:01.143632 HM:   RDSEED_EXIT
00:00:01.143632 HM:   PML
00:00:01.143632 HM:   EPT_VE
00:00:01.143632 HM:   CONCEAL_VMX_FROM_PT
00:00:01.143633 HM:   XSAVES_XRSTORS
00:00:01.143633 HM:   MODE_BASED_EPT_PERM
00:00:01.143634 HM:   SPPTP_EPT (must be cleared)
00:00:01.143634 HM:   PT_EPT (must be cleared)
00:00:01.143634 HM:   TSC_SCALING (must be cleared)
00:00:01.143634 HM:   USER_WAIT_PAUSE (must be cleared)
00:00:01.143634 HM:   ENCLV_EXIT (must be cleared)
00:00:01.143635 HM: MSR_IA32_VMX_ENTRY_CTLS           = 0x3ffff000011ff
00:00:01.143635 HM:   LOAD_DEBUG (must be set)
00:00:01.143636 HM:   IA32E_MODE_GUEST
00:00:01.143636 HM:   ENTRY_TO_SMM
00:00:01.143636 HM:   DEACTIVATE_DUAL_MON
00:00:01.143637 HM:   LOAD_PERF_MSR
00:00:01.143637 HM:   LOAD_PAT_MSR
00:00:01.143637 HM:   LOAD_EFER_MSR
00:00:01.143637 HM:   LOAD_BNDCFGS_MSR
00:00:01.143637 HM:   CONCEAL_VMX_FROM_PT
00:00:01.143638 HM:   LOAD_RTIT_CTL_MSR (must be cleared)
00:00:01.143638 HM: MSR_IA32_VMX_EXIT_CTLS            = 0x1ffffff00036dff
00:00:01.143639 HM:   SAVE_DEBUG (must be set)
00:00:01.143639 HM:   HOST_ADDR_SPACE_SIZE
00:00:01.143639 HM:   LOAD_PERF_MSR
00:00:01.143640 HM:   ACK_EXT_INT
00:00:01.143640 HM:   SAVE_PAT_MSR
00:00:01.143640 HM:   LOAD_PAT_MSR
00:00:01.143640 HM:   SAVE_EFER_MSR
00:00:01.143641 HM:   LOAD_EFER_MSR
00:00:01.143641 HM:   SAVE_PREEMPT_TIMER
00:00:01.143641 HM:   CLEAR_BNDCFGS_MSR
00:00:01.143642 HM:   CONCEAL_VMX_FROM_PT
00:00:01.143642 HM:   CLEAR_RTIT_CTL_MSR (must be cleared)
00:00:01.143642 HM: MSR_IA32_VMX_TRUE_PINBASED_CTLS   = 0x7f00000016
00:00:01.143643 HM: MSR_IA32_VMX_TRUE_PROCBASED_CTLS  = 0xfff9fffe04006172
00:00:01.143644 HM: MSR_IA32_VMX_TRUE_ENTRY_CTLS      = 0x3ffff000011fb
00:00:01.143644 HM: MSR_IA32_VMX_TRUE_EXIT_CTLS       = 0x1ffffff00036dfb
00:00:01.143645 HM: MSR_IA32_VMX_MISC                 = 0x7004c1e7
00:00:01.143646 HM:   PREEMPT_TIMER_TSC                 = 0x7
00:00:01.143646 HM:   EXIT_SAVE_EFER_LMA                = true 
00:00:01.143647 HM:   ACTIVITY_STATES                   = 0x7 ( HLT SHUTDOWN SIPI_WAIT )
00:00:01.143647 HM:   INTEL_PT                          = true 
00:00:01.143647 HM:   SMM_READ_SMBASE_MSR               = true 
00:00:01.143648 HM:   CR3_TARGET                        = 0x4
00:00:01.143648 HM:   MAX_MSR                           = 0x0 ( 512 )
00:00:01.143649 HM:   VMXOFF_BLOCK_SMI                  = true 
00:00:01.143649 HM:   VMWRITE_ALL                       = true 
00:00:01.143650 HM:   ENTRY_INJECT_SOFT_INT             = 0x1
00:00:01.143650 HM:   MSEG_ID                           = 0x0
00:00:01.143650 HM: MSR_IA32_VMX_VMCS_ENUM            = 0x2e
00:00:01.143651 HM:   HIGHEST_IDX                       = 0x17
00:00:01.143651 HM: MSR_IA32_VMX_EPT_VPID_CAP         = 0xf0106734141
00:00:01.143652 HM:   RWX_X_ONLY
00:00:01.143652 HM:   PAGE_WALK_LENGTH_4
00:00:01.143652 HM:   EMT_UC
00:00:01.143652 HM:   EMT_WB
00:00:01.143653 HM:   PDE_2M
00:00:01.143653 HM:   PDPTE_1G
00:00:01.143653 HM:   INVEPT
00:00:01.143653 HM:   EPT_ACCESS_DIRTY
00:00:01.143654 HM:   ADVEXITINFO_EPT
00:00:01.143654 HM:   INVEPT_SINGLE_CONTEXT
00:00:01.143654 HM:   INVEPT_ALL_CONTEXTS
00:00:01.143654 HM:   INVVPID
00:00:01.143655 HM:   INVVPID_INDIV_ADDR
00:00:01.143655 HM:   INVVPID_SINGLE_CONTEXT
00:00:01.143655 HM:   INVVPID_ALL_CONTEXTS
00:00:01.143655 HM:   INVVPID_SINGLE_CONTEXT_RETAIN_GLOBALS
00:00:01.143656 HM: MSR_IA32_VMX_VMFUNC               = 0x1
00:00:01.143656 HM:   EPTP_SWITCHING
00:00:01.143656 HM: MSR_IA32_VMX_CR0_FIXED0           = 0x80000021
00:00:01.143657 HM: MSR_IA32_VMX_CR0_FIXED1           = 0xffffffff
00:00:01.143657 HM: MSR_IA32_VMX_CR4_FIXED0           = 0x2000
00:00:01.143657 HM: MSR_IA32_VMX_CR4_FIXED1           = 0x3727ff
00:00:01.143658 HM: APIC-access page physaddr         = 0x00000000166b3000
00:00:01.143659 HM: VCPU  0: MSR bitmap physaddr      = 0x00000000166b7000
00:00:01.143659 HM: VCPU  0: VMCS physaddr            = 0x00000000166b4000
00:00:01.143660 HM: Guest support: 32-bit and 64-bit
00:00:01.143664 HM: Supports VMCS EFER fields         = true 
00:00:01.143664 HM: Enabled VMX
00:00:01.143667 CPUM: SetGuestCpuIdFeature: Enabled SYSENTER/EXIT
00:00:01.143667 CPUM: SetGuestCpuIdFeature: Enabled PAE
00:00:01.143667 CPUM: SetGuestCpuIdFeature: Enabled LONG MODE
00:00:01.143668 CPUM: SetGuestCpuIdFeature: Enabled SYSCALL/RET
00:00:01.143668 CPUM: SetGuestCpuIdFeature: Enabled LAHF/SAHF
00:00:01.143668 CPUM: SetGuestCpuIdFeature: Enabled NX
00:00:01.143668 HM: Enabled nested paging
00:00:01.143669 HM:   EPT flush type                  = Single context
00:00:01.143669 HM: Enabled unrestricted guest execution
00:00:01.143669 HM: Enabled VPID
00:00:01.143669 HM:   VPID flush type                 = Single context
00:00:01.143670 HM: Enabled VMX-preemption timer (cPreemptTimerShift=7)
00:00:01.143670 HM: VT-x/AMD-V init method: Global
00:00:01.143671 EM: Exit history optimizations: enabled=true  enabled-r0=true  enabled-r0-no-preemption=false
00:00:01.143697 PcBios: SATA LUN#0 LCHS=553/64/63
00:00:01.143707 APIC: fPostedIntrsEnabled=false fVirtApicRegsEnabled=false fSupportsTscDeadline=false
00:00:01.143712 TMR3UtcNow: nsNow=1 635 217 301 510 775 000 nsPrev=0 -> cNsDelta=1 635 217 301 510 775 000 (offLag=0 offVirtualSync=0 offVirtualSyncGivenUp=0, NowAgain=1 635 217 301 510 776 000)
00:00:01.143717 VMM: fUsePeriodicPreemptionTimers=false
00:00:01.143848 CPUM: Logical host processors: 8 present, 8 max, 8 online, online mask: 00000000000000ff
00:00:01.143997 CPUM: Physical host cores: 4
00:00:01.143998 ************************* CPUID dump ************************
00:00:01.144007          Raw Standard CPUID Leaves
00:00:01.144007      Leaf/sub-leaf  eax      ebx      ecx      edx
00:00:01.144008 Gst: 00000000/0000  00000016 756e6547 6c65746e 49656e69
00:00:01.144009 Hst:                00000016 756e6547 6c65746e 49656e69
00:00:01.144010 Gst: 00000001/0000  000806ea 00010800 d6fa220b 178bfbff
00:00:01.144011 Hst:                000806ea 05100800 7ffafbbf bfebfbff
00:00:01.144012 Gst: 00000002/0000  76036301 00f0b5ff 00000000 00c30000
00:00:01.144013 Hst:                76036301 00f0b5ff 00000000 00c30000
00:00:01.144013 Gst: 00000003/0000  00000000 00000000 00000000 00000000
00:00:01.144014 Hst:                00000000 00000000 00000000 00000000
00:00:01.144014 Gst: 00000004/0000  00000121 01c0003f 0000003f 00000000
00:00:01.144015 Hst:                1c004121 01c0003f 0000003f 00000000
00:00:01.144016 Gst: 00000004/0001  00000122 01c0003f 0000003f 00000000
00:00:01.144016 Hst:                1c004122 01c0003f 0000003f 00000000
00:00:01.144017 Gst: 00000004/0002  00000143 00c0003f 000003ff 00000000
00:00:01.144018 Hst:                1c004143 00c0003f 000003ff 00000000
00:00:01.144018 Gst: 00000004/0003  00000163 02c0003f 00001fff 00000006
00:00:01.144019 Hst:                1c03c163 02c0003f 00001fff 00000006
00:00:01.144020 Gst: 00000004/0004  00000000 00000000 00000000 00000000
00:00:01.144020 Hst:                00000000 00000000 00000000 00000000
00:00:01.144021 Gst: 00000005/0000  00000040 00000040 00000000 00000000
00:00:01.144021 Hst:                00000040 00000040 00000003 11142120
00:00:01.144022 Gst: 00000006/0000  00000000 00000000 00000000 00000000
00:00:01.144023 Hst:                000027f7 00000002 00000009 00000000
00:00:01.144023 Gst: 00000007/0000  00000000 00842421 00000000 10000400
00:00:01.144024 Hst:                00000000 029c67af 00000000 9c002e00
00:00:01.144025 Gst: 00000007/0001  00000000 00000000 00000000 00000000
00:00:01.144025 Hst:                00000000 00000000 00000000 00000000
00:00:01.144026 Gst: 00000008/0000  00000000 00000000 00000000 00000000
00:00:01.144026 Hst:                00000000 00000000 00000000 00000000
00:00:01.144027 Gst: 00000009/0000  00000000 00000000 00000000 00000000
00:00:01.144027 Hst:                00000000 00000000 00000000 00000000
00:00:01.144028 Gst: 0000000a/0000  00000000 00000000 00000000 00000000
00:00:01.144028 Hst:                07300404 00000000 00000000 00000603
00:00:01.144029 Gst: 0000000b/0000  00000000 00000001 00000100 00000000
00:00:01.144029 Hst:                00000001 00000002 00000100 00000005
00:00:01.144030 Gst: 0000000b/0001  00000001 00000001 00000201 00000000
00:00:01.144030 Hst:                00000004 00000008 00000201 00000005
00:00:01.144031 Gst: 0000000b/0002  00000000 00000000 00000002 00000000
00:00:01.144031 Hst:                00000000 00000000 00000002 00000005
00:00:01.144032 Gst: 0000000c/0000  00000000 00000000 00000000 00000000
00:00:01.144032 Hst:                00000000 00000000 00000000 00000000
00:00:01.144033 Gst: 0000000d/0000  00000007 00000340 00000340 00000000
00:00:01.144033 Hst:                0000001f 00000440 00000440 00000000
00:00:01.144034 Gst: 0000000d/0001  00000000 000003c0 00000000 00000000
00:00:01.144034 Hst:                0000000f 000003c0 00000100 00000000
00:00:01.144035 Gst: 0000000d/0002  00000100 00000240 00000000 00000000
00:00:01.144035 Hst:                00000100 00000240 00000000 00000000
00:00:01.144036 Gst: 0000000d/0003  00000000 00000000 00000000 00000000
00:00:01.144036 Hst:                00000040 000003c0 00000000 00000000
00:00:01.144037 Gst: 0000000d/0004  00000000 00000000 00000000 00000000
00:00:01.144037 Hst:                00000040 00000400 00000000 00000000
00:00:01.144038 Gst: 0000000d/0005  00000000 00000000 00000000 00000000
00:00:01.144038 Hst:                00000000 00000000 00000000 00000000
00:00:01.144039 Gst: 0000000d/0006  00000000 00000000 00000000 00000000
00:00:01.144039 Hst:                00000000 00000000 00000000 00000000
00:00:01.144040 Gst: 0000000d/0007  00000000 00000000 00000000 00000000
00:00:01.144040 Hst:                00000000 00000000 00000000 00000000
00:00:01.144041 Gst: 0000000d/0008  00000000 00000000 00000000 00000000
00:00:01.144041 Hst:                00000080 00000000 00000001 00000000
00:00:01.144042 Gst: 0000000d/0009  00000000 00000000 00000000 00000000
00:00:01.144042 Hst:                00000000 00000000 00000000 00000000
00:00:01.144060 Gst: 0000000e/0000  00000000 00000000 00000000 00000000
00:00:01.144060 Hst:                00000000 00000000 00000000 00000000
00:00:01.144061 Gst: 0000000f/0000  00000000 00000000 00000000 00000000
00:00:01.144061 Hst:                00000000 00000000 00000000 00000000
00:00:01.144062 Gst: 00000010/0000  00000000 00000000 00000000 00000000
00:00:01.144062 Hst:                00000000 00000000 00000000 00000000
00:00:01.144063 Gst: 00000011/0000  00000000 00000000 00000000 00000000
00:00:01.144063 Hst:                00000000 00000000 00000000 00000000
00:00:01.144064 Gst: 00000012/0000  00000000 00000000 00000000 00000000
00:00:01.144064 Hst:                00000000 00000000 00000000 00000000
00:00:01.144065 Gst: 00000013/0000  00000000 00000000 00000000 00000000
00:00:01.144065 Hst:                00000000 00000000 00000000 00000000
00:00:01.144066 Gst: 00000014/0000  00000000 00000000 00000000 00000000
00:00:01.144066 Hst:                00000001 0000000f 00000007 00000000
00:00:01.144067 Hst: 00000015/0000  00000002 00000096 00000000 00000000
00:00:01.144068 Hst: 00000016/0000  00000708 00000d48 00000064 00000000
00:00:01.144069                                Name: GenuineIntel
00:00:01.144070                            Supports: 0x00000000-0x00000016
00:00:01.144071                              Family:  6 	Extended: 0 	Effective: 6
00:00:01.144072                               Model: 14 	Extended: 8 	Effective: 142
00:00:01.144073                            Stepping: 10
00:00:01.144073                                Type: 0 (primary)
00:00:01.144074                             APIC ID: 0x00
00:00:01.144075                        Logical CPUs: 1
00:00:01.144075                        CLFLUSH Size: 8
00:00:01.144076                            Brand ID: 0x00
00:00:01.144077 Features
00:00:01.144077   Mnemonic - Description                                  = guest (host)
00:00:01.144078   FPU - x87 FPU on Chip                                   = 1 (1)
00:00:01.144079   VME - Virtual 8086 Mode Enhancements                    = 1 (1)
00:00:01.144080   DE - Debugging extensions                               = 1 (1)
00:00:01.144081   PSE - Page Size Extension                               = 1 (1)
00:00:01.144081   TSC - Time Stamp Counter                                = 1 (1)
00:00:01.144082   MSR - Model Specific Registers                          = 1 (1)
00:00:01.144083   PAE - Physical Address Extension                        = 1 (1)
00:00:01.144084   MCE - Machine Check Exception                           = 1 (1)
00:00:01.144084   CX8 - CMPXCHG8B instruction                             = 1 (1)
00:00:01.144085   APIC - APIC On-Chip                                     = 1 (1)
00:00:01.144086   SEP - SYSENTER and SYSEXIT Present                      = 1 (1)
00:00:01.144087   MTRR - Memory Type Range Registers                      = 1 (1)
00:00:01.144087   PGE - PTE Global Bit                                    = 1 (1)
00:00:01.144088   MCA - Machine Check Architecture                        = 1 (1)
00:00:01.144089   CMOV - Conditional Move instructions                    = 1 (1)
00:00:01.144090   PAT - Page Attribute Table                              = 1 (1)
00:00:01.144090   PSE-36 - 36-bit Page Size Extension                     = 1 (1)
00:00:01.144091   PSN - Processor Serial Number                           = 0 (0)
00:00:01.144092   CLFSH - CLFLUSH instruction                             = 1 (1)
00:00:01.144093   DS - Debug Store                                        = 0 (1)
00:00:01.144093   ACPI - Thermal Mon. & Soft. Clock Ctrl.                 = 0 (1)
00:00:01.144094   MMX - Intel MMX Technology                              = 1 (1)
00:00:01.144095   FXSR - FXSAVE and FXRSTOR instructions                  = 1 (1)
00:00:01.144096   SSE - SSE support                                       = 1 (1)
00:00:01.144096   SSE2 - SSE2 support                                     = 1 (1)
00:00:01.144097   SS - Self Snoop                                         = 0 (1)
00:00:01.144098   HTT - Hyper-Threading Technology                        = 1 (1)
00:00:01.144099   TM - Therm. Monitor                                     = 0 (1)
00:00:01.144100   PBE - Pending Break Enabled                             = 0 (1)
00:00:01.144100   SSE3 - SSE3 support                                     = 1 (1)
00:00:01.144101   PCLMUL - PCLMULQDQ support (for AES-GCM)                = 1 (1)
00:00:01.144102   DTES64 - DS Area 64-bit Layout                          = 0 (1)
00:00:01.144103   MONITOR - MONITOR/MWAIT instructions                    = 1 (1)
00:00:01.144103   CPL-DS - CPL Qualified Debug Store                      = 0 (1)
00:00:01.144104   VMX - Virtual Machine Extensions                        = 0 (1)
00:00:01.144105   SMX - Safer Mode Extensions                             = 0 (0)
00:00:01.144106   EST - Enhanced SpeedStep Technology                     = 0 (1)
00:00:01.144106   TM2 - Terminal Monitor 2                                = 0 (1)
00:00:01.144107   SSSE3 - Supplemental Streaming SIMD Extensions 3        = 1 (1)
00:00:01.144108   CNTX-ID - L1 Context ID                                 = 0 (0)
00:00:01.144109   SDBG - Silicon Debug interface                          = 0 (1)
00:00:01.144109   FMA - Fused Multiply Add extensions                     = 0 (1)
00:00:01.144110   CX16 - CMPXCHG16B instruction                           = 1 (1)
00:00:01.144111   TPRUPDATE - xTPR Update Control                         = 0 (1)
00:00:01.144112   PDCM - Perf/Debug Capability MSR                        = 0 (1)
00:00:01.144112   PCID - Process Context Identifiers                      = 1 (1)
00:00:01.144113   DCA - Direct Cache Access                               = 0 (0)
00:00:01.144114   SSE4_1 - SSE4_1 support                                 = 1 (1)
00:00:01.144115   SSE4_2 - SSE4_2 support                                 = 1 (1)
00:00:01.144115   X2APIC - x2APIC support                                 = 1 (1)
00:00:01.144116   MOVBE - MOVBE instruction                               = 1 (1)
00:00:01.144117   POPCNT - POPCNT instruction                             = 1 (1)
00:00:01.144118   TSCDEADL - Time Stamp Counter Deadline                  = 0 (1)
00:00:01.144118   AES - AES instructions                                  = 1 (1)
00:00:01.144119   XSAVE - XSAVE instruction                               = 1 (1)
00:00:01.144120   OSXSAVE - OSXSAVE instruction                           = 0 (1)
00:00:01.144121   AVX - AVX support                                       = 1 (1)
00:00:01.144122   F16C - 16-bit floating point conversion instructions    = 0 (1)
00:00:01.144122   RDRAND - RDRAND instruction                             = 1 (1)
00:00:01.144123   HVP - Hypervisor Present (we're a guest)                = 1 (0)
00:00:01.144124 Structured Extended Feature Flags Enumeration (leaf 7):
00:00:01.144124   Mnemonic - Description                                  = guest (host)
00:00:01.144124   FSGSBASE - RDFSBASE/RDGSBASE/WRFSBASE/WRGSBASE instr.   = 1 (1)
00:00:01.144125   TSCADJUST - Supports MSR_IA32_TSC_ADJUST                = 0 (1)
00:00:01.144126   SGX - Supports Software Guard Extensions                = 0 (1)
00:00:01.144126   BMI1 - Advanced Bit Manipulation extension 1            = 0 (1)
00:00:01.144127   HLE - Hardware Lock Elision                             = 0 (0)
00:00:01.144128   AVX2 - Advanced Vector Extensions 2                     = 1 (1)
00:00:01.144128   FDP_EXCPTN_ONLY - FPU DP only updated on exceptions     = 0 (0)
00:00:01.144129   SMEP - Supervisor Mode Execution Prevention             = 0 (1)
00:00:01.144129   BMI2 - Advanced Bit Manipulation extension 2            = 0 (1)
00:00:01.144130   ERMS - Enhanced REP MOVSB/STOSB instructions            = 0 (1)
00:00:01.144131   INVPCID - INVPCID instruction                           = 1 (1)
00:00:01.144131   RTM - Restricted Transactional Memory                   = 0 (0)
00:00:01.144132   PQM - Platform Quality of Service Monitoring            = 0 (0)
00:00:01.144133   DEPFPU_CS_DS - Deprecates FPU CS, FPU DS values if set  = 1 (1)
00:00:01.144133   MPE - Intel Memory Protection Extensions                = 0 (1)
00:00:01.144134   PQE - Platform Quality of Service Enforcement           = 0 (0)
00:00:01.144134   AVX512F - AVX512 Foundation instructions                = 0 (0)
00:00:01.144135   RDSEED - RDSEED instruction                             = 1 (1)
00:00:01.144136   ADX - ADCX/ADOX instructions                            = 0 (1)
00:00:01.144136   SMAP - Supervisor Mode Access Prevention                = 0 (1)
00:00:01.144137   CLFLUSHOPT - CLFLUSHOPT (Cache Line Flush) instruction  = 1 (1)
00:00:01.144138   INTEL_PT - Intel Processor Trace                        = 0 (1)
00:00:01.144138   AVX512PF - AVX512 Prefetch instructions                 = 0 (0)
00:00:01.144139   AVX512ER - AVX512 Exponential & Reciprocal instructions = 0 (0)
00:00:01.144139   AVX512CD - AVX512 Conflict Detection instructions       = 0 (0)
00:00:01.144140   SHA - Secure Hash Algorithm extensions                  = 0 (0)
00:00:01.144141   PREFETCHWT1 - PREFETCHWT1 instruction                   = 0 (0)
00:00:01.144141   UMIP - User mode insturction prevention                 = 0 (0)
00:00:01.144142   PKU - Protection Key for Usermode pages                 = 0 (0)
00:00:01.144143   OSPKE - CR4.PKU mirror                                  = 0 (0)
00:00:01.144144   MAWAU - Value used by BNDLDX & BNDSTX                   = 0x0 (0x0)
00:00:01.144144   RDPID - Read processor ID support                       = 0 (0)
00:00:01.144145   SGX_LC - Supports SGX Launch Configuration              = 0 (0)
00:00:01.144146    9 - Reserved                                           = 0 (1)
00:00:01.144147   MD_CLEAR - Supports MDS related buffer clearing         = 1 (1)
00:00:01.144147   11 - Reserved                                           = 0 (1)
00:00:01.144148   13 - Reserved                                           = 0 (1)
00:00:01.144149   IBRS_IBPB - IA32_SPEC_CTRL.IBRS and IA32_PRED_CMD.IBPB  = 0 (1)
00:00:01.144150   STIBP - Supports IA32_SPEC_CTRL.STIBP                   = 0 (1)
00:00:01.144150   FLUSH_CMD - Supports IA32_FLUSH_CMD                     = 1 (1)
00:00:01.144151   ARCHCAP - Supports IA32_ARCH_CAP                        = 0 (0)
00:00:01.144152   CORECAP - Supports IA32_CORE_CAP                        = 0 (0)
00:00:01.144153   SSBD - Supports IA32_SPEC_CTRL.SSBD                     = 0 (1)
00:00:01.144154 Processor Extended State Enumeration (leaf 0xd):
00:00:01.144154    XSAVE area cur/max size by XCR0, guest: 0x340/0x340
00:00:01.144155     XSAVE area cur/max size by XCR0, host: 0x440/0x440
00:00:01.144155                    Valid XCR0 bits, guest: 0x00000000`00000007 ( x87 SSE YMM_Hi128 )
00:00:01.144157                     Valid XCR0 bits, host: 0x00000000`0000001f ( x87 SSE YMM_Hi128 BNDREGS BNDCSR )
00:00:01.144159                     XSAVE features, guest:
00:00:01.144159                      XSAVE features, host: XSAVEOPT XSAVEC XGETBC1 XSAVES
00:00:01.144160       XSAVE area cur size XCR0|XSS, guest: 0x3c0
00:00:01.144161        XSAVE area cur size XCR0|XSS, host: 0x3c0
00:00:01.144161                Valid IA32_XSS bits, guest: 0x00000000`00000000
00:00:01.144162                 Valid IA32_XSS bits, host: 0x00000100`00000000 ( 40 )
00:00:01.144163   State #2, guest: off=0x0240, cb=0x0100 IA32_XSS-bit -- YMM_Hi128
00:00:01.144165   State #2, host:  off=0x0240, cb=0x0100 IA32_XSS-bit -- YMM_Hi128
00:00:01.144166   State #3, host:  off=0x03c0, cb=0x0040 IA32_XSS-bit -- BNDREGS
00:00:01.144167   State #4, host:  off=0x0400, cb=0x0040 IA32_XSS-bit -- BNDCSR
00:00:01.144168   State #8, host:  off=0x0000, cb=0x0080 XCR0-bit -- 8
00:00:01.144177          Unknown CPUID Leaves
00:00:01.144177      Leaf/sub-leaf  eax      ebx      ecx      edx
00:00:01.144178 Gst: 00000014/0001  00000000 00000000 00000000 00000000
00:00:01.144178 Hst:                02490002 003f3fff 00000000 00000000
00:00:01.144179 Gst: 00000014/0002  00000000 00000000 00000000 00000000
00:00:01.144180 Hst:                00000000 00000000 00000000 00000000
00:00:01.144180 Gst: 00000015/0000  00000000 00000000 00000000 00000000
00:00:01.144181 Hst:                00000002 00000096 00000000 00000000
00:00:01.144182 Gst: 00000016/0000  00000000 00000000 00000000 00000000
00:00:01.144182 Hst:                00000708 00000d48 00000064 00000000
00:00:01.144183          Raw Hypervisor CPUID Leaves
00:00:01.144183      Leaf/sub-leaf  eax      ebx      ecx      edx
00:00:01.144184 Gst: 40000000/0000  40000001 4b4d564b 564b4d56 0000004d
00:00:01.144185 Hst:                00000708 00000d48 00000064 00000000
00:00:01.144186 Gst: 40000001/0000  01000089 00000000 00000000 00000000
00:00:01.144187 Hst:                00000708 00000d48 00000064 00000000
00:00:01.144187          Raw Extended CPUID Leaves
00:00:01.144187      Leaf/sub-leaf  eax      ebx      ecx      edx
00:00:01.144188 Gst: 80000000/0000  80000008 00000000 00000000 00000000
00:00:01.144188 Hst:                80000008 00000000 00000000 00000000
00:00:01.144189 Gst: 80000001/0000  00000000 00000000 00000121 28100800
00:00:01.144190 Hst:                00000000 00000000 00000121 2c100800
00:00:01.144191 Gst: 80000002/0000  65746e49 2952286c 726f4320 4d542865
00:00:01.144192 Hst:                65746e49 2952286c 726f4320 4d542865
00:00:01.144193 Gst: 80000003/0000  35692029 3532382d 43205530 40205550
00:00:01.144194 Hst:                35692029 3532382d 43205530 40205550
00:00:01.144196 Gst: 80000004/0000  362e3120 7a484730 00000000 00000000
00:00:01.144196 Hst:                362e3120 7a484730 00000000 00000000
00:00:01.144197 Gst: 80000005/0000  00000000 00000000 00000000 00000000
00:00:01.144197 Hst:                00000000 00000000 00000000 00000000
00:00:01.144198 Gst: 80000006/0000  00000000 00000000 01006040 00000000
00:00:01.144198 Hst:                00000000 00000000 01006040 00000000
00:00:01.144199 Gst: 80000007/0000  00000000 00000000 00000000 00000100
00:00:01.144200 Hst:                00000000 00000000 00000000 00000100
00:00:01.144200 Gst: 80000008/0000  00003027 00000000 00000000 00000000
00:00:01.144201 Hst:                00003027 00000000 00000000 00000000
00:00:01.144201 Ext Name:                        
00:00:01.144202 Ext Supports:                    0x80000000-0x80000008
00:00:01.144202 Family:                          0  	Extended: 0 	Effective: 0
00:00:01.144203 Model:                           0  	Extended: 0 	Effective: 0
00:00:01.144203 Stepping:                        0
00:00:01.144204 Brand ID:                        0x000
00:00:01.144204 Ext Features
00:00:01.144204   Mnemonic - Description                                  = guest (host)
00:00:01.144205   FPU - x87 FPU on Chip                                   = 0 (0)
00:00:01.144206   VME - Virtual 8086 Mode Enhancements                    = 0 (0)
00:00:01.144206   DE - Debugging extensions                               = 0 (0)
00:00:01.144207   PSE - Page Size Extension                               = 0 (0)
00:00:01.144208   TSC - Time Stamp Counter                                = 0 (0)
00:00:01.144209   MSR - K86 Model Specific Registers                      = 0 (0)
00:00:01.144209   PAE - Physical Address Extension                        = 0 (0)
00:00:01.144210   MCE - Machine Check Exception                           = 0 (0)
00:00:01.144211   CX8 - CMPXCHG8B instruction                             = 0 (0)
00:00:01.144211   APIC - APIC On-Chip                                     = 0 (0)
00:00:01.144212   SEP - SYSCALL/SYSRET                                    = 1 (1)
00:00:01.144213   MTRR - Memory Type Range Registers                      = 0 (0)
00:00:01.144214   PGE - PTE Global Bit                                    = 0 (0)
00:00:01.144214   MCA - Machine Check Architecture                        = 0 (0)
00:00:01.144215   CMOV - Conditional Move instructions                    = 0 (0)
00:00:01.144216   PAT - Page Attribute Table                              = 0 (0)
00:00:01.144217   PSE-36 - 36-bit Page Size Extension                     = 0 (0)
00:00:01.144217   NX - No-Execute/Execute-Disable                         = 1 (1)
00:00:01.144218   AXMMX - AMD Extensions to MMX instructions              = 0 (0)
00:00:01.144219   MMX - Intel MMX Technology                              = 0 (0)
00:00:01.144219   FXSR - FXSAVE and FXRSTOR Instructions                  = 0 (0)
00:00:01.144220   FFXSR - AMD fast FXSAVE and FXRSTOR instructions        = 0 (0)
00:00:01.144220   Page1GB - 1 GB large page                               = 0 (1)
00:00:01.144221   RDTSCP - RDTSCP instruction                             = 1 (1)
00:00:01.144222   LM - AMD64 Long Mode                                    = 1 (1)
00:00:01.144223   3DNOWEXT - AMD Extensions to 3DNow                      = 0 (0)
00:00:01.144224   3DNOW - AMD 3DNow                                       = 0 (0)
00:00:01.144224   LahfSahf - LAHF/SAHF support in 64-bit mode             = 1 (1)
00:00:01.144225   CmpLegacy - Core multi-processing legacy mode           = 0 (0)
00:00:01.144226   SVM - AMD Secure Virtual Machine extensions             = 0 (0)
00:00:01.144226   EXTAPIC - AMD Extended APIC registers                   = 0 (0)
00:00:01.144227   CR8L - AMD LOCK MOV CR0 means MOV CR8                   = 0 (0)
00:00:01.144228   ABM - AMD Advanced Bit Manipulation                     = 1 (1)
00:00:01.144228   SSE4A - SSE4A instructions                              = 0 (0)
00:00:01.144229   MISALIGNSSE - AMD Misaligned SSE mode                   = 0 (0)
00:00:01.144230   3DNOWPRF - AMD PREFETCH and PREFETCHW instructions      = 1 (1)
00:00:01.144230   OSVW - AMD OS Visible Workaround                        = 0 (0)
00:00:01.144231   IBS - Instruct Based Sampling                           = 0 (0)
00:00:01.144232   XOP - Extended Operation support                        = 0 (0)
00:00:01.144232   SKINIT - SKINIT, STGI, and DEV support                  = 0 (0)
00:00:01.144233   WDT - AMD Watchdog Timer support                        = 0 (0)
00:00:01.144234   LWP - Lightweight Profiling support                     = 0 (0)
00:00:01.144234   FMA4 - Four operand FMA instruction support             = 0 (0)
00:00:01.144235   NodeId - NodeId in MSR C001_100C                        = 0 (0)
00:00:01.144236   TBM - Trailing Bit Manipulation instructions            = 0 (0)
00:00:01.144236   TOPOEXT - Topology Extensions                           = 0 (0)
00:00:01.144237   PRFEXTCORE - Performance Counter Extensions support     = 0 (0)
00:00:01.144237   PRFEXTNB - NB Performance Counter Extensions support    = 0 (0)
00:00:01.144238   DATABPEXT - Data-access Breakpoint Extension            = 0 (0)
00:00:01.144239   PERFTSC - Performance Time Stamp Counter                = 0 (0)
00:00:01.144239   PCX_L2I - L2I/L3 Performance Counter Extensions         = 0 (0)
00:00:01.144240   MWAITX - MWAITX and MONITORX instructions               = 0 (0)
00:00:01.144241 Full Name:                       "Intel(R) Core(TM) i5-8250U CPU @ 1.60GHz"
00:00:01.144241 TLB 2/4M Instr/Uni:              res0     0 entries
00:00:01.144242 TLB 2/4M Data:                   res0     0 entries
00:00:01.144242 TLB 4K Instr/Uni:                res0     0 entries
00:00:01.144242 TLB 4K Data:                     res0     0 entries
00:00:01.144243 L1 Instr Cache Line Size:        0 bytes
00:00:01.144243 L1 Instr Cache Lines Per Tag:    0
00:00:01.144244 L1 Instr Cache Associativity:    res0  
00:00:01.144244 L1 Instr Cache Size:             0 KB
00:00:01.144244 L1 Data Cache Line Size:         0 bytes
00:00:01.144244 L1 Data Cache Lines Per Tag:     0
00:00:01.144245 L1 Data Cache Associativity:     res0  
00:00:01.144245 L1 Data Cache Size:              0 KB
00:00:01.144245 L2 TLB 2/4M Instr/Uni:           off       0 entries
00:00:01.144246 L2 TLB 2/4M Data:                off       0 entries
00:00:01.144246 L2 TLB 4K Instr/Uni:             off       0 entries
00:00:01.144247 L2 TLB 4K Data:                  off       0 entries
00:00:01.144247 L2 Cache Line Size:              0 bytes
00:00:01.144247 L2 Cache Lines Per Tag:          0
00:00:01.144247 L2 Cache Associativity:          off   
00:00:01.144248 L2 Cache Size:                   0 KB
00:00:01.144248   TS - Temperature Sensor                                 = 0 (0)
00:00:01.144249   FID - Frequency ID control                              = 0 (0)
00:00:01.144250   VID - Voltage ID control                                = 0 (0)
00:00:01.144251   TscInvariant - Invariant Time Stamp Counter             = 1 (1)
00:00:01.144252   CBP - Core Performance Boost                            = 0 (0)
00:00:01.144252   EffFreqRO - Read-only Effective Frequency Interface     = 0 (0)
00:00:01.144253   ProcFdbkIf - Processor Feedback Interface               = 0 (0)
00:00:01.144253   ProcPwrRep - Core power reporting interface support     = 0 (0)
00:00:01.144254 Physical Address Width:          39 bits
00:00:01.144254 Virtual Address Width:           48 bits
00:00:01.144255 Guest Physical Address Width:    0 bits
00:00:01.144255 Physical Core Count:             1
00:00:01.144257 
00:00:01.144257 ******************** End of CPUID dump **********************
00:00:01.144257 *********************** VT-x features ***********************
00:00:01.144258 Nested hardware virtualization - VMX features
00:00:01.144259   Mnemonic - Description                                  = guest (host)
00:00:01.144259   VMX - Virtual-Machine Extensions                        = 0 (1)
00:00:01.144259   InsOutInfo - INS/OUTS instruction info.                 = 0 (1)
00:00:01.144260   ExtIntExit - External interrupt exiting                 = 0 (1)
00:00:01.144260   NmiExit - NMI exiting                                   = 0 (1)
00:00:01.144261   VirtNmi - Virtual NMIs                                  = 0 (1)
00:00:01.144261   PreemptTimer - VMX preemption timer                     = 0 (1)
00:00:01.144261   PostedInt - Posted interrupts                           = 0 (0)
00:00:01.144262   IntWindowExit - Interrupt-window exiting                = 0 (1)
00:00:01.144262   TscOffsetting - TSC offsetting                          = 0 (1)
00:00:01.144262   HltExit - HLT exiting                                   = 0 (1)
00:00:01.144263   InvlpgExit - INVLPG exiting                             = 0 (1)
00:00:01.144263   MwaitExit - MWAIT exiting                               = 0 (1)
00:00:01.144263   RdpmcExit - RDPMC exiting                               = 0 (1)
00:00:01.144264   RdtscExit - RDTSC exiting                               = 0 (1)
00:00:01.144264   Cr3LoadExit - CR3-load exiting                          = 0 (1)
00:00:01.144264   Cr3StoreExit - CR3-store exiting                        = 0 (1)
00:00:01.144265   Cr8LoadExit  - CR8-load exiting                         = 0 (1)
00:00:01.144265   Cr8StoreExit - CR8-store exiting                        = 0 (1)
00:00:01.144266   UseTprShadow - Use TPR shadow                           = 0 (1)
00:00:01.144266   NmiWindowExit - NMI-window exiting                      = 0 (1)
00:00:01.144266   MovDRxExit - Mov-DR exiting                             = 0 (1)
00:00:01.144267   UncondIoExit - Unconditional I/O exiting                = 0 (1)
00:00:01.144267   UseIoBitmaps - Use I/O bitmaps                          = 0 (1)
00:00:01.144267   MonitorTrapFlag - Monitor Trap Flag                     = 0 (1)
00:00:01.144268   UseMsrBitmaps - MSR bitmaps                             = 0 (1)
00:00:01.144268   MonitorExit - MONITOR exiting                           = 0 (1)
00:00:01.144268   PauseExit - PAUSE exiting                               = 0 (1)
00:00:01.144269   SecondaryExecCtl - Activate secondary controls          = 0 (1)
00:00:01.144269   VirtApic - Virtualize-APIC accesses                     = 0 (1)
00:00:01.144270   Ept - Extended Page Tables                              = 0 (1)
00:00:01.144270   DescTableExit - Descriptor-table exiting                = 0 (1)
00:00:01.144270   Rdtscp - Enable RDTSCP                                  = 0 (1)
00:00:01.144271   VirtX2ApicMode - Virtualize-x2APIC mode                 = 0 (1)
00:00:01.144271   Vpid - Enable VPID                                      = 0 (1)
00:00:01.144271   WbinvdExit - WBINVD exiting                             = 0 (1)
00:00:01.144272   UnrestrictedGuest - Unrestricted guest                  = 0 (1)
00:00:01.144272   ApicRegVirt - APIC-register virtualization              = 0 (0)
00:00:01.144272   VirtIntDelivery - Virtual-interrupt delivery            = 0 (0)
00:00:01.144273   PauseLoopExit - PAUSE-loop exiting                      = 0 (1)
00:00:01.144273   RdrandExit - RDRAND exiting                             = 0 (1)
00:00:01.144273   Invpcid - Enable INVPCID                                = 0 (1)
00:00:01.144274   VmFuncs - Enable VM Functions                           = 0 (1)
00:00:01.144274   VmcsShadowing - VMCS shadowing                          = 0 (0)
00:00:01.144275   RdseedExiting - RDSEED exiting                          = 0 (1)
00:00:01.144275   PML - Page-Modification Log (PML)                       = 0 (1)
00:00:01.144275   EptVe - EPT violations can cause #VE                    = 0 (1)
00:00:01.144276   XsavesXRstors - Enable XSAVES/XRSTORS                   = 0 (1)
00:00:01.144276   EntryLoadDebugCtls - Load debug controls on VM-entry    = 0 (1)
00:00:01.144276   Ia32eModeGuest - IA-32e mode guest                      = 0 (1)
00:00:01.144277   EntryLoadEferMsr - Load IA32_EFER MSR on VM-entry       = 0 (1)
00:00:01.144277   EntryLoadPatMsr - Load IA32_PAT MSR on VM-entry         = 0 (1)
00:00:01.144277   ExitSaveDebugCtls - Save debug controls on VM-exit      = 0 (1)
00:00:01.144278   HostAddrSpaceSize - Host address-space size             = 0 (1)
00:00:01.144278   ExitAckExtInt - Acknowledge interrupt on VM-exit        = 0 (1)
00:00:01.144278   ExitSavePatMsr - Save IA32_PAT MSR on VM-exit           = 0 (1)
00:00:01.144279   ExitLoadPatMsr - Load IA32_PAT MSR on VM-exit           = 0 (1)
00:00:01.144279   ExitSaveEferMsr - Save IA32_EFER MSR on VM-exit         = 0 (1)
00:00:01.144280   ExitLoadEferMsr - Load IA32_EFER MSR on VM-exit         = 0 (1)
00:00:01.144280   SavePreemptTimer - Save VMX-preemption timer            = 0 (1)
00:00:01.144280   ExitSaveEferLma - Save IA32_EFER.LMA on VM-exit         = 0 (1)
00:00:01.144281   IntelPt - Intel PT (Processor Trace) in VMX operation   = 0 (1)
00:00:01.144281   VmwriteAll - VMWRITE to any supported VMCS field        = 0 (1)
00:00:01.144281   EntryInjectSoftInt - Inject softint. with 0-len instr.  = 0 (1)
00:00:01.144282 
00:00:01.144282 ******************* End of VT-x features ********************
00:00:01.144300 VMEmt: Halt method global1 (5)
00:00:01.144335 VMEmt: HaltedGlobal1 config: cNsSpinBlockThresholdCfg=2000
00:00:01.144340 Changing the VM state from 'CREATING' to 'CREATED'
00:00:01.146634 Changing the VM state from 'CREATED' to 'POWERING_ON'
00:00:01.146682 AIOMgr: Endpoints without assigned bandwidth groups:
00:00:01.146686 AIOMgr:     /home/harsh/Downloads/CNLab/lab7/lab7_network/VMImages/h1/Snapshots/{7d7fa6f6-1a12-4a0e-b1df-878a902151ed}.vdi
00:00:01.146688 AIOMgr:     /home/harsh/Downloads/CNLab/lab7/lab7_network/VMImages/base/base.vdi
00:00:01.146862 Changing the VM state from 'POWERING_ON' to 'RUNNING'
00:00:01.146872 Console: Machine state changed to 'Running'
00:00:01.147307 VBoxHeadless: starting event loop
00:00:01.152971 VMMDev: Guest Log: BIOS: VirtualBox 6.1.26
00:00:01.153520 PCI: Setting up resources and interrupts
00:00:01.154712 PIT: mode=2 count=0x10000 (65536) - 18.20 Hz (ch=0)
00:00:01.169100 Display::i_handleDisplayResize: uScreenId=0 pvVRAM=0000000000000000 w=720 h=400 bpp=0 cbLine=0x0 flags=0x0 origin=0,0
00:00:01.169361 VMMDev: Guest Log: CPUID EDX: 0x178bfbff
00:00:01.169406 PIIX3 ATA: Ctl#0: RESET, DevSel=0 AIOIf=0 CmdIf0=0x00 (-1 usec ago) CmdIf1=0x00 (-1 usec ago)
00:00:01.169463 PIIX3 ATA: Ctl#0: finished processing RESET
00:00:01.170111 AHCI#0: Reset the HBA
00:00:01.170122 VD#0: Cancelling all active requests
00:00:01.170171 AHCI#0: Port 0 reset
00:00:01.170192 VD#0: Cancelling all active requests
00:00:01.170641 VMMDev: Guest Log: BIOS: AHCI 0-P#0: PCHS=2212/16/63 LCHS=553/64/63 0x00000000002205c6 sectors
00:00:01.171625 PIT: mode=2 count=0x48d3 (18643) - 64.00 Hz (ch=0)
00:00:01.188628 Display::i_handleDisplayResize: uScreenId=0 pvVRAM=00007f05b3000000 w=640 h=480 bpp=32 cbLine=0xA00 flags=0x0 origin=0,0
00:00:03.648557 PIT: mode=2 count=0x10000 (65536) - 18.20 Hz (ch=0)
00:00:03.648779 VMMDev: Guest Log: BIOS: Boot : bseqnr=1, bootseq=0231
00:00:03.648962 VMMDev: Guest Log: BIOS: Boot from Floppy 0 failed
00:00:03.649165 VMMDev: Guest Log: BIOS: Boot : bseqnr=2, bootseq=0023
00:00:03.649514 VMMDev: Guest Log: BIOS: CDROM boot failure code : 0003
00:00:03.649676 VMMDev: Guest Log: BIOS: Boot from CD-ROM failed
00:00:03.649881 VMMDev: Guest Log: BIOS: Boot : bseqnr=3, bootseq=0002
00:00:03.657204 VMMDev: Guest Log: BIOS: Booting from Hard Disk...
00:00:03.659694 Display::i_handleDisplayResize: uScreenId=0 pvVRAM=0000000000000000 w=720 h=400 bpp=0 cbLine=0x0 flags=0x0 origin=0,0
00:00:03.982732 VMMDev: Guest Log: BIOS: KBD: unsupported int 16h function 03
00:00:03.982978 VMMDev: Guest Log: BIOS: AX=0305 BX=0000 CX=0000 DX=0000 
00:00:04.086903 GIM: KVM: VCPU  0: Enabled system-time struct. at 0x00000000008d1000 - u32TscScale=0x8e4404cf i8TscShift=0 uVersion=2 fFlags=0x1 uTsc=0x13b40fb26 uVirtNanoTS=0xaf31ce7d TscKHz=1799449
00:00:04.086926 TM: Switching TSC mode from 'Dynamic' to 'RealTscOffset'
00:00:04.106996 GIM: KVM: Enabled wall-clock struct. at 0x00000000008d0004 - u32Sec=1635217304 u32Nano=473501224 uVersion=2
00:00:04.113481 PIT: mode=2 count=0xf89 (3977) - 300.02 Hz (ch=0)
00:00:04.226481 PIT: mode=0 count=0x10000 (65536) - 18.20 Hz (ch=0)
00:00:04.290770 OHCI: Software reset
00:00:04.435542 AHCI#0: Reset the HBA
00:00:04.435570 VD#0: Cancelling all active requests
00:00:04.436196 AHCI#0: Port 0 reset
00:00:04.437222 OHCI: USB Reset
00:00:04.438432 VD#0: Cancelling all active requests
00:00:04.438550 PIIX3 ATA: Ctl#0: RESET, DevSel=0 AIOIf=0 CmdIf0=0xa0 (-1 usec ago) CmdIf1=0x00 (-1 usec ago)
00:00:04.438606 PIIX3 ATA: Ctl#0: finished processing RESET
00:00:04.526220 OHCI: Software reset
00:00:04.526459 OHCI: USB Operational
00:00:04.942632 VMMDev: Guest Log: vboxguest: host-version: 6.1.26r145957 0x8000000f
00:00:04.951480 VMMDev: Guest Additions information report: Version 5.2.0 r68940 '5.2.0'
00:00:04.951511 VMMDev: Guest Additions information report: Interface = 0x00010004 osType = 0x00053000 (Linux >= 2.6, 32-bit)
00:00:04.951581 VMMDev: Guest Additions capability report: (0x0 -> 0x0) seamless: no, hostWindowMapping: no, graphics: no
00:00:04.951629 VMMDev: vmmDevReqHandler_HeartbeatConfigure: No change (fHeartbeatActive=false)
00:00:04.951662 VMMDev: Heartbeat flatline timer set to trigger after 4 000 000 000 ns
00:00:04.952027 VMMDev: Guest Log: vbg_heartbeat_init: Setting up heartbeat to trigger every 2000 milliseconds
00:00:04.952584 VMMDev: Guest Log: vboxguest: misc device minor 56, IRQ 20, I/O port d040, MMIO at 0xf0400000 (size 0x00400000)
00:00:08.319604 NAT: Link up
00:00:08.958420 VMMDev: vmmDevHeartbeatFlatlinedTimer: Guest seems to be unresponsive. Last heartbeat received 4 seconds ago
00:00:50.801038 NAT: Old socket recv size: 128KB
00:00:50.801062 NAT: Old socket send size: 128KB
00:05:17.636783 VMMDev: GuestHeartBeat: Guest is alive (gone 312 685 114 867 ns)
01:12:45.387542 Pausing VM execution, reason 'host suspend'
01:12:45.387669 Changing the VM state from 'RUNNING' to 'SUSPENDING'
01:12:45.811931 AIOMgr: Endpoint for file '/home/harsh/Downloads/CNLab/lab7/lab7_network/VMImages/h1/Snapshots/{7d7fa6f6-1a12-4a0e-b1df-878a902151ed}.vdi' (flags 000c0781) created successfully
01:12:46.160518 PDMR3Suspend: 772 798 732 ns run time
01:12:46.160571 Changing the VM state from 'SUSPENDING' to 'SUSPENDED'
01:12:46.160598 Console: Machine state changed to 'Paused'
01:12:53.946283 Resuming VM execution, reason 'host resume'
01:12:53.946391 Changing the VM state from 'SUSPENDED' to 'RESUMING'
01:12:53.946562 AIOMgr: Endpoint for file '/home/harsh/Downloads/CNLab/lab7/lab7_network/VMImages/h1/Snapshots/{7d7fa6f6-1a12-4a0e-b1df-878a902151ed}.vdi' (flags 000c0723) created successfully
01:12:53.966578 NAT: Link down
01:12:53.966615 Changing the VM state from 'RESUMING' to 'RUNNING'
01:12:53.966629 Console: Machine state changed to 'Running'
01:12:56.966984 NAT: Link up
01:12:56.967022 NAT: resolv.conf: nameserver 127.0.0.53
01:12:56.967030 NAT: resolv.conf: ignoring "options edns0 trust-ad"
01:12:56.967037 NAT: DNS server 127.0.0.53 registration detected, switching to the DNS proxy
01:12:56.967041 NAT: DNS#0: 127.0.0.53
03:43:15.424619 Pausing VM execution, reason 'host suspend'
03:43:15.513972 Changing the VM state from 'RUNNING' to 'SUSPENDING'
03:43:15.768799 AIOMgr: Endpoint for file '/home/harsh/Downloads/CNLab/lab7/lab7_network/VMImages/h1/Snapshots/{7d7fa6f6-1a12-4a0e-b1df-878a902151ed}.vdi' (flags 000c0781) created successfully
03:43:15.978530 PDMR3Suspend: 464 512 688 ns run time
03:43:15.978581 Changing the VM state from 'SUSPENDING' to 'SUSPENDED'
03:43:15.978610 Console: Machine state changed to 'Paused'
03:43:22.370080 Resuming VM execution, reason 'host resume'
03:43:22.370254 Changing the VM state from 'SUSPENDED' to 'RESUMING'
03:43:22.370510 AIOMgr: Endpoint for file '/home/harsh/Downloads/CNLab/lab7/lab7_network/VMImages/h1/Snapshots/{7d7fa6f6-1a12-4a0e-b1df-878a902151ed}.vdi' (flags 000c0723) created successfully
03:43:22.635777 NAT: resolv.conf: nameserver 127.0.0.53
03:43:22.635797 NAT: resolv.conf: ignoring "options edns0 trust-ad"
03:43:22.635812 NAT: DNS#0: 127.0.0.53
03:43:22.635845 Changing the VM state from 'RESUMING' to 'RUNNING'
03:43:22.635872 Console: Machine state changed to 'Running'
05:04:55.793275 Pausing VM execution, reason 'host suspend'
05:04:55.898381 Changing the VM state from 'RUNNING' to 'SUSPENDING'
05:04:56.313241 AIOMgr: Endpoint for file '/home/harsh/Downloads/CNLab/lab7/lab7_network/VMImages/h1/Snapshots/{7d7fa6f6-1a12-4a0e-b1df-878a902151ed}.vdi' (flags 000c0781) created successfully
05:04:56.491646 PDMR3Suspend: 593 189 347 ns run time
05:04:56.491698 Changing the VM state from 'SUSPENDING' to 'SUSPENDED'
05:04:56.491728 Console: Machine state changed to 'Paused'
05:05:07.718217 Resuming VM execution, reason 'host resume'
05:05:07.718365 Changing the VM state from 'SUSPENDED' to 'RESUMING'
05:05:07.718619 AIOMgr: Endpoint for file '/home/harsh/Downloads/CNLab/lab7/lab7_network/VMImages/h1/Snapshots/{7d7fa6f6-1a12-4a0e-b1df-878a902151ed}.vdi' (flags 000c0723) created successfully
05:05:08.007392 NAT: resolv.conf: nameserver 127.0.0.53
05:05:08.007461 NAT: resolv.conf: ignoring "options edns0 trust-ad"
05:05:08.007533 Changing the VM state from 'RESUMING' to 'RUNNING'
05:05:08.007607 NAT: DNS#0: 127.0.0.53
05:05:08.007650 Console: Machine state changed to 'Running'
05:45:49.990293 Pausing VM execution, reason 'host suspend'
05:45:49.990476 Changing the VM state from 'RUNNING' to 'SUSPENDING'
05:45:50.195230 AIOMgr: Endpoint for file '/home/harsh/Downloads/CNLab/lab7/lab7_network/VMImages/h1/Snapshots/{7d7fa6f6-1a12-4a0e-b1df-878a902151ed}.vdi' (flags 000c0781) created successfully
05:45:50.352885 PDMR3Suspend: 362 338 914 ns run time
05:45:50.352939 Changing the VM state from 'SUSPENDING' to 'SUSPENDED'
05:45:50.352966 Console: Machine state changed to 'Paused'
05:45:59.150960 Resuming VM execution, reason 'host resume'
05:45:59.151017 Changing the VM state from 'SUSPENDED' to 'RESUMING'
05:45:59.151203 AIOMgr: Endpoint for file '/home/harsh/Downloads/CNLab/lab7/lab7_network/VMImages/h1/Snapshots/{7d7fa6f6-1a12-4a0e-b1df-878a902151ed}.vdi' (flags 000c0723) created successfully
05:45:59.385711 Changing the VM state from 'RESUMING' to 'RUNNING'
05:45:59.385732 Console: Machine state changed to 'Running'
05:45:59.385778 NAT: resolv.conf: nameserver 127.0.0.53
05:45:59.385794 NAT: resolv.conf: ignoring "options edns0 trust-ad"
05:45:59.385802 NAT: DNS#0: 127.0.0.53
07:15:11.520940 Pausing VM execution, reason 'host suspend'
07:15:11.521051 Changing the VM state from 'RUNNING' to 'SUSPENDING'
07:15:12.029720 AIOMgr: Endpoint for file '/home/harsh/Downloads/CNLab/lab7/lab7_network/VMImages/h1/Snapshots/{7d7fa6f6-1a12-4a0e-b1df-878a902151ed}.vdi' (flags 000c0781) created successfully
07:15:12.194048 PDMR3Suspend: 672 937 728 ns run time
07:15:12.194070 Changing the VM state from 'SUSPENDING' to 'SUSPENDED'
07:15:12.194081 Console: Machine state changed to 'Paused'
07:15:21.277038 Resuming VM execution, reason 'host resume'
07:15:21.277104 Changing the VM state from 'SUSPENDED' to 'RESUMING'
07:15:21.277297 AIOMgr: Endpoint for file '/home/harsh/Downloads/CNLab/lab7/lab7_network/VMImages/h1/Snapshots/{7d7fa6f6-1a12-4a0e-b1df-878a902151ed}.vdi' (flags 000c0723) created successfully
07:15:21.545735 NAT: resolv.conf: nameserver 127.0.0.53
07:15:21.545750 NAT: resolv.conf: ignoring "options edns0 trust-ad"
07:15:21.545758 NAT: DNS#0: 127.0.0.53
07:15:21.545774 Changing the VM state from 'RESUMING' to 'RUNNING'
07:15:21.545789 Console: Machine state changed to 'Running'
08:05:52.555991 Pausing VM execution, reason 'host suspend'
08:05:52.660196 Changing the VM state from 'RUNNING' to 'SUSPENDING'
08:05:52.799406 AIOMgr: Endpoint for file '/home/harsh/Downloads/CNLab/lab7/lab7_network/VMImages/h1/Snapshots/{7d7fa6f6-1a12-4a0e-b1df-878a902151ed}.vdi' (flags 000c0781) created successfully
08:05:53.066303 PDMR3Suspend: 405 711 886 ns run time
08:05:53.066354 Changing the VM state from 'SUSPENDING' to 'SUSPENDED'
08:05:53.066387 Console: Machine state changed to 'Paused'
08:05:58.673236 Resuming VM execution, reason 'host resume'
08:05:58.673339 Changing the VM state from 'SUSPENDED' to 'RESUMING'
08:05:58.673539 AIOMgr: Endpoint for file '/home/harsh/Downloads/CNLab/lab7/lab7_network/VMImages/h1/Snapshots/{7d7fa6f6-1a12-4a0e-b1df-878a902151ed}.vdi' (flags 000c0723) created successfully
08:05:58.721672 NAT: resolv.conf: nameserver 127.0.0.53
08:05:58.721687 NAT: resolv.conf: ignoring "options edns0 trust-ad"
08:05:58.721693 NAT: DNS#0: 127.0.0.53
08:05:58.721772 Changing the VM state from 'RESUMING' to 'RUNNING'
08:05:58.721787 Console: Machine state changed to 'Running'
