00:00:00.000222 main     VirtualBox XPCOM Server 6.0.6_Ubuntu r129722 linux.amd64 (Apr 16 2019 22:08:12) release log
00:00:00.000225 main     Log opened 2019-09-16T09:47:17.962320000Z
00:00:00.000225 main     Build Type: release
00:00:00.000228 main     OS Product: Linux
00:00:00.000229 main     OS Release: 5.0.0-27-generic
00:00:00.000230 main     OS Version: #28-Ubuntu SMP Tue Aug 20 19:53:07 UTC 2019
00:00:00.000252 main     DMI Product Name: K55VM
00:00:00.000259 main     DMI Product Version: 1.0       
00:00:00.000303 main     Host RAM: 7859MB (7.6GB) total, 3779MB (3.6GB) available
00:00:00.000305 main     Executable: /usr/lib/virtualbox/VBoxSVC
00:00:00.000306 main     Process ID: 6810
00:00:00.000306 main     Package type: LINUX_64BITS_GENERIC (OSE)
00:00:00.001571 main     IPC socket path: /tmp/.vbox-albert-ipc/ipcd
00:00:00.106065 nspr-2   VirtualBox: object creation starts
00:00:00.106203 nspr-2   Home directory: '/home/albert/.config/VirtualBox'
00:00:00.106578 nspr-2   Loading settings file "/home/albert/.config/VirtualBox/VirtualBox.xml" with version "1.12-linux"
00:00:00.116183 nspr-2   NetIfAdpCtlOut: VBoxNetAdpCtl: Error while retrieving link speed for wlp3s0: VBoxNetAdpCtl: ioctl failed: Operation not supported
00:00:00.117094 nspr-2   NAT: resolv.conf: nameserver 127.0.0.53
00:00:00.117128 nspr-2   NAT: resolv.conf: ignoring "options edns0"
00:00:00.117151 nspr-2   HostDnsMonitor::updateInfo
00:00:00.117180 nspr-2   HostDnsMonitor: old information
00:00:00.117189 nspr-2     no server entries
00:00:00.117197 nspr-2     no domain set
00:00:00.117203 nspr-2     no search string entries
00:00:00.117210 nspr-2   HostDnsMonitor: new information
00:00:00.117217 nspr-2     server 1: 127.0.0.53
00:00:00.117225 nspr-2     no domain set
00:00:00.117231 nspr-2     no search string entries
00:00:00.122827 nspr-2   VD: VDInit finished with VINF_SUCCESS
00:00:00.122992 nspr-2   ERROR [COM]: aRC=NS_ERROR_FAILURE (0x80004005) aIID={d55176e5-6730-4e9e-fc1f-a59b1f44f78f} aComponent={SystemPropertiesWrap} aText={Cannot determine default Guest Additions ISO location. Most likely they are not available}, preserve=false aResultDetail=0
00:00:00.130747 nspr-2   Loading settings file "/home/albert/Documents/computer_networks_lab_aug_2019/lab6/lab6_network/VMImages/base/base.vbox" with version "1.16-linux"
00:00:00.133637 nspr-2   Loading settings file "/home/albert/Documents/computer_networks_lab_aug_2019/lab6/lab6_network/VMImages/h1/h1.vbox" with version "1.16-linux"
00:00:00.134108 nspr-2   Loading settings file "/home/albert/Documents/computer_networks_lab_aug_2019/lab6/lab6_network/VMImages/r1/r1.vbox" with version "1.16-linux"
00:00:00.134600 nspr-2   Loading settings file "/home/albert/Documents/computer_networks_lab_aug_2019/lab6/lab6_network/VMImages/r2/r2.vbox" with version "1.16-linux"
00:00:00.135183 nspr-2   VirtualBox: object created
00:00:00.300172 nspr-3   WARNING [COM]: aRC=NS_ERROR_FAILURE (0x80004005) aIID={dbe11e5f-7f10-46e7-94c4-1e95bf4b6627} aComponent={HostWrap} aText={VirtualBox is not currently allowed to access USB devices.  You can change this by adding your user to the 'vboxusers' group.  Please see the user manual for a more detailed explanation}, preserve=true  aResultDetail=0
00:00:02.804176 nspr-2   WARNING [COM]: aRC=NS_ERROR_FAILURE (0x80004005) aIID={dbe11e5f-7f10-46e7-94c4-1e95bf4b6627} aComponent={HostWrap} aText={VirtualBox is not currently allowed to access USB devices.  You can change this by adding your user to the 'vboxusers' group.  Please see the user manual for a more detailed explanation}, preserve=true  aResultDetail=0
00:00:05.232632 nspr-2   WARNING [COM]: aRC=NS_ERROR_FAILURE (0x80004005) aIID={dbe11e5f-7f10-46e7-94c4-1e95bf4b6627} aComponent={HostWrap} aText={VirtualBox is not currently allowed to access USB devices.  You can change this by adding your user to the 'vboxusers' group.  Please see the user manual for a more detailed explanation}, preserve=true  aResultDetail=0
00:00:10.203821 nspr-3   WARNING [COM]: aRC=NS_ERROR_FAILURE (0x80004005) aIID={dbe11e5f-7f10-46e7-94c4-1e95bf4b6627} aComponent={HostWrap} aText={VirtualBox is not currently allowed to access USB devices.  You can change this by adding your user to the 'vboxusers' group.  Please see the user manual for a more detailed explanation}, preserve=true  aResultDetail=0
00:00:10.309907 nspr-4   WARNING [COM]: aRC=NS_ERROR_FAILURE (0x80004005) aIID={dbe11e5f-7f10-46e7-94c4-1e95bf4b6627} aComponent={HostWrap} aText={VirtualBox is not currently allowed to access USB devices.  You can change this by adding your user to the 'vboxusers' group.  Please see the user manual for a more detailed explanation}, preserve=true  aResultDetail=0
00:00:10.310926 nspr-5   WARNING [COM]: aRC=NS_ERROR_FAILURE (0x80004005) aIID={dbe11e5f-7f10-46e7-94c4-1e95bf4b6627} aComponent={HostWrap} aText={VirtualBox is not currently allowed to access USB devices.  You can change this by adding your user to the 'vboxusers' group.  Please see the user manual for a more detailed explanation}, preserve=true  aResultDetail=0
00:00:16.446458 nspr-5   ERROR [COM]: aRC=VBOX_E_INVALID_OBJECT_STATE (0x80bb0007) aIID={5047460a-265d-4538-b23e-ddba5fb84976} aComponent={MachineWrap} aText={The machine 'r1' is already locked by a session (or being locked or unlocked)}, preserve=false aResultDetail=0
00:00:16.758952 nspr-2   WARNING [COM]: aRC=NS_ERROR_FAILURE (0x80004005) aIID={dbe11e5f-7f10-46e7-94c4-1e95bf4b6627} aComponent={HostWrap} aText={VirtualBox is not currently allowed to access USB devices.  You can change this by adding your user to the 'vboxusers' group.  Please see the user manual for a more detailed explanation}, preserve=true  aResultDetail=0
00:00:16.760287 nspr-2   WARNING [COM]: aRC=NS_ERROR_FAILURE (0x80004005) aIID={dbe11e5f-7f10-46e7-94c4-1e95bf4b6627} aComponent={HostWrap} aText={VirtualBox is not currently allowed to access USB devices.  You can change this by adding your user to the 'vboxusers' group.  Please see the user manual for a more detailed explanation}, preserve=true  aResultDetail=0
00:00:16.760725 nspr-2   WARNING [COM]: aRC=NS_ERROR_FAILURE (0x80004005) aIID={dbe11e5f-7f10-46e7-94c4-1e95bf4b6627} aComponent={HostWrap} aText={VirtualBox is not currently allowed to access USB devices.  You can change this by adding your user to the 'vboxusers' group.  Please see the user manual for a more detailed explanation}, preserve=true  aResultDetail=0
00:00:16.760803 nspr-6   ERROR [COM]: aRC=VBOX_E_OBJECT_NOT_FOUND (0x80bb0001) aIID={70401eef-c8e9-466b-9660-45cb3e9979e4} aComponent={ExtPackManagerWrap} aText={No extension pack by the name 'Oracle VM VirtualBox Extension Pack' was found}, preserve=false aResultDetail=0
00:00:16.762301 nspr-2   WARNING [COM]: aRC=NS_ERROR_FAILURE (0x80004005) aIID={dbe11e5f-7f10-46e7-94c4-1e95bf4b6627} aComponent={HostWrap} aText={VirtualBox is not currently allowed to access USB devices.  You can change this by adding your user to the 'vboxusers' group.  Please see the user manual for a more detailed explanation}, preserve=true  aResultDetail=0
00:00:16.850529 nspr-6   WARNING [COM]: aRC=NS_ERROR_FAILURE (0x80004005) aIID={dbe11e5f-7f10-46e7-94c4-1e95bf4b6627} aComponent={HostWrap} aText={VirtualBox is not currently allowed to access USB devices.  You can change this by adding your user to the 'vboxusers' group.  Please see the user manual for a more detailed explanation}, preserve=true  aResultDetail=0
00:00:16.853219 nspr-2   WARNING [COM]: aRC=NS_ERROR_FAILURE (0x80004005) aIID={dbe11e5f-7f10-46e7-94c4-1e95bf4b6627} aComponent={HostWrap} aText={VirtualBox is not currently allowed to access USB devices.  You can change this by adding your user to the 'vboxusers' group.  Please see the user manual for a more detailed explanation}, preserve=true  aResultDetail=0
00:00:16.897279 nspr-2   ERROR [COM]: aRC=VBOX_E_IPRT_ERROR (0x80bb0005) aIID={5047460a-265d-4538-b23e-ddba5fb84976} aComponent={SessionMachine} aText={Saved screenshot data is not available (VERR_NOT_SUPPORTED)}, preserve=false aResultDetail=-37
00:00:16.990334 nspr-6   WARNING [COM]: aRC=NS_ERROR_FAILURE (0x80004005) aIID={dbe11e5f-7f10-46e7-94c4-1e95bf4b6627} aComponent={HostWrap} aText={VirtualBox is not currently allowed to access USB devices.  You can change this by adding your user to the 'vboxusers' group.  Please see the user manual for a more detailed explanation}, preserve=true  aResultDetail=0
00:00:16.991757 nspr-3   WARNING [COM]: aRC=NS_ERROR_FAILURE (0x80004005) aIID={dbe11e5f-7f10-46e7-94c4-1e95bf4b6627} aComponent={HostWrap} aText={VirtualBox is not currently allowed to access USB devices.  You can change this by adding your user to the 'vboxusers' group.  Please see the user manual for a more detailed explanation}, preserve=true  aResultDetail=0
00:00:17.002353 nspr-3   NetIfAdpCtlOut: VBoxNetAdpCtl: Error while retrieving link speed for wlp3s0: VBoxNetAdpCtl: ioctl failed: Operation not supported
00:01:13.835662 nspr-7   Saving settings file "/home/albert/Documents/computer_networks_lab_aug_2019/lab6/lab6_network/VMImages/h1/h1.vbox" with version "1.16-linux"
00:01:15.036503 nspr-5   WARNING [COM]: aRC=NS_ERROR_FAILURE (0x80004005) aIID={dbe11e5f-7f10-46e7-94c4-1e95bf4b6627} aComponent={HostWrap} aText={VirtualBox is not currently allowed to access USB devices.  You can change this by adding your user to the 'vboxusers' group.  Please see the user manual for a more detailed explanation}, preserve=true  aResultDetail=0
00:01:15.037340 nspr-9   WARNING [COM]: aRC=NS_ERROR_FAILURE (0x80004005) aIID={dbe11e5f-7f10-46e7-94c4-1e95bf4b6627} aComponent={HostWrap} aText={VirtualBox is not currently allowed to access USB devices.  You can change this by adding your user to the 'vboxusers' group.  Please see the user manual for a more detailed explanation}, preserve=true  aResultDetail=0
00:01:15.485709 nspr-9   Saving settings file "/home/albert/Documents/computer_networks_lab_aug_2019/lab6/lab6_network/VMImages/r1/r1.vbox" with version "1.16-linux"
00:01:15.588922 nspr-3   ERROR [COM]: aRC=E_ACCESSDENIED (0x80070005) aIID={5047460a-265d-4538-b23e-ddba5fb84976} aComponent={SessionMachine} aText={The object is not ready}, preserve=false aResultDetail=0
00:01:15.589934 nspr-8   ERROR [COM]: aRC=E_ACCESSDENIED (0x80070005) aIID={5047460a-265d-4538-b23e-ddba5fb84976} aComponent={SessionMachine} aText={The object is not ready}, preserve=false aResultDetail=0
00:01:15.664389 nspr-3   WARNING [COM]: aRC=NS_ERROR_FAILURE (0x80004005) aIID={dbe11e5f-7f10-46e7-94c4-1e95bf4b6627} aComponent={HostWrap} aText={VirtualBox is not currently allowed to access USB devices.  You can change this by adding your user to the 'vboxusers' group.  Please see the user manual for a more detailed explanation}, preserve=true  aResultDetail=0
00:01:15.665382 nspr-2   WARNING [COM]: aRC=NS_ERROR_FAILURE (0x80004005) aIID={dbe11e5f-7f10-46e7-94c4-1e95bf4b6627} aComponent={HostWrap} aText={VirtualBox is not currently allowed to access USB devices.  You can change this by adding your user to the 'vboxusers' group.  Please see the user manual for a more detailed explanation}, preserve=true  aResultDetail=0
00:01:16.039682 nspr-5   WARNING [COM]: aRC=NS_ERROR_FAILURE (0x80004005) aIID={dbe11e5f-7f10-46e7-94c4-1e95bf4b6627} aComponent={HostWrap} aText={VirtualBox is not currently allowed to access USB devices.  You can change this by adding your user to the 'vboxusers' group.  Please see the user manual for a more detailed explanation}, preserve=true  aResultDetail=0
00:01:16.040435 nspr-9   WARNING [COM]: aRC=NS_ERROR_FAILURE (0x80004005) aIID={dbe11e5f-7f10-46e7-94c4-1e95bf4b6627} aComponent={HostWrap} aText={VirtualBox is not currently allowed to access USB devices.  You can change this by adding your user to the 'vboxusers' group.  Please see the user manual for a more detailed explanation}, preserve=true  aResultDetail=0
00:01:17.140538 nspr-5   Saving settings file "/home/albert/Documents/computer_networks_lab_aug_2019/lab6/lab6_network/VMImages/r2/r2.vbox" with version "1.16-linux"
